nohup: ignoring input
Epoch: 1
Train_acc: 0.12440405244338498
Train_loss: 3.5184402465820312
Test_acc: 0.1141109785202864
Global_step: 840
Epoch: 2
Train_acc: 0.1369561978545888
Train_loss: 2.959341287612915
Test_acc: 0.11351431980906922
Global_step: 1679
Epoch: 3
Train_acc: 0.13948897497020263
Train_loss: 3.3426032066345215
Test_acc: 0.11418556085918855
Global_step: 2518
Epoch: 4
Train_acc: 0.13982419547079858
Train_loss: 3.159841775894165
Test_acc: 0.11023269689737471
Global_step: 3357
Epoch: 5
Train_acc: 0.1415747914183552
Train_loss: 3.057272434234619
Test_acc: 0.12074880668257756
Global_step: 4196
Epoch: 6
Train_acc: 0.14608164481525626
Train_loss: 2.9709413051605225
Test_acc: 0.11500596658711217
Global_step: 5035
Epoch: 7
Train_acc: 0.14928486293206197
Train_loss: 2.7814877033233643
Test_acc: 0.12037589498806682
Global_step: 5874
Epoch: 8
Train_acc: 0.15900625744934446
Train_loss: 3.193701982498169
Test_acc: 0.10434069212410502
Global_step: 6713
Epoch: 9
Train_acc: 0.16451877234803336
Train_loss: 2.874724864959717
Test_acc: 0.12015214797136038
Global_step: 7552
Epoch: 10
Train_acc: 0.17651221692491062
Train_loss: 2.8102126121520996
Test_acc: 0.11880966587112173
Global_step: 8391
Epoch: 11
Train_acc: 0.18481823599523242
Train_loss: 2.8246569633483887
Test_acc: 0.11903341288782816
Global_step: 9230
Epoch: 12
Train_acc: 0.19334773539928488
Train_loss: 3.1366500854492188
Test_acc: 0.13566527446300716
Global_step: 10069
Epoch: 13
Train_acc: 0.19845053635280097
Train_loss: 2.9772541522979736
Test_acc: 0.14446599045346062
Global_step: 10908
Epoch: 14
Train_acc: 0.20213796185935637
Train_loss: 2.8899905681610107
Test_acc: 0.13156324582338902
Global_step: 11747
Epoch: 15
Train_acc: 0.21174761620977353
Train_loss: 3.4167075157165527
Test_acc: 0.11709427207637231
Global_step: 12586
Epoch: 16
Train_acc: 0.21472735399284862
Train_loss: 3.178706407546997
Test_acc: 0.14200477326968974
Global_step: 13425
Epoch: 17
Train_acc: 0.21640345649582837
Train_loss: 2.699493885040283
Test_acc: 0.1351431980906921
Global_step: 14264
Epoch: 18
Train_acc: 0.22132002383790225
Train_loss: 3.105012893676758
Test_acc: 0.12507458233890215
Global_step: 15103
Epoch: 19
Train_acc: 0.22351758045292014
Train_loss: 2.5946593284606934
Test_acc: 0.1480459427207637
Global_step: 15942
Epoch: 20
Train_acc: 0.22876936829559
Train_loss: 2.7402029037475586
Test_acc: 0.13872315035799523
Global_step: 16781
Epoch: 21
Train_acc: 0.2288811084624553
Train_loss: 3.0833210945129395
Test_acc: 0.14923926014319808
Global_step: 17620
Epoch: 22
Train_acc: 0.23294100119189512
Train_loss: 2.3327088356018066
Test_acc: 0.14647971360381862
Global_step: 18459
Epoch: 23
Train_acc: 0.23647943980929678
Train_loss: 2.573085308074951
Test_acc: 0.1487917661097852
Global_step: 19298
Epoch: 24
Train_acc: 0.23681466030989273
Train_loss: 3.4342031478881836
Test_acc: 0.13163782816229117
Global_step: 20137
Epoch: 25
Train_acc: 0.24080005959475567
Train_loss: 2.8149890899658203
Test_acc: 0.15229713603818615
Global_step: 20976
Epoch: 26
Train_acc: 0.24120977353992848
Train_loss: 3.2414684295654297
Test_acc: 0.14819510739856803
Global_step: 21815
Epoch: 27
Train_acc: 0.24437574493444578
Train_loss: 3.286088705062866
Test_acc: 0.14961217183770883
Global_step: 22654
Epoch: 28
Train_acc: 0.24698301549463647
Train_loss: 2.7285044193267822
Test_acc: 0.1495375894988067
Global_step: 23493
Epoch: 29
Train_acc: 0.24929231227651966
Train_loss: 2.281318187713623
Test_acc: 0.14782219570405727
Global_step: 24332
Epoch: 30
Train_acc: 0.25253277711561384
Train_loss: 3.0266616344451904
Test_acc: 0.15714498806682578
Global_step: 25171
Epoch: 31
Train_acc: 0.2540598927294398
Train_loss: 2.7497239112854004
Test_acc: 0.14439140811455847
Global_step: 26010
Epoch: 32
Train_acc: 0.25644368295589987
Train_loss: 2.7366678714752197
Test_acc: 0.1529683770883055
Global_step: 26849
Epoch: 33
Train_acc: 0.2567416567342074
Train_loss: 2.4668328762054443
Test_acc: 0.15214797136038186
Global_step: 27688
Epoch: 34
Train_acc: 0.25934892729439807
Train_loss: 2.9717040061950684
Test_acc: 0.15073090692124105
Global_step: 28527
Epoch: 35
Train_acc: 0.26307359952324194
Train_loss: 2.8194327354431152
Test_acc: 0.1420793556085919
Global_step: 29366
Epoch: 36
Train_acc: 0.26325983313468415
Train_loss: 2.8436498641967773
Test_acc: 0.13469570405727924
Global_step: 30205
Epoch: 37
Train_acc: 0.26482419547079855
Train_loss: 2.359048843383789
Test_acc: 0.15274463007159905
Global_step: 31044
Epoch: 38
Train_acc: 0.2682136471990465
Train_loss: 2.396921396255493
Test_acc: 0.14909009546539378
Global_step: 31883
Epoch: 39
Train_acc: 0.26981525625744934
Train_loss: 3.1446495056152344
Test_acc: 0.13909606205250596
Global_step: 32722
Epoch: 40
Train_acc: 0.272757747318236
Train_loss: 2.8925604820251465
Test_acc: 0.1526700477326969
Global_step: 33561
Epoch: 41
Train_acc: 0.2710071513706794
Train_loss: 2.294947385787964
Test_acc: 0.1506563245823389
Global_step: 34400
Epoch: 42
Train_acc: 0.2746945768772348
Train_loss: 2.650588035583496
Test_acc: 0.15386336515513127
Global_step: 35239
Epoch: 43
Train_acc: 0.27804678188319426
Train_loss: 2.8743960857391357
Test_acc: 0.15848747016706444
Global_step: 36078
Epoch: 44
Train_acc: 0.28147348033373065
Train_loss: 2.9262542724609375
Test_acc: 0.15460918854415273
Global_step: 36917
Epoch: 45
Train_acc: 0.28110101311084623
Train_loss: 2.6177995204925537
Test_acc: 0.14364558472553698
Global_step: 37756
Epoch: 46
Train_acc: 0.28370828367103695
Train_loss: 2.8050472736358643
Test_acc: 0.15632458233890215
Global_step: 38595
Epoch: 47
Train_acc: 0.28460220500595945
Train_loss: 2.865288496017456
Test_acc: 0.16161992840095465
Global_step: 39434
Epoch: 48
Train_acc: 0.2863528009535161
Train_loss: 2.850844144821167
Test_acc: 0.1548329355608592
Global_step: 40273
Epoch: 49
Train_acc: 0.2861665673420739
Train_loss: 3.045870542526245
Test_acc: 0.15416169451073986
Global_step: 41112
Epoch: 50
Train_acc: 0.28735846245530394
Train_loss: 2.44643235206604
Test_acc: 0.15393794749403342
Global_step: 41951
Epoch: 51
Train_acc: 0.2915673420738975
Train_loss: 2.450226306915283
Test_acc: 0.15259546539379476
Global_step: 42790
Epoch: 52
Train_acc: 0.2917908224076281
Train_loss: 2.0678184032440186
Test_acc: 0.1526700477326969
Global_step: 43629
Epoch: 53
Train_acc: 0.2953292610250298
Train_loss: 2.257692575454712
Test_acc: 0.15856205250596658
Global_step: 44468
Epoch: 54
Train_acc: 0.2969681168057211
Train_loss: 2.9186460971832275
Test_acc: 0.15587708830548927
Global_step: 45307
Epoch: 55
Train_acc: 0.2994636471990465
Train_loss: 2.5415992736816406
Test_acc: 0.15028341288782815
Global_step: 46146
Epoch: 56
Train_acc: 0.30214541120381405
Train_loss: 2.369145154953003
Test_acc: 0.15945704057279236
Global_step: 46985
Epoch: 57
Train_acc: 0.300692789034565
Train_loss: 2.5661983489990234
Test_acc: 0.1595316229116945
Global_step: 47824
Epoch: 58
Train_acc: 0.30315107270560193
Train_loss: 2.644697666168213
Test_acc: 0.13506861575178997
Global_step: 48663
Epoch: 59
Train_acc: 0.3089243146603099
Train_loss: 2.220750570297241
Test_acc: 0.16132159904534607
Global_step: 49502
Epoch: 60
Train_acc: 0.30724821215733017
Train_loss: 2.4203147888183594
Test_acc: 0.16340990453460622
Global_step: 50341
Epoch: 61
Train_acc: 0.31011620977353993
Train_loss: 2.8465490341186523
Test_acc: 0.15729415274463007
Global_step: 51180
Epoch: 62
Train_acc: 0.3113453516090584
Train_loss: 2.394050359725952
Test_acc: 0.1548329355608592
Global_step: 52019
Epoch: 63
Train_acc: 0.3120902860548272
Train_loss: 2.9590351581573486
Test_acc: 0.1610978520286396
Global_step: 52858
Epoch: 64
Train_acc: 0.3153307508939213
Train_loss: 2.237978458404541
Test_acc: 0.16221658711217185
Global_step: 53697
Epoch: 65
Train_acc: 0.31860846245530394
Train_loss: 2.669957160949707
Test_acc: 0.1635590692124105
Global_step: 54536
Epoch: 66
Train_acc: 0.31711859356376637
Train_loss: 2.2925405502319336
Test_acc: 0.16408114558472553
Global_step: 55375
Epoch: 67
Train_acc: 0.3168951132300358
Train_loss: 2.4029793739318848
Test_acc: 0.17034606205250596
Global_step: 56214
Epoch: 68
Train_acc: 0.3206942789034565
Train_loss: 2.2963695526123047
Test_acc: 0.16408114558472553
Global_step: 57053
Epoch: 69
Train_acc: 0.3222958879618594
Train_loss: 2.4980928897857666
Test_acc: 0.1616945107398568
Global_step: 57892
Epoch: 70
Train_acc: 0.3235622765196663
Train_loss: 2.610280990600586
Test_acc: 0.15692124105011934
Global_step: 58731
Epoch: 71
Train_acc: 0.3280318831942789
Train_loss: 2.3573474884033203
Test_acc: 0.1685560859188544
Global_step: 59570
Epoch: 72
Train_acc: 0.3278084028605483
Train_loss: 2.7470922470092773
Test_acc: 0.15304295942720764
Global_step: 60409
Epoch: 73
Train_acc: 0.3297079856972586
Train_loss: 2.2620182037353516
Test_acc: 0.17004773269689738
Global_step: 61248
Epoch: 74
Train_acc: 0.3257970798569726
Train_loss: 2.4286673069000244
Test_acc: 0.16967482100238662
Global_step: 62087
Epoch: 75
Train_acc: 0.3324642431466031
Train_loss: 2.3874354362487793
Test_acc: 0.1684069212410501
Global_step: 62926
Epoch: 76
Train_acc: 0.3328367103694875
Train_loss: 2.282801389694214
Test_acc: 0.1638573985680191
Global_step: 63765
Epoch: 77
Train_acc: 0.3363379022646007
Train_loss: 2.6875243186950684
Test_acc: 0.17250894988066826
Global_step: 64604
Epoch: 78
Train_acc: 0.3347735399284863
Train_loss: 2.286939859390259
Test_acc: 0.15446002386634844
Global_step: 65443
Epoch: 79
Train_acc: 0.3355184743742551
Train_loss: 2.5705697536468506
Test_acc: 0.16982398568019094
Global_step: 66282
Epoch: 80
Train_acc: 0.336784862932062
Train_loss: 2.6656076908111572
Test_acc: 0.16654236276849643
Global_step: 67121
Epoch: 81
Train_acc: 0.33782777115613827
Train_loss: 2.394784450531006
Test_acc: 0.16139618138424822
Global_step: 67960
Epoch: 82
Train_acc: 0.34006257449344457
Train_loss: 2.4463205337524414
Test_acc: 0.15625
Global_step: 68799
Epoch: 83
Train_acc: 0.3416641835518474
Train_loss: 2.6692256927490234
Test_acc: 0.17340393794749404
Global_step: 69638
Epoch: 84
Train_acc: 0.34445768772348034
Train_loss: 2.0935795307159424
Test_acc: 0.17049522673031026
Global_step: 70477
Epoch: 85
Train_acc: 0.34695321811680574
Train_loss: 2.599257469177246
Test_acc: 0.17139021479713604
Global_step: 71316
Epoch: 86
Train_acc: 0.34479290822407627
Train_loss: 2.124633312225342
Test_acc: 0.16937649164677804
Global_step: 72155
Epoch: 87
Train_acc: 0.3470277115613826
Train_loss: 2.5874006748199463
Test_acc: 0.16825775656324582
Global_step: 72994
Epoch: 88
Train_acc: 0.3501564362336114
Train_loss: 2.765918254852295
Test_acc: 0.17668556085918855
Global_step: 73833
Epoch: 89
Train_acc: 0.3484803337306317
Train_loss: 2.2027230262756348
Test_acc: 0.16982398568019094
Global_step: 74672
Epoch: 90
Train_acc: 0.34717669845053634
Train_loss: 2.5404889583587646
Test_acc: 0.16415572792362768
Global_step: 75511
Epoch: 91
Train_acc: 0.35067789034564956
Train_loss: 2.1740503311157227
Test_acc: 0.1691527446300716
Global_step: 76350
Epoch: 92
Train_acc: 0.3498212157330155
Train_loss: 2.4919755458831787
Test_acc: 0.1543854415274463
Global_step: 77189
Epoch: 93
Train_acc: 0.3533224076281287
Train_loss: 2.3959455490112305
Test_acc: 0.1657219570405728
Global_step: 78028
Epoch: 94
Train_acc: 0.3538066150178784
Train_loss: 2.1270592212677
Test_acc: 0.1589349642004773
Global_step: 78867
Epoch: 95
Train_acc: 0.35544547079856975
Train_loss: 2.1496827602386475
Test_acc: 0.16870525059665872
Global_step: 79706
Epoch: 96
Train_acc: 0.35592967818831944
Train_loss: 2.372035026550293
Test_acc: 0.1568466587112172
Global_step: 80545
Epoch: 97
Train_acc: 0.35660011918951134
Train_loss: 2.1429715156555176
Test_acc: 0.17198687350835323
Global_step: 81384
Epoch: 98
Train_acc: 0.3627458283671037
Train_loss: 2.744075059890747
Test_acc: 0.1691527446300716
Global_step: 82223
Epoch: 99
Train_acc: 0.3575685339690107
Train_loss: 1.9622422456741333
Test_acc: 0.16631861575178997
Global_step: 83062
Epoch: 100
Train_acc: 0.36017580452920145
Train_loss: 2.4272677898406982
Test_acc: 0.16982398568019094
Global_step: 83901
Epoch: 101
Train_acc: 0.36270858164481523
Train_loss: 1.894108533859253
Test_acc: 0.17176312649164677
Global_step: 84740
Epoch: 102
Train_acc: 0.36404946364719903
Train_loss: 2.200868606567383
Test_acc: 0.16691527446300716
Global_step: 85579
Epoch: 103
Train_acc: 0.36106972586412395
Train_loss: 2.5182645320892334
Test_acc: 0.1638573985680191
Global_step: 86418
Epoch: 104
Train_acc: 0.3645336710369487
Train_loss: 2.9036030769348145
Test_acc: 0.17019689737470167
Global_step: 87257
Epoch: 105
Train_acc: 0.36464541120381405
Train_loss: 1.836849570274353
Test_acc: 0.1707189737470167
Global_step: 88096
Epoch: 106
Train_acc: 0.36755065554231225
Train_loss: 2.1632626056671143
Test_acc: 0.17295644391408116
Global_step: 88935
Epoch: 107
Train_acc: 0.36565107270560193
Train_loss: 2.144083261489868
Test_acc: 0.16221658711217185
Global_step: 89774
Epoch: 108
Train_acc: 0.36464541120381405
Train_loss: 2.806903600692749
Test_acc: 0.16907816229116945
Global_step: 90613
Epoch: 109
Train_acc: 0.36740166865315854
Train_loss: 2.6102404594421387
Test_acc: 0.16684069212410502
Global_step: 91452
Epoch: 110
Train_acc: 0.36974821215733017
Train_loss: 2.120086908340454
Test_acc: 0.16945107398568018
Global_step: 92291
Epoch: 111
Train_acc: 0.3690405244338498
Train_loss: 2.5730037689208984
Test_acc: 0.1760143198090692
Global_step: 93130
Epoch: 112
Train_acc: 0.36814660309892727
Train_loss: 2.755613327026367
Test_acc: 0.16781026252983294
Global_step: 93969
Epoch: 113
Train_acc: 0.3723927294398093
Train_loss: 2.523834705352783
Test_acc: 0.16654236276849643
Global_step: 94808
Epoch: 114
Train_acc: 0.37347288438617404
Train_loss: 1.8760451078414917
Test_acc: 0.17720763723150357
Global_step: 95647
Epoch: 115
Train_acc: 0.37213200238379024
Train_loss: 2.4412591457366943
Test_acc: 0.15960620525059666
Global_step: 96486
Epoch: 116
Train_acc: 0.3751862336114422
Train_loss: 2.2413017749786377
Test_acc: 0.1644540572792363
Global_step: 97325
Epoch: 117
Train_acc: 0.37745828367103695
Train_loss: 2.364640712738037
Test_acc: 0.16333532219570407
Global_step: 98164
Epoch: 118
Train_acc: 0.3753352205005959
Train_loss: 2.364938735961914
Test_acc: 0.16549821002386636
Global_step: 99003
Epoch: 119
Train_acc: 0.3762663885578069
Train_loss: 2.110377550125122
Test_acc: 0.16430489260143197
Global_step: 99842
Epoch: 120
Train_acc: 0.38054976162097737
Train_loss: 2.3173928260803223
Test_acc: 0.1740005966587112
Global_step: 100681
Epoch: 121
Train_acc: 0.3794323599523242
Train_loss: 2.4957783222198486
Test_acc: 0.16669152744630072
Global_step: 101520
Epoch: 122
Train_acc: 0.37861293206197855
Train_loss: 2.416942596435547
Test_acc: 0.1704206443914081
Global_step: 102359
Epoch: 123
Train_acc: 0.38211412395709177
Train_loss: 2.068983316421509
Test_acc: 0.16176909307875895
Global_step: 103198
Epoch: 124
Train_acc: 0.3811829558998808
Train_loss: 2.151289701461792
Test_acc: 0.1704206443914081
Global_step: 104037
Epoch: 125
Train_acc: 0.3779052443384982
Train_loss: 2.32452392578125
Test_acc: 0.17355310262529833
Global_step: 104876
Epoch: 126
Train_acc: 0.3821513706793802
Train_loss: 2.0055830478668213
Test_acc: 0.1705698090692124
Global_step: 105715
Epoch: 127
Train_acc: 0.38177890345649584
Train_loss: 2.3070600032806396
Test_acc: 0.16967482100238662
Global_step: 106554
Epoch: 128
Train_acc: 0.3841626936829559
Train_loss: 2.3191888332366943
Test_acc: 0.16661694510739858
Global_step: 107393
Epoch: 129
Train_acc: 0.38632300357568533
Train_loss: 2.0425283908843994
Test_acc: 0.16564737470167065
Global_step: 108232
Epoch: 130
Train_acc: 0.3864719904648391
Train_loss: 2.0718533992767334
Test_acc: 0.16348448687350836
Global_step: 109071
Epoch: 131
Train_acc: 0.38278456495828367
Train_loss: 2.2087414264678955
Test_acc: 0.1705698090692124
Global_step: 109910
Epoch: 132
Train_acc: 0.38509386174016685
Train_loss: 2.421538829803467
Test_acc: 0.17347852028639618
Global_step: 110749
Epoch: 133
Train_acc: 0.3877011323003576
Train_loss: 2.3594534397125244
Test_acc: 0.17139021479713604
Global_step: 111588
Epoch: 134
Train_acc: 0.38729141835518477
Train_loss: 1.8801566362380981
Test_acc: 0.16333532219570407
Global_step: 112427
Epoch: 135
Train_acc: 0.3916865315852205
Train_loss: 2.3137896060943604
Test_acc: 0.16467780429594273
Global_step: 113266
Epoch: 136
Train_acc: 0.39068087008343266
Train_loss: 2.7919394969940186
Test_acc: 0.16147076372315036
Global_step: 114105
Epoch: 137
Train_acc: 0.3906436233611442
Train_loss: 2.746431350708008
Test_acc: 0.16691527446300716
Global_step: 114944
Epoch: 138
Train_acc: 0.3909043504171633
Train_loss: 2.333787202835083
Test_acc: 0.16684069212410502
Global_step: 115783
Epoch: 139
Train_acc: 0.3931019070321812
Train_loss: 2.075338363647461
Test_acc: 0.17690930787589498
Global_step: 116622
Epoch: 140
Train_acc: 0.39109058402860547
Train_loss: 2.350623607635498
Test_acc: 0.16519988066825775
Global_step: 117461
Epoch: 141
Train_acc: 0.39395858164481523
Train_loss: 2.6536338329315186
Test_acc: 0.15818914081145585
Global_step: 118300
Epoch: 142
Train_acc: 0.3948525029797378
Train_loss: 2.043642044067383
Test_acc: 0.16669152744630072
Global_step: 119139
Epoch: 143
Train_acc: 0.39109058402860547
Train_loss: 2.5528078079223633
Test_acc: 0.1675865155131265
Global_step: 119978
Epoch: 144
Train_acc: 0.3933626340882002
Train_loss: 2.5544209480285645
Test_acc: 0.16833233890214797
Global_step: 120817
Epoch: 145
Train_acc: 0.3989123957091776
Train_loss: 2.6359095573425293
Test_acc: 0.18302505966587113
Global_step: 121656
Epoch: 146
Train_acc: 0.39887514898688914
Train_loss: 2.2176320552825928
Test_acc: 0.17019689737470167
Global_step: 122495
Epoch: 147
Train_acc: 0.398949642431466
Train_loss: 2.658195972442627
Test_acc: 0.1657219570405728
Global_step: 123334
Epoch: 148
Train_acc: 0.3964541120381406
Train_loss: 2.4383022785186768
Test_acc: 0.1671390214797136
Global_step: 124173
Epoch: 149
Train_acc: 0.39980631704410013
Train_loss: 2.390648365020752
Test_acc: 0.17086813842482101
Global_step: 125012
Epoch: 150
Train_acc: 0.3994338498212157
Train_loss: 2.5648059844970703
Test_acc: 0.1820554892601432
Global_step: 125851
Epoch: 151
Train_acc: 0.4013334326579261
Train_loss: 2.127919912338257
Test_acc: 0.16661694510739858
Global_step: 126690
Epoch: 152
Train_acc: 0.402935041716329
Train_loss: 1.7897075414657593
Test_acc: 0.1731801909307876
Global_step: 127529
Epoch: 153
Train_acc: 0.4030095351609058
Train_loss: 2.2066874504089355
Test_acc: 0.16579653937947494
Global_step: 128368
Epoch: 154
Train_acc: 0.40271156138259834
Train_loss: 1.8555673360824585
Test_acc: 0.16736276849642004
Global_step: 129207
Epoch: 155
Train_acc: 0.40803784266984505
Train_loss: 2.3369433879852295
Test_acc: 0.1690035799522673
Global_step: 130046
Epoch: 156
Train_acc: 0.4025253277711561
Train_loss: 2.4158787727355957
Test_acc: 0.17265811455847255
Global_step: 130885
Epoch: 157
Train_acc: 0.4072556615017878
Train_loss: 2.825701951980591
Test_acc: 0.1719122911694511
Global_step: 131724
Epoch: 158
Train_acc: 0.40610101311084623
Train_loss: 2.2835118770599365
Test_acc: 0.16214200477326968
Global_step: 132563
Epoch: 159
Train_acc: 0.40531883194278906
Train_loss: 2.2265501022338867
Test_acc: 0.17526849642004774
Global_step: 133402
Epoch: 160
Train_acc: 0.4063617401668653
Train_loss: 2.2186574935913086
Test_acc: 0.1907816229116945
Global_step: 134241
Epoch: 161
Train_acc: 0.40870828367103695
Train_loss: 2.1037373542785645
Test_acc: 0.17638723150357996
Global_step: 135080
Epoch: 162
Train_acc: 0.4079261025029797
Train_loss: 1.7210180759429932
Test_acc: 0.1705698090692124
Global_step: 135919
Epoch: 163
Train_acc: 0.4085592967818832
Train_loss: 2.2587203979492188
Test_acc: 0.17004773269689738
Global_step: 136758
Epoch: 164
Train_acc: 0.4086710369487485
Train_loss: 1.7365626096725464
Test_acc: 0.17668556085918855
Global_step: 137597
Epoch: 165
Train_acc: 0.40870828367103695
Train_loss: 2.6398203372955322
Test_acc: 0.17526849642004774
Global_step: 138436
Epoch: 166
Train_acc: 0.41142729439809295
Train_loss: 2.9869892597198486
Test_acc: 0.1724343675417661
Global_step: 139275
Epoch: 167
Train_acc: 0.40945321811680574
Train_loss: 2.1925156116485596
Test_acc: 0.1508054892601432
Global_step: 140114
Epoch: 168
Train_acc: 0.4159713945172825
Train_loss: 1.959396481513977
Test_acc: 0.16430489260143197
Global_step: 140953
Epoch: 169
Train_acc: 0.41440703218116803
Train_loss: 2.2849791049957275
Test_acc: 0.17981801909307876
Global_step: 141792
Epoch: 170
Train_acc: 0.4139973182359952
Train_loss: 2.254817008972168
Test_acc: 0.16825775656324582
Global_step: 142631
Epoch: 171
Train_acc: 0.41284266984505363
Train_loss: 2.647632122039795
Test_acc: 0.16751193317422433
Global_step: 143470
Epoch: 172
Train_acc: 0.4151147199046484
Train_loss: 2.1764628887176514
Test_acc: 0.17213603818615753
Global_step: 144309
Epoch: 173
Train_acc: 0.4187276519666269
Train_loss: 2.082426071166992
Test_acc: 0.17094272076372316
Global_step: 145148
Epoch: 174
Train_acc: 0.4161576281287247
Train_loss: 2.387357711791992
Test_acc: 0.17497016706443913
Global_step: 145987
Epoch: 175
Train_acc: 0.41876489868891537
Train_loss: 2.3744051456451416
Test_acc: 0.16960023866348448
Global_step: 146826
Epoch: 176
Train_acc: 0.41693980929678187
Train_loss: 1.6922993659973145
Test_acc: 0.16654236276849643
Global_step: 147665
Epoch: 177
Train_acc: 0.4186159117997616
Train_loss: 2.1716268062591553
Test_acc: 0.1655727923627685
Global_step: 148504
Epoch: 178
Train_acc: 0.4208134684147795
Train_loss: 2.397660493850708
Test_acc: 0.1740005966587112
Global_step: 149343
Epoch: 179
Train_acc: 0.4184669249106079
Train_loss: 2.3084170818328857
Test_acc: 0.17206145584725538
Global_step: 150182
Epoch: 180
Train_acc: 0.4206272348033373
Train_loss: 2.1378324031829834
Test_acc: 0.16967482100238662
Global_step: 151021
Epoch: 181
Train_acc: 0.4224523241954708
Train_loss: 2.124675750732422
Test_acc: 0.17213603818615753
Global_step: 151860
Epoch: 182
Train_acc: 0.4222660905840286
Train_loss: 2.6216554641723633
Test_acc: 0.17750596658711218
Global_step: 152699
Epoch: 183
Train_acc: 0.42073897497020263
Train_loss: 2.2775793075561523
Test_acc: 0.1649761336515513
Global_step: 153538
Epoch: 184
Train_acc: 0.42260131108462456
Train_loss: 2.1963045597076416
Test_acc: 0.17452267303102625
Global_step: 154377
Epoch: 185
Train_acc: 0.4238676996424315
Train_loss: 1.7969006299972534
Test_acc: 0.16326073985680192
Global_step: 155216
Epoch: 186
Train_acc: 0.4251340882002384
Train_loss: 2.271193742752075
Test_acc: 0.17012231503579953
Global_step: 156055
Epoch: 187
Train_acc: 0.42207985697258643
Train_loss: 2.078331708908081
Test_acc: 0.17161396181384247
Global_step: 156894
Epoch: 188
Train_acc: 0.4276668653158522
Train_loss: 2.202918529510498
Test_acc: 0.16161992840095465
Global_step: 157733
Epoch: 189
Train_acc: 0.4272943980929678
Train_loss: 1.809791088104248
Test_acc: 0.17914677804295942
Global_step: 158572
Epoch: 190
Train_acc: 0.42431466030989273
Train_loss: 2.3135757446289062
Test_acc: 0.16706443914081145
Global_step: 159411
Epoch: 191
Train_acc: 0.42640047675804527
Train_loss: 1.9270397424697876
Test_acc: 0.17161396181384247
Global_step: 160250
Epoch: 192
Train_acc: 0.4291939809296782
Train_loss: 2.0888917446136475
Test_acc: 0.17758054892601433
Global_step: 161089
Epoch: 193
Train_acc: 0.4240911799761621
Train_loss: 2.0757877826690674
Test_acc: 0.17221062052505967
Global_step: 161928
Epoch: 194
Train_acc: 0.42848629320619785
Train_loss: 2.0390713214874268
Test_acc: 0.1713156324582339
Global_step: 162767
Epoch: 195
Train_acc: 0.43396156138259834
Train_loss: 1.9851118326187134
Test_acc: 0.1760143198090692
Global_step: 163606
Epoch: 196
Train_acc: 0.42971543504171633
Train_loss: 1.252318024635315
Test_acc: 0.1652744630071599
Global_step: 164445
Epoch: 197
Train_acc: 0.43064660309892727
Train_loss: 2.1285157203674316
Test_acc: 0.1652744630071599
Global_step: 165284
Epoch: 198
Train_acc: 0.4341105482717521
Train_loss: 1.942185401916504
Test_acc: 0.1780280429594272
Global_step: 166123
Epoch: 199
Train_acc: 0.4324344457687723
Train_loss: 2.2036428451538086
Test_acc: 0.16333532219570407
Global_step: 166962
Epoch: 200
Train_acc: 0.43057210965435044
Train_loss: 1.5961214303970337
Test_acc: 0.17571599045346062
Global_step: 167801
Epoch: 201
Train_acc: 0.4346692491060787
Train_loss: 2.246428966522217
Test_acc: 0.17743138424821003
Global_step: 168640
Epoch: 202
Train_acc: 0.43485548271752084
Train_loss: 2.8181192874908447
Test_acc: 0.17407517899761338
Global_step: 169479
Epoch: 203
Train_acc: 0.4370157926102503
Train_loss: 2.161635398864746
Test_acc: 0.17452267303102625
Global_step: 170318
Epoch: 204
Train_acc: 0.433589094159714
Train_loss: 2.310192584991455
Test_acc: 0.17049522673031026
Global_step: 171157
Epoch: 205
Train_acc: 0.4358611442193087
Train_loss: 2.521725654602051
Test_acc: 0.17094272076372316
Global_step: 171996
Epoch: 206
Train_acc: 0.4388408820023838
Train_loss: 1.177245020866394
Test_acc: 0.16646778042959426
Global_step: 172835
Epoch: 207
Train_acc: 0.4347064958283671
Train_loss: 1.8163217306137085
Test_acc: 0.1548329355608592
Global_step: 173674
Epoch: 208
Train_acc: 0.4345202622169249
Train_loss: 1.9815583229064941
Test_acc: 0.16408114558472553
Global_step: 174513
Epoch: 209
Train_acc: 0.4363453516090584
Train_loss: 1.6483184099197388
Test_acc: 0.1698985680190931
Global_step: 175352
Epoch: 210
Train_acc: 0.4370902860548272
Train_loss: 1.78034508228302
Test_acc: 0.16781026252983294
Global_step: 176191
Epoch: 211
Train_acc: 0.43679231227651966
Train_loss: 1.6971633434295654
Test_acc: 0.18235381861575178
Global_step: 177030
Epoch: 212
Train_acc: 0.4387291418355185
Train_loss: 2.3152811527252197
Test_acc: 0.17974343675417662
Global_step: 177869
Epoch: 213
Train_acc: 0.43720202622169246
Train_loss: 1.6751445531845093
Test_acc: 0.17996718377088305
Global_step: 178708
Epoch: 214
Train_acc: 0.4362708581644815
Train_loss: 1.4393953084945679
Test_acc: 0.1684069212410501
Global_step: 179547
Epoch: 215
Train_acc: 0.4376862336114422
Train_loss: 2.564326524734497
Test_acc: 0.17683472553699284
Global_step: 180386
Epoch: 216
Train_acc: 0.4416716328963051
Train_loss: 1.79910147190094
Test_acc: 0.17235978520286396
Global_step: 181225
Epoch: 217
Train_acc: 0.44092669845053634
Train_loss: 1.725246787071228
Test_acc: 0.17422434367541767
Global_step: 182064
Epoch: 218
Train_acc: 0.4412246722288439
Train_loss: 1.965334177017212
Test_acc: 0.16736276849642004
Global_step: 182903
Epoch: 219
Train_acc: 0.44245381406436235
Train_loss: 2.5134122371673584
Test_acc: 0.16467780429594273
Global_step: 183742
Epoch: 220
Train_acc: 0.4403307508939213
Train_loss: 2.2665836811065674
Test_acc: 0.17638723150357996
Global_step: 184581
Epoch: 221
Train_acc: 0.4441671632896305
Train_loss: 2.1310675144195557
Test_acc: 0.17698389021479713
Global_step: 185420
Epoch: 222
Train_acc: 0.44450238379022644
Train_loss: 2.2078843116760254
Test_acc: 0.17705847255369928
Global_step: 186259
Epoch: 223
Train_acc: 0.4442416567342074
Train_loss: 1.7437222003936768
Test_acc: 0.16236575178997614
Global_step: 187098
Epoch: 224
Train_acc: 0.4449120977353993
Train_loss: 2.1050503253936768
Test_acc: 0.17213603818615753
Global_step: 187937
Epoch: 225
Train_acc: 0.44360846245530394
Train_loss: 1.7765026092529297
Test_acc: 0.17213603818615753
Global_step: 188776
Epoch: 226
Train_acc: 0.44394368295589987
Train_loss: 1.927734375
Test_acc: 0.16885441527446302
Global_step: 189615
Epoch: 227
Train_acc: 0.444465137067938
Train_loss: 2.1427175998687744
Test_acc: 0.1690035799522673
Global_step: 190454
Epoch: 228
Train_acc: 0.4471469010727056
Train_loss: 2.400716543197632
Test_acc: 0.16602028639618138
Global_step: 191293
Epoch: 229
Train_acc: 0.44554529201430276
Train_loss: 1.5406209230422974
Test_acc: 0.1663931980906921
Global_step: 192132
Epoch: 230
Train_acc: 0.44576877234803336
Train_loss: 2.1093392372131348
Test_acc: 0.17452267303102625
Global_step: 192971
Epoch: 231
Train_acc: 0.44960518474374256
Train_loss: 1.7005980014801025
Test_acc: 0.1738514319809069
Global_step: 193810
Epoch: 232
Train_acc: 0.45049910607866506
Train_loss: 1.8975543975830078
Test_acc: 0.16781026252983294
Global_step: 194649
Epoch: 233
Train_acc: 0.45016388557806913
Train_loss: 2.149747371673584
Test_acc: 0.17034606205250596
Global_step: 195488
Epoch: 234
Train_acc: 0.45016388557806913
Train_loss: 2.979496479034424
Test_acc: 0.17608890214797135
Global_step: 196327
Epoch: 235
Train_acc: 0.45292014302741357
Train_loss: 1.7951651811599731
Test_acc: 0.17139021479713604
Global_step: 197166
Epoch: 236
Train_acc: 0.4504618593563766
Train_loss: 2.060014247894287
Test_acc: 0.16393198090692124
Global_step: 198005
Epoch: 237
Train_acc: 0.45016388557806913
Train_loss: 2.1584370136260986
Test_acc: 0.17556682577565633
Global_step: 198844
Epoch: 238
Train_acc: 0.4512067938021454
Train_loss: 2.7299976348876953
Test_acc: 0.17235978520286396
Global_step: 199683
Epoch: 239
Train_acc: 0.46033224076281287
Train_loss: 2.1483709812164307
Test_acc: 0.17295644391408116
Global_step: 200522
Epoch: 240
Train_acc: 0.4758268772348033
Train_loss: 1.5724021196365356
Test_acc: 0.1724343675417661
Global_step: 201361
Epoch: 241
Train_acc: 0.4753054231227652
Train_loss: 1.894126057624817
Test_acc: 0.17139021479713604
Global_step: 202200
Epoch: 242
Train_acc: 0.47612485101311086
Train_loss: 1.9637033939361572
Test_acc: 0.17161396181384247
Global_step: 203039
Epoch: 243
Train_acc: 0.4764600715137068
Train_loss: 1.7642457485198975
Test_acc: 0.17541766109785203
Global_step: 203878
Epoch: 244
Train_acc: 0.4785831346841478
Train_loss: 2.3096206188201904
Test_acc: 0.17750596658711218
Global_step: 204717
Epoch: 245
Train_acc: 0.4779126936829559
Train_loss: 1.2391802072525024
Test_acc: 0.17482100238663484
Global_step: 205556
Epoch: 246
Train_acc: 0.47884386174016685
Train_loss: 1.8603624105453491
Test_acc: 0.1733293556085919
Global_step: 206395
Epoch: 247
Train_acc: 0.47564064362336117
Train_loss: 1.7909756898880005
Test_acc: 0.1744480906921241
Global_step: 207234
Epoch: 248
Train_acc: 0.4798122765196663
Train_loss: 1.6452158689498901
Test_acc: 0.1767601431980907
Global_step: 208073
Epoch: 249
Train_acc: 0.4753054231227652
Train_loss: 1.9719693660736084
Test_acc: 0.17579057279236276
Global_step: 208912
Epoch: 250
Train_acc: 0.47891835518474374
Train_loss: 1.7035423517227173
Test_acc: 0.17235978520286396
Global_step: 209751
Epoch: 251
Train_acc: 0.479365315852205
Train_loss: 1.8996998071670532
Test_acc: 0.17556682577565633
Global_step: 210590
Epoch: 252
Train_acc: 0.48007300357568533
Train_loss: 1.939168095588684
Test_acc: 0.17497016706443913
Global_step: 211429
Epoch: 253
Train_acc: 0.4813766388557807
Train_loss: 1.7976890802383423
Test_acc: 0.17907219570405727
Global_step: 212268
Epoch: 254
Train_acc: 0.4796260429082241
Train_loss: 2.1033029556274414
Test_acc: 0.17288186157517899
Global_step: 213107
Epoch: 255
Train_acc: 0.4808179380214541
Train_loss: 2.1393558979034424
Test_acc: 0.17228520286396182
Global_step: 213946
Epoch: 256
Train_acc: 0.4803337306317044
Train_loss: 2.080524206161499
Test_acc: 0.1761634844868735
Global_step: 214785
Epoch: 257
Train_acc: 0.4803337306317044
Train_loss: 1.6235707998275757
Test_acc: 0.1747464200477327
Global_step: 215624
Epoch: 258
Train_acc: 0.481488379022646
Train_loss: 2.114713430404663
Test_acc: 0.1725835322195704
Global_step: 216463
Epoch: 259
Train_acc: 0.4779126936829559
Train_loss: 1.684017300605774
Test_acc: 0.17362768496420047
Global_step: 217302
Epoch: 260
Train_acc: 0.47884386174016685
Train_loss: 1.8436616659164429
Test_acc: 0.17280727923627684
Global_step: 218141
Epoch: 261
Train_acc: 0.4818608462455304
Train_loss: 1.5294431447982788
Test_acc: 0.17161396181384247
Global_step: 218980
Epoch: 262
Train_acc: 0.479365315852205
Train_loss: 1.7225016355514526
Test_acc: 0.17489558472553698
Global_step: 219819
Epoch: 263
Train_acc: 0.4818980929678188
Train_loss: 1.9971539974212646
Test_acc: 0.17019689737470167
Global_step: 220658
Epoch: 264
Train_acc: 0.4788066150178784
Train_loss: 1.6578646898269653
Test_acc: 0.1731801909307876
Global_step: 221497
Epoch: 265
Train_acc: 0.4819725864123957
Train_loss: 2.156040906906128
Test_acc: 0.17288186157517899
Global_step: 222336
Epoch: 266
Train_acc: 0.48044547079856975
Train_loss: 1.7549066543579102
Test_acc: 0.17310560859188545
Global_step: 223175
Epoch: 267
Train_acc: 0.48104141835518477
Train_loss: 2.103450298309326
Test_acc: 0.17377684964200477
Global_step: 224014
Epoch: 268
Train_acc: 0.48539928486293205
Train_loss: 1.9889799356460571
Test_acc: 0.17497016706443913
Global_step: 224853
Epoch: 269
Train_acc: 0.4788811084624553
Train_loss: 1.7728482484817505
Test_acc: 0.17235978520286396
Global_step: 225692
Epoch: 270
Train_acc: 0.48182359952324194
Train_loss: 1.7056708335876465
Test_acc: 0.1738514319809069
Global_step: 226531
Epoch: 271
Train_acc: 0.47873212157330153
Train_loss: 1.7512602806091309
Test_acc: 0.1747464200477327
Global_step: 227370
Epoch: 272
Train_acc: 0.4844681168057211
Train_loss: 1.9877874851226807
Test_acc: 0.17347852028639618
Global_step: 228209
Epoch: 273
Train_acc: 0.4818980929678188
Train_loss: 2.4172637462615967
Test_acc: 0.17280727923627684
Global_step: 229048
Epoch: 274
Train_acc: 0.4820470798569726
Train_loss: 2.1874117851257324
Test_acc: 0.17653639618138425
Global_step: 229887
Epoch: 275
Train_acc: 0.4840956495828367
Train_loss: 2.259331226348877
Test_acc: 0.17295644391408116
Global_step: 230726
Epoch: 276
Train_acc: 0.4856972586412396
Train_loss: 2.175379514694214
Test_acc: 0.1718377088305489
Global_step: 231565
Epoch: 277
Train_acc: 0.48208432657926104
Train_loss: 1.8502676486968994
Test_acc: 0.17377684964200477
Global_step: 232404
Epoch: 278
Train_acc: 0.48227056019070325
Train_loss: 1.6373672485351562
Test_acc: 0.17429892601431982
Global_step: 233243
Epoch: 279
Train_acc: 0.4801102502979738
Train_loss: 2.5180180072784424
Test_acc: 0.17452267303102625
Global_step: 234082
Epoch: 280
Train_acc: 0.4812276519666269
Train_loss: 2.385657548904419
Test_acc: 0.17370226730310262
Global_step: 234921
Epoch: 281
Train_acc: 0.48208432657926104
Train_loss: 1.6966540813446045
Test_acc: 0.1704206443914081
Global_step: 235760
Epoch: 282
Train_acc: 0.48133939213349225
Train_loss: 1.5539968013763428
Test_acc: 0.17855011933174225
Global_step: 236599
Epoch: 283
Train_acc: 0.4816373659117998
Train_loss: 1.8389167785644531
Test_acc: 0.17377684964200477
Global_step: 237438
Epoch: 284
Train_acc: 0.4810041716328963
Train_loss: 2.254045248031616
Test_acc: 0.17504474940334128
Global_step: 238277
Epoch: 285
Train_acc: 0.4825685339690107
Train_loss: 1.44425368309021
Test_acc: 0.17377684964200477
Global_step: 239116
Epoch: 286
Train_acc: 0.48327622169249107
Train_loss: 1.7958697080612183
Test_acc: 0.17526849642004774
Global_step: 239955
Epoch: 287
Train_acc: 0.4838721692491061
Train_loss: 1.9703172445297241
Test_acc: 0.1753430787589499
Global_step: 240794
Epoch: 288
Train_acc: 0.4823450536352801
Train_loss: 1.6864742040634155
Test_acc: 0.17541766109785203
Global_step: 241633
Epoch: 289
Train_acc: 0.48316448152562574
Train_loss: 1.7493499517440796
Test_acc: 0.17213603818615753
Global_step: 242472
Epoch: 290
Train_acc: 0.487857568533969
Train_loss: 1.8537732362747192
Test_acc: 0.1738514319809069
Global_step: 243311
Epoch: 291
Train_acc: 0.4812276519666269
Train_loss: 1.870684266090393
Test_acc: 0.17571599045346062
Global_step: 244150
Epoch: 292
Train_acc: 0.48342520858164484
Train_loss: 1.922245979309082
Test_acc: 0.16982398568019094
Global_step: 244989
Epoch: 293
Train_acc: 0.4830527413587604
Train_loss: 1.908231496810913
Test_acc: 0.17452267303102625
Global_step: 245828
Epoch: 294
Train_acc: 0.48290375446960665
Train_loss: 1.7614696025848389
Test_acc: 0.1730310262529833
Global_step: 246667
Epoch: 295
Train_acc: 0.4817863528009535
Train_loss: 1.920420527458191
Test_acc: 0.17235978520286396
Global_step: 247506
Epoch: 296
Train_acc: 0.4816373659117998
Train_loss: 1.9354735612869263
Test_acc: 0.1724343675417661
Global_step: 248345
Epoch: 297
Train_acc: 0.4813766388557807
Train_loss: 1.69484543800354
Test_acc: 0.1738514319809069
Global_step: 249184
Epoch: 298
Train_acc: 0.4844681168057211
Train_loss: 1.6352933645248413
Test_acc: 0.1751939140811456
Global_step: 250023
Epoch: 299
Train_acc: 0.487261620977354
Train_loss: 1.7536226511001587
Test_acc: 0.17392601431980906
Global_step: 250862
Epoch: 300
Train_acc: 0.48174910607866506
Train_loss: 1.74024498462677
Test_acc: 0.17280727923627684
Global_step: 251701
Epoch: 301
Train_acc: 0.48335071513706795
Train_loss: 2.204306125640869
Test_acc: 0.1753430787589499
Global_step: 252540
Epoch: 302
Train_acc: 0.4832017282479142
Train_loss: 1.9849330186843872
Test_acc: 0.17482100238663484
Global_step: 253379
Epoch: 303
Train_acc: 0.485138557806913
Train_loss: 2.063765048980713
Test_acc: 0.17593973747016706
Global_step: 254218
Epoch: 304
Train_acc: 0.48349970202622167
Train_loss: 1.4258426427841187
Test_acc: 0.17094272076372316
Global_step: 255057
Epoch: 305
Train_acc: 0.4859579856972586
Train_loss: 1.8185503482818604
Test_acc: 0.17414976133651552
Global_step: 255896
Epoch: 306
Train_acc: 0.4856227651966627
Train_loss: 2.2592790126800537
Test_acc: 0.17579057279236276
Global_step: 256735
Epoch: 307
Train_acc: 0.4816373659117998
Train_loss: 1.642236351966858
Test_acc: 0.17541766109785203
Global_step: 257574
Epoch: 308
Train_acc: 0.48085518474374256
Train_loss: 1.6723122596740723
Test_acc: 0.17690930787589498
Global_step: 258413
Epoch: 309
Train_acc: 0.48714988081048866
Train_loss: 1.7190587520599365
Test_acc: 0.17541766109785203
Global_step: 259252
Epoch: 310
Train_acc: 0.47903009535160906
Train_loss: 1.8547710180282593
Test_acc: 0.17377684964200477
Global_step: 260091
Epoch: 311
Train_acc: 0.48457985697258643
Train_loss: 1.836852788925171
Test_acc: 0.17325477326968974
Global_step: 260930
Epoch: 312
Train_acc: 0.48517580452920145
Train_loss: 1.9642926454544067
Test_acc: 0.17668556085918855
Global_step: 261769
Epoch: 313
Train_acc: 0.48417014302741357
Train_loss: 1.5833160877227783
Test_acc: 0.1751939140811456
Global_step: 262608
Epoch: 314
Train_acc: 0.48308998808104886
Train_loss: 1.5419942140579224
Test_acc: 0.1761634844868735
Global_step: 263447
Epoch: 315
Train_acc: 0.48342520858164484
Train_loss: 1.2773560285568237
Test_acc: 0.17347852028639618
Global_step: 264286
Epoch: 316
Train_acc: 0.48498957091775924
Train_loss: 1.8549108505249023
Test_acc: 0.1745972553699284
Global_step: 265125
Epoch: 317
Train_acc: 0.48614421930870083
Train_loss: 1.4648014307022095
Test_acc: 0.1751939140811456
Global_step: 265964
Epoch: 318
Train_acc: 0.4855482717520858
Train_loss: 1.857470154762268
Test_acc: 0.17370226730310262
Global_step: 266803
Epoch: 319
Train_acc: 0.483611442193087
Train_loss: 2.0155529975891113
Test_acc: 0.1753430787589499
Global_step: 267642
Epoch: 320
Train_acc: 0.4859207389749702
Train_loss: 1.9540873765945435
Test_acc: 0.17467183770883055
Global_step: 268481
Epoch: 321
Train_acc: 0.4837231823599523
Train_loss: 1.8722678422927856
Test_acc: 0.17504474940334128
Global_step: 269320
Epoch: 322
Train_acc: 0.4863676996424315
Train_loss: 1.9863780736923218
Test_acc: 0.1725835322195704
Global_step: 270159
Epoch: 323
Train_acc: 0.48599523241954706
Train_loss: 2.2922329902648926
Test_acc: 0.1761634844868735
Global_step: 270998
Epoch: 324
Train_acc: 0.4862932061978546
Train_loss: 2.2882144451141357
Test_acc: 0.1733293556085919
Global_step: 271837
Epoch: 325
Train_acc: 0.4850268176400477
Train_loss: 1.6880356073379517
Test_acc: 0.17250894988066826
Global_step: 272676
Epoch: 326
Train_acc: 0.4831272348033373
Train_loss: 1.2168934345245361
Test_acc: 0.17362768496420047
Global_step: 273515
Epoch: 327
Train_acc: 0.48525029797377833
Train_loss: 2.2994577884674072
Test_acc: 0.17168854415274462
Global_step: 274354
Epoch: 328
Train_acc: 0.48290375446960665
Train_loss: 2.1703903675079346
Test_acc: 0.1705698090692124
Global_step: 275193
Epoch: 329
Train_acc: 0.4873733611442193
Train_loss: 2.5785577297210693
Test_acc: 0.17579057279236276
Global_step: 276032
Epoch: 330
Train_acc: 0.4866284266984505
Train_loss: 2.389429807662964
Test_acc: 0.1727326968973747
Global_step: 276871
Epoch: 331
Train_acc: 0.4875223480333731
Train_loss: 2.2028098106384277
Test_acc: 0.17713305489260142
Global_step: 277710
Epoch: 332
Train_acc: 0.4825312872467223
Train_loss: 2.2945990562438965
Test_acc: 0.17579057279236276
Global_step: 278549
Epoch: 333
Train_acc: 0.4840956495828367
Train_loss: 1.748597502708435
Test_acc: 0.1738514319809069
Global_step: 279388
Epoch: 334
Train_acc: 0.4836859356376639
Train_loss: 2.3450779914855957
Test_acc: 0.17593973747016706
Global_step: 280227
Epoch: 335
Train_acc: 0.4847660905840286
Train_loss: 2.395637273788452
Test_acc: 0.17631264916467781
Global_step: 281066
Epoch: 336
Train_acc: 0.4840956495828367
Train_loss: 1.8964080810546875
Test_acc: 0.1740005966587112
Global_step: 281905
Epoch: 337
Train_acc: 0.48450536352800955
Train_loss: 1.4375388622283936
Test_acc: 0.17422434367541767
Global_step: 282744
Epoch: 338
Train_acc: 0.4849523241954708
Train_loss: 1.424674153327942
Test_acc: 0.1738514319809069
Global_step: 283583
Epoch: 339
Train_acc: 0.48450536352800955
Train_loss: 1.8839592933654785
Test_acc: 0.1738514319809069
Global_step: 284422
Epoch: 340
Train_acc: 0.4850268176400477
Train_loss: 1.6336722373962402
Test_acc: 0.1778788782816229
Global_step: 285261
Epoch: 341
Train_acc: 0.48647943980929675
Train_loss: 1.9702059030532837
Test_acc: 0.17429892601431982
Global_step: 286100
Epoch: 342
Train_acc: 0.48297824791418353
Train_loss: 2.0276050567626953
Test_acc: 0.1730310262529833
Global_step: 286939
Epoch: 343
Train_acc: 0.4846171036948749
Train_loss: 1.9216582775115967
Test_acc: 0.17086813842482101
Global_step: 287778
Epoch: 344
Train_acc: 0.48700089392133494
Train_loss: 1.8378571271896362
Test_acc: 0.17772971360381862
Global_step: 288617
Epoch: 345
Train_acc: 0.48219606674612636
Train_loss: 1.90264892578125
Test_acc: 0.1773568019093079
Global_step: 289456
Epoch: 346
Train_acc: 0.48782032181168056
Train_loss: 2.3549482822418213
Test_acc: 0.1733293556085919
Global_step: 290295
Epoch: 347
Train_acc: 0.4871871275327771
Train_loss: 1.6404086351394653
Test_acc: 0.17429892601431982
Global_step: 291134
Epoch: 348
Train_acc: 0.48722437425506554
Train_loss: 1.8610215187072754
Test_acc: 0.17288186157517899
Global_step: 291973
Epoch: 349
Train_acc: 0.492103694874851
Train_loss: 2.048288345336914
Test_acc: 0.17683472553699284
Global_step: 292812
Epoch: 350
Train_acc: 0.48890047675804527
Train_loss: 1.7001938819885254
Test_acc: 0.17355310262529833
Global_step: 293651
Epoch: 351
Train_acc: 0.4846171036948749
Train_loss: 1.8134297132492065
Test_acc: 0.17504474940334128
Global_step: 294490
Epoch: 352
Train_acc: 0.48450536352800955
Train_loss: 1.6894346475601196
Test_acc: 0.17825178997613364
Global_step: 295329
Epoch: 353
Train_acc: 0.4862187127532777
Train_loss: 2.5576963424682617
Test_acc: 0.1753430787589499
Global_step: 296168
Epoch: 354
Train_acc: 0.4868891537544696
Train_loss: 2.249877691268921
Test_acc: 0.17489558472553698
Global_step: 297007
Epoch: 355
Train_acc: 0.4884162693682956
Train_loss: 2.643341064453125
Test_acc: 0.1727326968973747
Global_step: 297846
Epoch: 356
Train_acc: 0.4854365315852205
Train_loss: 2.162903308868408
Test_acc: 0.17414976133651552
Global_step: 298685
Epoch: 357
Train_acc: 0.48644219308700837
Train_loss: 2.2842578887939453
Test_acc: 0.17325477326968974
Global_step: 299524
Epoch: 358
Train_acc: 0.4852130512514899
Train_loss: 2.0242080688476562
Test_acc: 0.17631264916467781
Global_step: 300363
Epoch: 359
Train_acc: 0.48904946364719903
Train_loss: 1.9319053888320923
Test_acc: 0.17608890214797135
Global_step: 301202
Epoch: 360
Train_acc: 0.4856227651966627
Train_loss: 2.3266310691833496
Test_acc: 0.1761634844868735
Global_step: 302041
Epoch: 361
Train_acc: 0.4836859356376639
Train_loss: 1.822984218597412
Test_acc: 0.17429892601431982
Global_step: 302880
Epoch: 362
Train_acc: 0.48606972586412395
Train_loss: 1.4989352226257324
Test_acc: 0.17556682577565633
Global_step: 303719
Epoch: 363
Train_acc: 0.4890867103694875
Train_loss: 2.6377158164978027
Test_acc: 0.1764618138424821
Global_step: 304558
Epoch: 364
Train_acc: 0.4870753873659118
Train_loss: 1.5521798133850098
Test_acc: 0.17176312649164677
Global_step: 305397
Epoch: 365
Train_acc: 0.4875595947556615
Train_loss: 1.9108785390853882
Test_acc: 0.1751939140811456
Global_step: 306236
Epoch: 366
Train_acc: 0.48700089392133494
Train_loss: 2.0528860092163086
Test_acc: 0.17668556085918855
Global_step: 307075
Epoch: 367
Train_acc: 0.4844681168057211
Train_loss: 1.8720340728759766
Test_acc: 0.1705698090692124
Global_step: 307914
Epoch: 368
Train_acc: 0.4860324791418355
Train_loss: 2.0420875549316406
Test_acc: 0.17414976133651552
Global_step: 308753
Epoch: 369
Train_acc: 0.4870753873659118
Train_loss: 1.811877965927124
Test_acc: 0.17168854415274462
Global_step: 309592
Epoch: 370
Train_acc: 0.4852875446960667
Train_loss: 1.6014646291732788
Test_acc: 0.17414976133651552
Global_step: 310431
Epoch: 371
Train_acc: 0.48577175208581647
Train_loss: 1.6436097621917725
Test_acc: 0.17467183770883055
Global_step: 311270
Epoch: 372
Train_acc: 0.48722437425506554
Train_loss: 1.882198452949524
Test_acc: 0.1725835322195704
Global_step: 312109
Epoch: 373
Train_acc: 0.4860324791418355
Train_loss: 2.329193115234375
Test_acc: 0.17758054892601433
Global_step: 312948
Epoch: 374
Train_acc: 0.4877830750893921
Train_loss: 1.5042526721954346
Test_acc: 0.17556682577565633
Global_step: 313787
Epoch: 375
Train_acc: 0.485138557806913
Train_loss: 1.5694270133972168
Test_acc: 0.17549224343675418
Global_step: 314626
Epoch: 376
Train_acc: 0.48551102502979737
Train_loss: 1.2758666276931763
Test_acc: 0.17198687350835323
Global_step: 315465
Epoch: 377
Train_acc: 0.48826728247914186
Train_loss: 1.1802101135253906
Test_acc: 0.17713305489260142
Global_step: 316304
Epoch: 378
Train_acc: 0.48867699642431467
Train_loss: 1.8577667474746704
Test_acc: 0.1740005966587112
Global_step: 317143
Epoch: 379
Train_acc: 0.48633045292014304
Train_loss: 2.026013135910034
Test_acc: 0.1713156324582339
Global_step: 317982
Epoch: 380
Train_acc: 0.4902786054827175
Train_loss: 1.2862895727157593
Test_acc: 0.17407517899761338
Global_step: 318821
Epoch: 381
Train_acc: 0.48647943980929675
Train_loss: 1.4044146537780762
Test_acc: 0.17355310262529833
Global_step: 319660
Epoch: 382
Train_acc: 0.48983164481525626
Train_loss: 2.011626720428467
Test_acc: 0.17429892601431982
Global_step: 320499
Epoch: 383
Train_acc: 0.48867699642431467
Train_loss: 2.0785207748413086
Test_acc: 0.17407517899761338
Global_step: 321338
Epoch: 384
Train_acc: 0.48800655542312277
Train_loss: 2.316410779953003
Test_acc: 0.17094272076372316
Global_step: 322177
Epoch: 385
Train_acc: 0.48551102502979737
Train_loss: 2.091306447982788
Test_acc: 0.17392601431980906
Global_step: 323016
Epoch: 386
Train_acc: 0.48800655542312277
Train_loss: 1.9100764989852905
Test_acc: 0.17064439140811455
Global_step: 323855
Epoch: 387
Train_acc: 0.48681466030989273
Train_loss: 1.6811714172363281
Test_acc: 0.17213603818615753
Global_step: 324694
Epoch: 388
Train_acc: 0.49165673420738976
Train_loss: 1.728698968887329
Test_acc: 0.17549224343675418
Global_step: 325533
Epoch: 389
Train_acc: 0.487857568533969
Train_loss: 1.7113010883331299
Test_acc: 0.17593973747016706
Global_step: 326372
Epoch: 390
Train_acc: 0.48875148986889155
Train_loss: 1.2634775638580322
Test_acc: 0.17668556085918855
Global_step: 327211
Epoch: 391
Train_acc: 0.48547377830750893
Train_loss: 1.9601948261260986
Test_acc: 0.17325477326968974
Global_step: 328050
Epoch: 392
Train_acc: 0.4879320619785459
Train_loss: 1.6358836889266968
Test_acc: 0.17571599045346062
Global_step: 328889
Epoch: 393
Train_acc: 0.4871126340882002
Train_loss: 1.9396545886993408
Test_acc: 0.17340393794749404
Global_step: 329728
Epoch: 394
Train_acc: 0.4860324791418355
Train_loss: 2.462592601776123
Test_acc: 0.1760143198090692
Global_step: 330567
Epoch: 395
Train_acc: 0.48666567342073896
Train_loss: 1.489137887954712
Test_acc: 0.1740005966587112
Global_step: 331406
Epoch: 396
Train_acc: 0.4856972586412396
Train_loss: 2.2216806411743164
Test_acc: 0.17467183770883055
Global_step: 332245
Epoch: 397
Train_acc: 0.4862932061978546
Train_loss: 2.0132524967193604
Test_acc: 0.17743138424821003
Global_step: 333084
Epoch: 398
Train_acc: 0.4872988676996424
Train_loss: 1.636216402053833
Test_acc: 0.17198687350835323
Global_step: 333923
Epoch: 399
Train_acc: 0.48722437425506554
Train_loss: 2.1194348335266113
Test_acc: 0.17392601431980906
Global_step: 334762
Epoch: 400
Train_acc: 0.48849076281287246
Train_loss: 1.6352633237838745
Test_acc: 0.1745972553699284
Global_step: 335601
Epoch: 401
Train_acc: 0.48714988081048866
Train_loss: 1.8202811479568481
Test_acc: 0.17340393794749404
Global_step: 336440
Epoch: 402
Train_acc: 0.48916120381406436
Train_loss: 1.7649126052856445
Test_acc: 0.1760143198090692
Global_step: 337279
Epoch: 403
Train_acc: 0.49098629320619785
Train_loss: 1.8719474077224731
Test_acc: 0.1766109785202864
Global_step: 338118
Epoch: 404
Train_acc: 0.4861069725864124
Train_loss: 2.0407721996307373
Test_acc: 0.17504474940334128
Global_step: 338957
Epoch: 405
Train_acc: 0.48599523241954706
Train_loss: 2.3926029205322266
Test_acc: 0.1753430787589499
Global_step: 339796
Epoch: 406
Train_acc: 0.4871126340882002
Train_loss: 1.4073928594589233
Test_acc: 0.1784755369928401
Global_step: 340635
Epoch: 407
Train_acc: 0.48577175208581647
Train_loss: 1.6290782690048218
Test_acc: 0.17556682577565633
Global_step: 341474
Epoch: 408
Train_acc: 0.48532479141835516
Train_loss: 2.2092368602752686
Test_acc: 0.1760143198090692
Global_step: 342313
Epoch: 409
Train_acc: 0.484542610250298
Train_loss: 1.5708614587783813
Test_acc: 0.17623806682577567
Global_step: 343152
Epoch: 410
Train_acc: 0.4875595947556615
Train_loss: 1.7794294357299805
Test_acc: 0.17370226730310262
Global_step: 343991
Epoch: 411
Train_acc: 0.4900923718712753
Train_loss: 2.4712939262390137
Test_acc: 0.17564140811455847
Global_step: 344830
Epoch: 412
Train_acc: 0.48584624553039335
Train_loss: 1.8589463233947754
Test_acc: 0.17362768496420047
Global_step: 345669
Epoch: 413
Train_acc: 0.48942193087008345
Train_loss: 1.617255687713623
Test_acc: 0.17526849642004774
Global_step: 346508
Epoch: 414
Train_acc: 0.4855482717520858
Train_loss: 1.9792382717132568
Test_acc: 0.17265811455847255
Global_step: 347347
Epoch: 415
Train_acc: 0.48830452920143025
Train_loss: 1.9681645631790161
Test_acc: 0.17265811455847255
Global_step: 348186
Epoch: 416
Train_acc: 0.48584624553039335
Train_loss: 1.6196423768997192
Test_acc: 0.17429892601431982
Global_step: 349025
Epoch: 417
Train_acc: 0.48882598331346844
Train_loss: 1.4804611206054688
Test_acc: 0.17772971360381862
Global_step: 349864
Epoch: 418
Train_acc: 0.48837902264600713
Train_loss: 1.8042994737625122
Test_acc: 0.17467183770883055
Global_step: 350703
Epoch: 419
Train_acc: 0.48998063170441003
Train_loss: 1.425303339958191
Test_acc: 0.17086813842482101
Global_step: 351542
Epoch: 420
Train_acc: 0.4890867103694875
Train_loss: 1.5961787700653076
Test_acc: 0.17355310262529833
Global_step: 352381
Epoch: 421
Train_acc: 0.4872988676996424
Train_loss: 2.07053279876709
Test_acc: 0.17034606205250596
Global_step: 353220
Epoch: 422
Train_acc: 0.49050208581644816
Train_loss: 1.645955204963684
Test_acc: 0.17355310262529833
Global_step: 354059
Epoch: 423
Train_acc: 0.4866284266984505
Train_loss: 1.7375682592391968
Test_acc: 0.1718377088305489
Global_step: 354898
Epoch: 424
Train_acc: 0.4891984505363528
Train_loss: 1.8022409677505493
Test_acc: 0.17497016706443913
Global_step: 355737
Epoch: 425
Train_acc: 0.48692640047675806
Train_loss: 1.5226235389709473
Test_acc: 0.17541766109785203
Global_step: 356576
Epoch: 426
Train_acc: 0.4879320619785459
Train_loss: 2.3210909366607666
Test_acc: 0.17370226730310262
Global_step: 357415
Epoch: 427
Train_acc: 0.489384684147795
Train_loss: 1.8353725671768188
Test_acc: 0.17422434367541767
Global_step: 358254
Epoch: 428
Train_acc: 0.4879693087008343
Train_loss: 1.799248456954956
Test_acc: 0.17355310262529833
Global_step: 359093
Epoch: 429
Train_acc: 0.48830452920143025
Train_loss: 1.8611977100372314
Test_acc: 0.17414976133651552
Global_step: 359932
Epoch: 430
Train_acc: 0.49091179976162097
Train_loss: 1.7292990684509277
Test_acc: 0.17556682577565633
Global_step: 360771
Epoch: 431
Train_acc: 0.4898688915375447
Train_loss: 1.9829766750335693
Test_acc: 0.17004773269689738
Global_step: 361610
Epoch: 432
Train_acc: 0.4886397497020262
Train_loss: 2.1068246364593506
Test_acc: 0.17340393794749404
Global_step: 362449
Epoch: 433
Train_acc: 0.48856525625744934
Train_loss: 2.002049446105957
Test_acc: 0.1730310262529833
Global_step: 363288
Epoch: 434
Train_acc: 0.48830452920143025
Train_loss: 1.7854561805725098
Test_acc: 0.17377684964200477
Global_step: 364127
Epoch: 435
Train_acc: 0.48904946364719903
Train_loss: 2.0875706672668457
Test_acc: 0.17221062052505967
Global_step: 364966
Epoch: 436
Train_acc: 0.48856525625744934
Train_loss: 1.9674291610717773
Test_acc: 0.1719122911694511
Global_step: 365805
Epoch: 437
Train_acc: 0.4867774135876043
Train_loss: 1.9518513679504395
Test_acc: 0.17728221957040574
Global_step: 366644
Epoch: 438
Train_acc: 0.48335071513706795
Train_loss: 1.833095908164978
Test_acc: 0.1751939140811456
Global_step: 367483
Epoch: 439
Train_acc: 0.4881182955899881
Train_loss: 1.5825482606887817
Test_acc: 0.17437350835322196
Global_step: 368322
Epoch: 440
Train_acc: 0.48830452920143025
Train_loss: 2.039215087890625
Test_acc: 0.1733293556085919
Global_step: 369161
Epoch: 441
Train_acc: 0.48878873659118
Train_loss: 1.7131515741348267
Test_acc: 0.1731801909307876
Global_step: 370000
Epoch: 442
Train_acc: 0.4896081644815256
Train_loss: 2.33986759185791
Test_acc: 0.17288186157517899
Global_step: 370839
Epoch: 443
Train_acc: 0.49329558998808104
Train_loss: 2.270724058151245
Test_acc: 0.17340393794749404
Global_step: 371678
Epoch: 444
Train_acc: 0.4898688915375447
Train_loss: 1.5952904224395752
Test_acc: 0.17638723150357996
Global_step: 372517
Epoch: 445
Train_acc: 0.48733611442193087
Train_loss: 1.4629772901535034
Test_acc: 0.17825178997613364
Global_step: 373356
Epoch: 446
Train_acc: 0.49106078665077474
Train_loss: 1.9548169374465942
Test_acc: 0.17437350835322196
Global_step: 374195
Epoch: 447
Train_acc: 0.4883417759237187
Train_loss: 1.5539864301681519
Test_acc: 0.17593973747016706
Global_step: 375034
Epoch: 448
Train_acc: 0.49024135876042907
Train_loss: 1.8094698190689087
Test_acc: 0.1730310262529833
Global_step: 375873
Epoch: 449
Train_acc: 0.4876340882002384
Train_loss: 1.7395175695419312
Test_acc: 0.1744480906921241
Global_step: 376712
Epoch: 450
Train_acc: 0.4875595947556615
Train_loss: 2.0109469890594482
Test_acc: 0.17235978520286396
Global_step: 377551
Epoch: 451
Train_acc: 0.48931019070321813
Train_loss: 1.6409131288528442
Test_acc: 0.1773568019093079
Global_step: 378390
Epoch: 452
Train_acc: 0.4885280095351609
Train_loss: 2.14444637298584
Test_acc: 0.17221062052505967
Global_step: 379229
Epoch: 453
Train_acc: 0.4900551251489869
Train_loss: 1.6783041954040527
Test_acc: 0.17549224343675418
Global_step: 380068
Epoch: 454
Train_acc: 0.49024135876042907
Train_loss: 1.5890467166900635
Test_acc: 0.17504474940334128
Global_step: 380907
Epoch: 455
Train_acc: 0.49124702026221695
Train_loss: 1.769984483718872
Test_acc: 0.1727326968973747
Global_step: 381746
Epoch: 456
Train_acc: 0.48826728247914186
Train_loss: 1.5774848461151123
Test_acc: 0.17392601431980906
Global_step: 382585
Epoch: 457
Train_acc: 0.4910980333730632
Train_loss: 1.3197838068008423
Test_acc: 0.1761634844868735
Global_step: 383424
Epoch: 458
Train_acc: 0.4894964243146603
Train_loss: 1.8244805335998535
Test_acc: 0.1707189737470167
Global_step: 384263
Epoch: 459
Train_acc: 0.48849076281287246
Train_loss: 2.2403275966644287
Test_acc: 0.17355310262529833
Global_step: 385102
Epoch: 460
Train_acc: 0.4863676996424315
Train_loss: 1.971782922744751
Test_acc: 0.17221062052505967
Global_step: 385941
Epoch: 461
Train_acc: 0.492103694874851
Train_loss: 2.020095109939575
Test_acc: 0.17526849642004774
Global_step: 386780
Epoch: 462
Train_acc: 0.4880438021454112
Train_loss: 1.5251494646072388
Test_acc: 0.17340393794749404
Global_step: 387619
Epoch: 463
Train_acc: 0.4890867103694875
Train_loss: 1.6263302564620972
Test_acc: 0.1718377088305489
Global_step: 388458
Epoch: 464
Train_acc: 0.49307210965435044
Train_loss: 1.9093029499053955
Test_acc: 0.17422434367541767
Global_step: 389297
Epoch: 465
Train_acc: 0.4892729439809297
Train_loss: 1.9928420782089233
Test_acc: 0.1725835322195704
Global_step: 390136
Epoch: 466
Train_acc: 0.49124702026221695
Train_loss: 2.116300344467163
Test_acc: 0.1766109785202864
Global_step: 390975
Epoch: 467
Train_acc: 0.48748510131108463
Train_loss: 1.6983379125595093
Test_acc: 0.17593973747016706
Global_step: 391814
Epoch: 468
Train_acc: 0.489384684147795
Train_loss: 1.7056454420089722
Test_acc: 0.17176312649164677
Global_step: 392653
Epoch: 469
Train_acc: 0.48655393325387364
Train_loss: 1.9350298643112183
Test_acc: 0.17855011933174225
Global_step: 393492
Epoch: 470
Train_acc: 0.49031585220500595
Train_loss: 1.9307247400283813
Test_acc: 0.17392601431980906
Global_step: 394331
Epoch: 471
Train_acc: 0.4885280095351609
Train_loss: 1.8823384046554565
Test_acc: 0.1733293556085919
Global_step: 395170
Epoch: 472
Train_acc: 0.49065107270560193
Train_loss: 1.8111190795898438
Test_acc: 0.1760143198090692
Global_step: 396009
Epoch: 473
Train_acc: 0.48815554231227654
Train_loss: 1.7005113363265991
Test_acc: 0.17221062052505967
Global_step: 396848
Epoch: 474
Train_acc: 0.49184296781883197
Train_loss: 1.6829792261123657
Test_acc: 0.1725835322195704
Global_step: 397687
Epoch: 475
Train_acc: 0.4926623957091776
Train_loss: 1.8262546062469482
Test_acc: 0.1740005966587112
Global_step: 398526
Epoch: 476
Train_acc: 0.4861069725864124
Train_loss: 1.5668092966079712
Test_acc: 0.17370226730310262
Global_step: 399365
Epoch: 477
Train_acc: 0.49255065554231225
Train_loss: 1.6381340026855469
Test_acc: 0.17153937947494033
Global_step: 400204
Epoch: 478
Train_acc: 0.49031585220500595
Train_loss: 1.4151078462600708
Test_acc: 0.17526849642004774
Global_step: 401043
Epoch: 479
Train_acc: 0.4902786054827175
Train_loss: 1.3831199407577515
Test_acc: 0.1731801909307876
Global_step: 401882
Epoch: 480
Train_acc: 0.4897571513706794
Train_loss: 1.6777392625808716
Test_acc: 0.1744480906921241
Global_step: 402721
Epoch: 481
Train_acc: 0.4873733611442193
Train_loss: 1.9497157335281372
Test_acc: 0.1767601431980907
Global_step: 403560
Epoch: 482
Train_acc: 0.4891239570917759
Train_loss: 1.5689775943756104
Test_acc: 0.1718377088305489
Global_step: 404399
Epoch: 483
Train_acc: 0.49299761620977356
Train_loss: 1.8795548677444458
Test_acc: 0.1760143198090692
Global_step: 405238
Epoch: 484
Train_acc: 0.4901668653158522
Train_loss: 1.8380047082901
Test_acc: 0.17392601431980906
Global_step: 406077
Epoch: 485
Train_acc: 0.48904946364719903
Train_loss: 1.608253836631775
Test_acc: 0.17407517899761338
Global_step: 406916
Epoch: 486
Train_acc: 0.4879693087008343
Train_loss: 1.9829671382904053
Test_acc: 0.17623806682577567
Global_step: 407755
Epoch: 487
Train_acc: 0.4909490464839094
Train_loss: 1.5907336473464966
Test_acc: 0.17377684964200477
Global_step: 408594
Epoch: 488
Train_acc: 0.48759684147794996
Train_loss: 1.3716567754745483
Test_acc: 0.17347852028639618
Global_step: 409433
Epoch: 489
Train_acc: 0.48849076281287246
Train_loss: 1.776140570640564
Test_acc: 0.17608890214797135
Global_step: 410272
Epoch: 490
Train_acc: 0.48983164481525626
Train_loss: 1.8857803344726562
Test_acc: 0.17497016706443913
Global_step: 411111
Epoch: 491
Train_acc: 0.48882598331346844
Train_loss: 1.4765924215316772
Test_acc: 0.17743138424821003
Global_step: 411950
Epoch: 492
Train_acc: 0.4899433849821216
Train_loss: 2.163752317428589
Test_acc: 0.17407517899761338
Global_step: 412789
Epoch: 493
Train_acc: 0.49273688915375446
Train_loss: 1.6095099449157715
Test_acc: 0.1758651551312649
Global_step: 413628
Epoch: 494
Train_acc: 0.49154499404052443
Train_loss: 2.198314905166626
Test_acc: 0.17280727923627684
Global_step: 414467
Epoch: 495
Train_acc: 0.4916939809296782
Train_loss: 2.2381083965301514
Test_acc: 0.1760143198090692
Global_step: 415306
Epoch: 496
Train_acc: 0.4880438021454112
Train_loss: 1.5274252891540527
Test_acc: 0.1730310262529833
Global_step: 416145
Epoch: 497
Train_acc: 0.49091179976162097
Train_loss: 1.836751937866211
Test_acc: 0.17810262529832935
Global_step: 416984
Epoch: 498
Train_acc: 0.48815554231227654
Train_loss: 1.7592746019363403
Test_acc: 0.17362768496420047
Global_step: 417823
Epoch: 499
Train_acc: 0.49072556615017876
Train_loss: 1.3006871938705444
Test_acc: 0.17213603818615753
Global_step: 418662
Epoch: 500
Train_acc: 0.48878873659118
Train_loss: 1.6546272039413452
Test_acc: 0.16952565632458233
Global_step: 419501
