nohup: ignoring input
Epoch: 1
Train_acc: 0.12853843861740166
Train_loss: 3.155365467071533
Test_acc: 0.12097255369928402
Global_step: 1679
Epoch: 2
Train_acc: 0.15621275327771156
Train_loss: 3.227818727493286
Test_acc: 0.1255966587112172
Global_step: 3357
Epoch: 3
Train_acc: 0.17325312872467222
Train_loss: 2.8116092681884766
Test_acc: 0.12171837708830549
Global_step: 5035
Epoch: 4
Train_acc: 0.18660607866507747
Train_loss: 3.2284963130950928
Test_acc: 0.13559069212410502
Global_step: 6713
Epoch: 5
Train_acc: 0.19541492848629322
Train_loss: 2.8816874027252197
Test_acc: 0.11866050119331742
Global_step: 8391
Epoch: 6
Train_acc: 0.20323674016686533
Train_loss: 3.0057928562164307
Test_acc: 0.11798926014319809
Global_step: 10069
Epoch: 7
Train_acc: 0.20681242550655543
Train_loss: 2.9087536334991455
