Epoch: 1
Train_acc: 0.1951453488372093
Train_loss: 2.912909507751465
Test_acc: 0.2221517527675277
Global_step: 2151
nohup: ignoring input
Epoch: 2
Train_acc: 0.2296656976744186
Train_loss: 2.435110569000244
Test_acc: 0.2374308118081181
Global_step: 4301
nohup: ignoring input
Epoch: 3
Train_acc: 0.23906976744186045
Train_loss: 2.7884347438812256
Test_acc: 0.24440728782287824
Global_step: 6451
Epoch: 4
Train_acc: 0.24405523255813955
Train_loss: 2.6525988578796387
Test_acc: 0.24936577490774908
Global_step: 8601
Epoch: 5
Train_acc: 0.24818313953488372
Train_loss: 2.6428327560424805
Test_acc: 0.2520756457564576
Global_step: 10751
Epoch: 6
Train_acc: 0.25136627906976744
Train_loss: 2.967625856399536
Test_acc: 0.255419741697417
Global_step: 12901
Epoch: 7
Train_acc: 0.2533720930232558
Train_loss: 2.7472119331359863
Test_acc: 0.25259455719557194
Global_step: 15051
Epoch: 8
Train_acc: 0.25555232558139535
Train_loss: 2.7674779891967773
Test_acc: 0.26014760147601473
Global_step: 17201
Epoch: 9
Train_acc: 0.2583720930232558
Train_loss: 2.884071111679077
Test_acc: 0.26049354243542433
Global_step: 19351
Epoch: 10
Train_acc: 0.26027616279069765
Train_loss: 2.4575178623199463
Test_acc: 0.2635493542435424
Global_step: 21501
Epoch: 11
Train_acc: 0.2621947674418605
Train_loss: 2.620025396347046
Test_acc: 0.26510608856088563
Global_step: 23651
Epoch: 12
Train_acc: 0.2657122093023256
Train_loss: 2.3305089473724365
Test_acc: 0.26873846863468637
Global_step: 25801
Epoch: 13
Train_acc: 0.2665406976744186
Train_loss: 2.463799476623535
Test_acc: 0.27087177121771217
Global_step: 27951
Epoch: 14
Train_acc: 0.269375
Train_loss: 2.6269423961639404
Test_acc: 0.2670087638376384
Global_step: 30101
Epoch: 15
Train_acc: 0.27165697674418604
Train_loss: 2.6341705322265625
Test_acc: 0.27110239852398527
Global_step: 32251
Epoch: 16
Train_acc: 0.2728779069767442
Train_loss: 2.96581768989563
Test_acc: 0.27427352398523985
Global_step: 34401
Epoch: 17
Train_acc: 0.27651162790697675
Train_loss: 2.667046070098877
Test_acc: 0.2748500922509225
Global_step: 36551
Epoch: 18
Train_acc: 0.27822674418604654
Train_loss: 2.680093765258789
Test_acc: 0.27998154981549817
Global_step: 38701
Epoch: 19
Train_acc: 0.2800726744186047
Train_loss: 2.9814534187316895
Test_acc: 0.28142297047970477
Global_step: 40851
Epoch: 20
Train_acc: 0.2826889534883721
Train_loss: 2.510399580001831
Test_acc: 0.28003920664206644
Global_step: 43001
Epoch: 21
Train_acc: 0.28436046511627905
Train_loss: 2.6525795459747314
Test_acc: 0.2778482472324723
Global_step: 45151
Epoch: 22
Train_acc: 0.28553779069767443
Train_loss: 2.1693427562713623
Test_acc: 0.2893796125461255
Global_step: 47301
Epoch: 23
Train_acc: 0.2886482558139535
Train_loss: 2.4878053665161133
Test_acc: 0.28816881918819187
Global_step: 49451
Epoch: 24
Train_acc: 0.29079941860465114
Train_loss: 2.699981927871704
Test_acc: 0.2871309963099631
Global_step: 51601
Epoch: 25
Train_acc: 0.29069767441860467
Train_loss: 2.3353960514068604
Test_acc: 0.2897832103321033
Global_step: 53751
Epoch: 26
Train_acc: 0.293125
Train_loss: 2.76544451713562
Test_acc: 0.29330027675276754
Global_step: 55901
Epoch: 27
Train_acc: 0.2936627906976744
Train_loss: 2.332106828689575
Test_acc: 0.29647140221402213
Global_step: 58051
Epoch: 28
Train_acc: 0.29472383720930234
Train_loss: 2.449216365814209
Test_acc: 0.2968173431734317
Global_step: 60201
Epoch: 29
Train_acc: 0.29694767441860465
Train_loss: 2.788999080657959
Test_acc: 0.2950299815498155
Global_step: 62351
Epoch: 30
Train_acc: 0.2972093023255814
Train_loss: 2.376330852508545
Test_acc: 0.29474169741697415
Global_step: 64501
Epoch: 31
Train_acc: 0.2984738372093023
Train_loss: 2.7122879028320312
Test_acc: 0.29941190036900367
Global_step: 66651
Epoch: 32
Train_acc: 0.29986918604651164
Train_loss: 2.341667890548706
Test_acc: 0.3020641143911439
Global_step: 68801
Epoch: 33
Train_acc: 0.301875
Train_loss: 2.7792108058929443
Test_acc: 0.298835332103321
Global_step: 70951
Epoch: 34
Train_acc: 0.3039825581395349
Train_loss: 2.9517319202423096
Test_acc: 0.30892527675276754
Global_step: 73101
Epoch: 35
Train_acc: 0.3051889534883721
Train_loss: 2.763824939727783
Test_acc: 0.3039667896678967
Global_step: 75251
Epoch: 36
Train_acc: 0.30781976744186046
Train_loss: 2.7166619300842285
Test_acc: 0.3029289667896679
Global_step: 77401
Epoch: 37
Train_acc: 0.30902616279069767
Train_loss: 3.133819580078125
Test_acc: 0.3084640221402214
Global_step: 79551
Epoch: 38
Train_acc: 0.3097238372093023
Train_loss: 2.54974102973938
Test_acc: 0.30725322878228783
Global_step: 81701
Epoch: 39
Train_acc: 0.3103633720930233
Train_loss: 2.335744857788086
Test_acc: 0.30927121771217714
Global_step: 83851
Epoch: 40
Train_acc: 0.31287790697674417
Train_loss: 2.267080068588257
Test_acc: 0.30788745387453875
Global_step: 86001
Epoch: 41
Train_acc: 0.3115697674418605
Train_loss: 2.941256523132324
Test_acc: 0.3146909594095941
Global_step: 88151
Epoch: 42
Train_acc: 0.3132703488372093
Train_loss: 2.284658193588257
Test_acc: 0.31169280442804426
Global_step: 90301
Epoch: 43
Train_acc: 0.31569767441860463
Train_loss: 2.568864345550537
Test_acc: 0.3125576568265683
Global_step: 92451
Epoch: 44
Train_acc: 0.31829941860465116
Train_loss: 2.247002124786377
Test_acc: 0.3128459409594096
Global_step: 94601
Epoch: 45
Train_acc: 0.31950581395348837
Train_loss: 2.3725764751434326
Test_acc: 0.31365313653136534
Global_step: 96751
Epoch: 46
Train_acc: 0.3198401162790698
Train_loss: 2.157067060470581
Test_acc: 0.3169972324723247
Global_step: 98901
Epoch: 47
Train_acc: 0.3208720930232558
Train_loss: 3.104656457901001
Test_acc: 0.31394142066420666
Global_step: 101051
Epoch: 48
Train_acc: 0.32082848837209305
Train_loss: 2.608734607696533
Test_acc: 0.31913053505535055
Global_step: 103201
Epoch: 49
Train_acc: 0.32220930232558137
Train_loss: 2.7773795127868652
Test_acc: 0.3237430811808118
Global_step: 105351
Epoch: 50
Train_acc: 0.3239970930232558
Train_loss: 2.6208200454711914
Test_acc: 0.3223593173431734
Global_step: 107501
Epoch: 51
Train_acc: 0.32518895348837207
Train_loss: 2.9054388999938965
Test_acc: 0.3191881918819188
Global_step: 109651
Epoch: 52
Train_acc: 0.3266860465116279
Train_loss: 2.1386754512786865
Test_acc: 0.3236854243542435
Global_step: 111801
Epoch: 53
Train_acc: 0.32703488372093026
Train_loss: 2.555697202682495
Test_acc: 0.3267412361623616
Global_step: 113951
Epoch: 54
Train_acc: 0.3266424418604651
Train_loss: 2.3332200050354004
Test_acc: 0.3213214944649446
Global_step: 116101
Epoch: 55
Train_acc: 0.32799418604651165
Train_loss: 2.3204140663146973
Test_acc: 0.32651060885608857
Global_step: 118251
Epoch: 56
Train_acc: 0.3282122093023256
Train_loss: 2.7397525310516357
Test_acc: 0.32726014760147604
Global_step: 120401
Epoch: 57
Train_acc: 0.32920058139534886
Train_loss: 3.0347588062286377
Test_acc: 0.3262799815498155
Global_step: 122551
Epoch: 58
Train_acc: 0.3321656976744186
Train_loss: 2.2336368560791016
Test_acc: 0.3297970479704797
Global_step: 124701
Epoch: 59
Train_acc: 0.3321656976744186
Train_loss: 2.658998966217041
Test_acc: 0.32824031365313655
Global_step: 126851
Epoch: 60
Train_acc: 0.33277616279069766
Train_loss: 2.7182915210723877
Test_acc: 0.32501153136531363
Global_step: 129001
Epoch: 61
Train_acc: 0.3325581395348837
Train_loss: 2.2750210762023926
Test_acc: 0.333544741697417
Global_step: 131151
Epoch: 62
Train_acc: 0.3344767441860465
Train_loss: 2.44789457321167
Test_acc: 0.3342942804428044
Global_step: 133301
Epoch: 63
Train_acc: 0.33449127906976744
Train_loss: 2.9720890522003174
Test_acc: 0.3348131918819188
Global_step: 135451
Epoch: 64
Train_acc: 0.3356831395348837
Train_loss: 2.6443581581115723
Test_acc: 0.32973939114391143
Global_step: 137601
Epoch: 65
Train_acc: 0.33707848837209303
Train_loss: 2.2392170429229736
Test_acc: 0.3315267527675277
Global_step: 139751
Epoch: 66
Train_acc: 0.3384593023255814
Train_loss: 2.474339246749878
Test_acc: 0.3362546125461255
Global_step: 141901
Epoch: 67
Train_acc: 0.33896802325581393
Train_loss: 2.3134498596191406
Test_acc: 0.3356203874538745
Global_step: 144051
Epoch: 68
Train_acc: 0.3404796511627907
Train_loss: 2.7185819149017334
Test_acc: 0.3319880073800738
Global_step: 146201
Epoch: 69
Train_acc: 0.3409447674418605
Train_loss: 2.45898175239563
Test_acc: 0.3372924354243542
Global_step: 148351
Epoch: 70
Train_acc: 0.3398691860465116
Train_loss: 2.323472023010254
Test_acc: 0.3325645756457565
Global_step: 150501
Epoch: 71
Train_acc: 0.34069767441860466
Train_loss: 2.458575963973999
Test_acc: 0.3367158671586716
Global_step: 152651
Epoch: 72
Train_acc: 0.3414970930232558
Train_loss: 2.3121469020843506
Test_acc: 0.3389068265682657
Global_step: 154801
Epoch: 73
Train_acc: 0.34353197674418606
Train_loss: 2.416743755340576
Test_acc: 0.33815728782287824
Global_step: 156951
Epoch: 74
Train_acc: 0.3425
Train_loss: 2.6182594299316406
Test_acc: 0.33781134686346864
Global_step: 159101
Epoch: 75
Train_acc: 0.3445058139534884
Train_loss: 2.2133467197418213
Test_acc: 0.3378690036900369
Global_step: 161251
Epoch: 76
Train_acc: 0.34478197674418604
Train_loss: 2.6973938941955566
Test_acc: 0.34011761992619927
Global_step: 163401
Epoch: 77
Train_acc: 0.34752906976744186
Train_loss: 2.7386910915374756
Test_acc: 0.3413860701107011
Global_step: 165551
Epoch: 78
Train_acc: 0.3470930232558139
Train_loss: 2.555879831314087
Test_acc: 0.34386531365313655
Global_step: 167701
Epoch: 79
Train_acc: 0.34565406976744184
Train_loss: 2.715806722640991
Test_acc: 0.34092481549815495
Global_step: 169851
Epoch: 80
Train_acc: 0.34792151162790697
Train_loss: 2.4887218475341797
Test_acc: 0.33711946494464945
Global_step: 172001
Epoch: 81
Train_acc: 0.3494186046511628
Train_loss: 2.498441696166992
Test_acc: 0.33948339483394835
Global_step: 174151
Epoch: 82
Train_acc: 0.3491279069767442
Train_loss: 3.15201997756958
Test_acc: 0.34127075645756455
Global_step: 176301
Epoch: 83
Train_acc: 0.3501598837209302
Train_loss: 1.9618557691574097
Test_acc: 0.34426891143911437
Global_step: 178451
Epoch: 84
Train_acc: 0.3505813953488372
Train_loss: 2.5026185512542725
Test_acc: 0.34248154981549817
Global_step: 180601
Epoch: 85
Train_acc: 0.35216569767441863
Train_loss: 2.2314860820770264
Test_acc: 0.3480742619926199
Global_step: 182751
Epoch: 86
Train_acc: 0.35238372093023257
Train_loss: 2.0826776027679443
Test_acc: 0.3427698339483395
Global_step: 184901
Epoch: 87
Train_acc: 0.35242732558139533
Train_loss: 2.499041795730591
Test_acc: 0.3461139298892989
Global_step: 187051
Epoch: 88
Train_acc: 0.35216569767441863
Train_loss: 3.1257779598236084
Test_acc: 0.34767066420664205
Global_step: 189201
Epoch: 89
Train_acc: 0.3550436046511628
Train_loss: 2.8189353942871094
Test_acc: 0.3427121771217712
Global_step: 191351
Epoch: 90
Train_acc: 0.35508720930232557
Train_loss: 2.1494956016540527
Test_acc: 0.3477859778597786
Global_step: 193501
Epoch: 91
Train_acc: 0.3554360465116279
Train_loss: 2.478856325149536
Test_acc: 0.34657518450184505
Global_step: 195651
Epoch: 92
Train_acc: 0.35590116279069767
Train_loss: 2.5650620460510254
Test_acc: 0.3481895756457565
Global_step: 197801
Epoch: 93
Train_acc: 0.3566860465116279
Train_loss: 2.5516912937164307
Test_acc: 0.3505535055350554
Global_step: 199951
Epoch: 94
Train_acc: 0.3640988372093023
Train_loss: 2.2730965614318848
Test_acc: 0.3519372693726937
Global_step: 202101
Epoch: 95
Train_acc: 0.36526162790697675
Train_loss: 2.781416654586792
Test_acc: 0.35337869003690037
Global_step: 204251
Epoch: 96
Train_acc: 0.3662936046511628
Train_loss: 2.365353584289551
Test_acc: 0.35412822878228783
Global_step: 206401
Epoch: 97
Train_acc: 0.36511627906976746
Train_loss: 2.318337917327881
Test_acc: 0.3532633763837638
Global_step: 208551
Epoch: 98
Train_acc: 0.3665406976744186
Train_loss: 2.169799566268921
Test_acc: 0.35539667896678967
Global_step: 210701
Epoch: 99
Train_acc: 0.3662063953488372
Train_loss: 2.4501755237579346
Test_acc: 0.35141835793357934
Global_step: 212851
Epoch: 100
Train_acc: 0.36661337209302325
Train_loss: 2.261141300201416
Test_acc: 0.35441651291512916
Global_step: 215001
Epoch: 101
Train_acc: 0.36688953488372095
Train_loss: 2.695796012878418
Test_acc: 0.35372463099630996
Global_step: 217151
Epoch: 102
Train_acc: 0.3673546511627907
Train_loss: 2.974665403366089
Test_acc: 0.3553390221402214
Global_step: 219301
Epoch: 103
Train_acc: 0.3691279069767442
Train_loss: 2.5201213359832764
Test_acc: 0.357414667896679
Global_step: 221451
Epoch: 104
Train_acc: 0.3674127906976744
Train_loss: 2.3734419345855713
Test_acc: 0.35441651291512916
Global_step: 223601
Epoch: 105
Train_acc: 0.36818313953488374
Train_loss: 1.9036076068878174
Test_acc: 0.354820110701107
Global_step: 225751
nohup: ignoring input
Epoch: 106
Train_acc: 0.36582848837209303
Train_loss: 1.9720443487167358
Test_acc: 0.3547047970479705
Global_step: 227901
Epoch: 107
Train_acc: 0.3678052325581395
Train_loss: 1.8929572105407715
Test_acc: 0.352859778597786
Global_step: 230051
Epoch: 108
Train_acc: 0.36607558139534885
Train_loss: 2.7717819213867188
Test_acc: 0.35407057195571956
Global_step: 232201
Epoch: 109
Train_acc: 0.36821220930232557
Train_loss: 2.3498761653900146
Test_acc: 0.3548777675276753
Global_step: 234351
Epoch: 110
Train_acc: 0.36892441860465114
Train_loss: 1.916587233543396
Test_acc: 0.3559732472324723
Global_step: 236501
Epoch: 111
Train_acc: 0.36940406976744183
Train_loss: 2.3360443115234375
Test_acc: 0.3551660516605166
Global_step: 238651
Epoch: 112
Train_acc: 0.3681686046511628
Train_loss: 2.969965934753418
Test_acc: 0.3571840405904059
Global_step: 240801
Epoch: 113
Train_acc: 0.3690697674418605
Train_loss: 2.4770989418029785
Test_acc: 0.35626153136531363
Global_step: 242951
Epoch: 114
Train_acc: 0.3680232558139535
Train_loss: 2.8515536785125732
Test_acc: 0.3553390221402214
Global_step: 245101
Epoch: 115
Train_acc: 0.36771802325581393
Train_loss: 2.545315742492676
Test_acc: 0.3546471402214022
Global_step: 247251
Epoch: 116
Train_acc: 0.3692296511627907
Train_loss: 1.7137492895126343
Test_acc: 0.3570687269372694
Global_step: 249401
Epoch: 117
Train_acc: 0.36787790697674416
Train_loss: 1.9042589664459229
Test_acc: 0.3560309040590406
Global_step: 251551
Epoch: 118
Train_acc: 0.367921511627907
Train_loss: 2.426281452178955
Test_acc: 0.35441651291512916
Global_step: 253701
Epoch: 119
Train_acc: 0.3690116279069767
Train_loss: 2.0724589824676514
Test_acc: 0.35626153136531363
Global_step: 255851
Epoch: 120
Train_acc: 0.36986918604651164
Train_loss: 2.588134527206421
Test_acc: 0.3546471402214022
Global_step: 258001
Epoch: 121
Train_acc: 0.36795058139534886
Train_loss: 2.46254301071167
Test_acc: 0.357414667896679
Global_step: 260151
Epoch: 122
Train_acc: 0.36796511627906975
Train_loss: 2.4023067951202393
Test_acc: 0.3549354243542435
Global_step: 262301
Epoch: 123
Train_acc: 0.3682848837209302
Train_loss: 2.5990524291992188
Test_acc: 0.35476245387453875
Global_step: 264451
Epoch: 124
Train_acc: 0.3681395348837209
Train_loss: 2.01796293258667
Test_acc: 0.355684963099631
Global_step: 266601
Epoch: 125
Train_acc: 0.36963662790697677
Train_loss: 2.5083353519439697
Test_acc: 0.35925968634686345
Global_step: 268751
nohup: ignoring input
Epoch: 125
Train_acc: 0.3667877906976744
Train_loss: 2.128563165664673
Test_acc: 0.3548777675276753
Global_step: 270901
Epoch: 126
Train_acc: 0.3688081395348837
Train_loss: 2.4977757930755615
Test_acc: 0.35827952029520294
Global_step: 273051
Epoch: 127
Train_acc: 0.3699709302325581
Train_loss: 2.461118221282959
Test_acc: 0.35372463099630996
Global_step: 275201
Epoch: 128
Train_acc: 0.3688953488372093
Train_loss: 2.1228647232055664
Test_acc: 0.3540129151291513
Global_step: 277351
Epoch: 129
Train_acc: 0.3704360465116279
Train_loss: 2.3795151710510254
Test_acc: 0.3553390221402214
Global_step: 279501
Epoch: 130
Train_acc: 0.36956395348837207
Train_loss: 1.9624896049499512
Test_acc: 0.35649215867158673
Global_step: 281651
Epoch: 131
Train_acc: 0.3691860465116279
Train_loss: 2.388744592666626
Test_acc: 0.35412822878228783
Global_step: 283801
Epoch: 132
Train_acc: 0.36989825581395347
Train_loss: 1.8627711534500122
Test_acc: 0.354820110701107
Global_step: 285951
Epoch: 133
Train_acc: 0.36956395348837207
Train_loss: 2.529872179031372
Test_acc: 0.35580027675276754
Global_step: 288101
Epoch: 134
Train_acc: 0.36986918604651164
Train_loss: 2.1704726219177246
Test_acc: 0.3570687269372694
Global_step: 290251
Epoch: 135
Train_acc: 0.3692732558139535
Train_loss: 2.20340633392334
Test_acc: 0.35608856088560886
Global_step: 292401
Epoch: 136
Train_acc: 0.369578488372093
Train_loss: 2.097895383834839
Test_acc: 0.35683809963099633
Global_step: 294551
Epoch: 137
Train_acc: 0.370625
Train_loss: 2.2685885429382324
Test_acc: 0.3551660516605166
Global_step: 296701
Epoch: 138
Train_acc: 0.36998546511627906
Train_loss: 2.092654228210449
Test_acc: 0.35389760147601473
Global_step: 298851
Epoch: 139
Train_acc: 0.3694186046511628
Train_loss: 2.6314103603363037
Test_acc: 0.35758763837638374
Global_step: 301001
Epoch: 140
Train_acc: 0.36882267441860467
Train_loss: 2.6668496131896973
Test_acc: 0.35776060885608857
Global_step: 303151
Epoch: 141
Train_acc: 0.3706395348837209
Train_loss: 1.8768900632858276
Test_acc: 0.35556964944649444
Global_step: 305301
Epoch: 142
Train_acc: 0.36934593023255813
Train_loss: 2.4099833965301514
Test_acc: 0.3546471402214022
Global_step: 307451
Epoch: 143
Train_acc: 0.37
Train_loss: 2.3375084400177
Test_acc: 0.35510839483394835
Global_step: 309601
Epoch: 144
Train_acc: 0.3699418604651163
Train_loss: 2.4771218299865723
Test_acc: 0.3545318265682657
Global_step: 311751
Epoch: 145
Train_acc: 0.3715843023255814
Train_loss: 1.8134733438491821
Test_acc: 0.3559732472324723
Global_step: 313901
Epoch: 146
Train_acc: 0.37049418604651163
Train_loss: 2.4023025035858154
Test_acc: 0.3549930811808118
Global_step: 316051
Epoch: 147
Train_acc: 0.370843023255814
Train_loss: 2.042564630508423
Test_acc: 0.35724169741697415
Global_step: 318201
Epoch: 148
Train_acc: 0.36965116279069765
Train_loss: 2.116887092590332
Test_acc: 0.3579912361623616
Global_step: 320351
Epoch: 149
Train_acc: 0.3713808139534884
Train_loss: 2.2964987754821777
Test_acc: 0.353955258302583
Global_step: 322501
Epoch: 150
Train_acc: 0.3701598837209302
Train_loss: 2.260924816131592
Test_acc: 0.3570687269372694
Global_step: 324651
Epoch: 151
Train_acc: 0.37046511627906975
Train_loss: 2.198869228363037
Test_acc: 0.3553390221402214
Global_step: 326801
Epoch: 152
Train_acc: 0.3693168604651163
Train_loss: 1.8380786180496216
Test_acc: 0.3543011992619926
Global_step: 328951
Epoch: 153
Train_acc: 0.37068313953488374
Train_loss: 2.4501569271087646
Test_acc: 0.3558579335793358
Global_step: 331101
Epoch: 154
Train_acc: 0.3715697674418605
Train_loss: 2.3054726123809814
Test_acc: 0.3587407749077491
Global_step: 333251
Epoch: 155
Train_acc: 0.36914244186046513
Train_loss: 2.9747378826141357
Test_acc: 0.35747232472324725
Global_step: 335401
Epoch: 156
Train_acc: 0.3707848837209302
Train_loss: 2.0313069820404053
Test_acc: 0.3562038745387454
Global_step: 337551
Epoch: 157
Train_acc: 0.3699709302325581
Train_loss: 2.570124387741089
Test_acc: 0.35608856088560886
Global_step: 339701
Epoch: 158
Train_acc: 0.37094476744186045
Train_loss: 2.1371519565582275
Test_acc: 0.35556964944649444
Global_step: 341851
Epoch: 159
Train_acc: 0.3717441860465116
Train_loss: 2.11685848236084
Test_acc: 0.3570110701107011
Global_step: 344001
Epoch: 160
Train_acc: 0.3705377906976744
Train_loss: 1.932496190071106
Test_acc: 0.35724169741697415
Global_step: 346151
Epoch: 161
Train_acc: 0.37161337209302325
Train_loss: 2.4083950519561768
Test_acc: 0.3573570110701107
Global_step: 348301
Epoch: 162
Train_acc: 0.36989825581395347
Train_loss: 2.518442153930664
Test_acc: 0.357645295202952
Global_step: 350451
Epoch: 163
Train_acc: 0.3714970930232558
Train_loss: 2.5280895233154297
Test_acc: 0.3551660516605166
Global_step: 352601
Epoch: 164
Train_acc: 0.3713953488372093
Train_loss: 2.6606366634368896
Test_acc: 0.3573570110701107
Global_step: 354751
Epoch: 165
Train_acc: 0.37046511627906975
Train_loss: 2.54713773727417
Test_acc: 0.35827952029520294
Global_step: 356901
Epoch: 166
Train_acc: 0.3722674418604651
Train_loss: 2.51589298248291
Test_acc: 0.3578759225092251
Global_step: 359051
Epoch: 167
Train_acc: 0.3712645348837209
Train_loss: 2.4408929347991943
Test_acc: 0.3578759225092251
Global_step: 361201
Epoch: 168
Train_acc: 0.3694912790697674
Train_loss: 2.3026578426361084
Test_acc: 0.3570110701107011
Global_step: 363351
Epoch: 169
Train_acc: 0.3710029069767442
Train_loss: 2.358074188232422
Test_acc: 0.36012453874538747
Global_step: 365501
Epoch: 170
Train_acc: 0.36917151162790696
Train_loss: 1.732041597366333
Test_acc: 0.35660747232472323
Global_step: 367651
Epoch: 171
Train_acc: 0.37074127906976745
Train_loss: 2.3686928749084473
Test_acc: 0.35643450184501846
Global_step: 369801
Epoch: 172
Train_acc: 0.3721075581395349
Train_loss: 2.612210273742676
Test_acc: 0.35920202952029523
Global_step: 371951
Epoch: 173
Train_acc: 0.37140988372093026
Train_loss: 2.4759011268615723
Test_acc: 0.3590867158671587
Global_step: 374101
Epoch: 174
Train_acc: 0.37013081395348835
Train_loss: 2.128772497177124
Test_acc: 0.355684963099631
Global_step: 376251
Epoch: 175
Train_acc: 0.37206395348837207
Train_loss: 2.295222759246826
Test_acc: 0.3571840405904059
Global_step: 378401
Epoch: 176
Train_acc: 0.37065406976744186
Train_loss: 2.339949131011963
Test_acc: 0.3569534132841328
Global_step: 380551
Epoch: 177
Train_acc: 0.3712936046511628
Train_loss: 2.4233238697052
Test_acc: 0.3536669741697417
Global_step: 382701
Epoch: 178
Train_acc: 0.3707848837209302
Train_loss: 2.332160711288452
Test_acc: 0.3583371771217712
Global_step: 384851
Epoch: 179
Train_acc: 0.37267441860465117
Train_loss: 2.1760289669036865
Test_acc: 0.36018219557195574
Global_step: 387001
Epoch: 180
Train_acc: 0.37088662790697674
Train_loss: 1.6979411840438843
Test_acc: 0.35879843173431736
Global_step: 389151
Epoch: 181
Train_acc: 0.37007267441860464
Train_loss: 2.1818583011627197
Test_acc: 0.3571840405904059
Global_step: 391301
Epoch: 182
Train_acc: 0.36972383720930235
Train_loss: 2.5098140239715576
Test_acc: 0.3555119926199262
Global_step: 393451
Epoch: 183
Train_acc: 0.37026162790697675
Train_loss: 2.255913019180298
Test_acc: 0.35954797047970477
Global_step: 395601
Epoch: 184
Train_acc: 0.372296511627907
Train_loss: 2.1178553104400635
Test_acc: 0.3560309040590406
Global_step: 397751
Epoch: 185
Train_acc: 0.3705232558139535
Train_loss: 2.328033447265625
Test_acc: 0.35851014760147604
Global_step: 399901
Epoch: 186
Train_acc: 0.3707848837209302
Train_loss: 2.582274913787842
Test_acc: 0.35556964944649444
Global_step: 402051
Epoch: 187
Train_acc: 0.3715406976744186
Train_loss: 1.9491344690322876
Test_acc: 0.35712638376383765
Global_step: 404201
Epoch: 188
Train_acc: 0.37104651162790697
Train_loss: 2.5787768363952637
Test_acc: 0.35654981549815495
Global_step: 406351
Epoch: 189
Train_acc: 0.3725
Train_loss: 2.4738078117370605
Test_acc: 0.35556964944649444
Global_step: 408501
Epoch: 190
Train_acc: 0.37116279069767444
Train_loss: 2.086115837097168
Test_acc: 0.35580027675276754
Global_step: 410651
Epoch: 191
Train_acc: 0.3724418604651163
Train_loss: 2.1796514987945557
Test_acc: 0.3563768450184502
Global_step: 412801
Epoch: 192
Train_acc: 0.37127906976744185
Train_loss: 1.7074118852615356
Test_acc: 0.3522255535055351
Global_step: 414951
Epoch: 193
Train_acc: 0.3712063953488372
Train_loss: 3.1342921257019043
Test_acc: 0.3573570110701107
Global_step: 417101
Epoch: 194
Train_acc: 0.3711482558139535
Train_loss: 1.9884473085403442
Test_acc: 0.359375
Global_step: 419251
Epoch: 195
Train_acc: 0.3718168604651163
Train_loss: 2.2604804039001465
Test_acc: 0.36029750922509224
Global_step: 421401
Epoch: 196
Train_acc: 0.37261627906976746
Train_loss: 2.2244837284088135
Test_acc: 0.35781826568265684
Global_step: 423551
Epoch: 197
Train_acc: 0.3712936046511628
Train_loss: 2.3383853435516357
Test_acc: 0.3533210332103321
Global_step: 425701
Epoch: 198
Train_acc: 0.3712936046511628
Train_loss: 2.0992019176483154
Test_acc: 0.35776060885608857
Global_step: 427851
Epoch: 199
Train_acc: 0.37332848837209304
Train_loss: 2.122983694076538
Test_acc: 0.3567227859778598
Global_step: 430001
Epoch: 200
Train_acc: 0.37257267441860464
Train_loss: 2.4788239002227783
Test_acc: 0.35920202952029523
Global_step: 432151
Epoch: 201
Train_acc: 0.3732267441860465
Train_loss: 2.147848606109619
Test_acc: 0.3549354243542435
Global_step: 434301
Epoch: 202
Train_acc: 0.37079941860465115
Train_loss: 2.8049607276916504
Test_acc: 0.3556273062730627
Global_step: 436451
Epoch: 203
Train_acc: 0.37197674418604654
Train_loss: 2.234166145324707
Test_acc: 0.35626153136531363
Global_step: 438601
Epoch: 204
Train_acc: 0.3723546511627907
Train_loss: 2.2513811588287354
Test_acc: 0.3566651291512915
Global_step: 440751
Epoch: 205
Train_acc: 0.37242732558139535
Train_loss: 2.21378755569458
Test_acc: 0.35816420664206644
Global_step: 442901
Epoch: 206
Train_acc: 0.37130813953488373
Train_loss: 2.306121349334717
Test_acc: 0.35862546125461253
Global_step: 445051
Epoch: 207
Train_acc: 0.3726017441860465
Train_loss: 2.4138920307159424
Test_acc: 0.35522370848708484
Global_step: 447201
Epoch: 208
Train_acc: 0.37347383720930233
Train_loss: 2.426964044570923
Test_acc: 0.35879843173431736
Global_step: 449351
Epoch: 209
Train_acc: 0.37335755813953486
Train_loss: 2.41500186920166
Test_acc: 0.3575299815498155
Global_step: 451501
Epoch: 210
Train_acc: 0.37267441860465117
Train_loss: 2.179316759109497
Test_acc: 0.3603551660516605
Global_step: 453651
Epoch: 211
Train_acc: 0.3719622093023256
Train_loss: 1.9124596118927002
Test_acc: 0.3578759225092251
Global_step: 455801
Epoch: 212
Train_acc: 0.37164244186046513
Train_loss: 2.3542377948760986
Test_acc: 0.3597209409594096
Global_step: 457951
Epoch: 213
Train_acc: 0.3731686046511628
Train_loss: 2.802480697631836
Test_acc: 0.35412822878228783
Global_step: 460101
Epoch: 214
Train_acc: 0.3721075581395349
Train_loss: 2.465156316757202
Test_acc: 0.3543011992619926
Global_step: 462251
Epoch: 215
Train_acc: 0.37248546511627906
Train_loss: 2.5545217990875244
Test_acc: 0.3569534132841328
Global_step: 464401
Epoch: 216
Train_acc: 0.37347383720930233
Train_loss: 1.952713966369629
Test_acc: 0.357414667896679
Global_step: 466551
Epoch: 217
Train_acc: 0.37248546511627906
Train_loss: 2.7652363777160645
Test_acc: 0.3567227859778598
Global_step: 468701
Epoch: 218
Train_acc: 0.37215116279069765
Train_loss: 2.0167548656463623
Test_acc: 0.35851014760147604
Global_step: 470851
Epoch: 219
Train_acc: 0.3725581395348837
Train_loss: 2.149609088897705
Test_acc: 0.35995156826568264
Global_step: 473001
Epoch: 220
Train_acc: 0.371875
Train_loss: 2.8069510459899902
Test_acc: 0.3563191881918819
Global_step: 475151
Epoch: 221
Train_acc: 0.37396802325581396
Train_loss: 2.6704907417297363
Test_acc: 0.3567227859778598
Global_step: 477301
Epoch: 222
Train_acc: 0.37265988372093023
Train_loss: 2.3297619819641113
Test_acc: 0.3586831180811808
Global_step: 479451
Epoch: 223
Train_acc: 0.37263081395348835
Train_loss: 2.0692620277404785
Test_acc: 0.3593173431734317
Global_step: 481601
Epoch: 224
Train_acc: 0.37248546511627906
Train_loss: 1.9804478883743286
Test_acc: 0.35793357933579334
Global_step: 483751
Epoch: 225
Train_acc: 0.3713953488372093
Train_loss: 2.3646740913391113
Test_acc: 0.3559732472324723
Global_step: 485901
Epoch: 226
Train_acc: 0.3711191860465116
Train_loss: 1.9757866859436035
Test_acc: 0.3551660516605166
Global_step: 488051
Epoch: 227
Train_acc: 0.3730668604651163
Train_loss: 2.0169355869293213
Test_acc: 0.3569534132841328
Global_step: 490201
Epoch: 228
Train_acc: 0.37194767441860466
Train_loss: 2.62648868560791
Test_acc: 0.3597209409594096
Global_step: 492351
Epoch: 229
Train_acc: 0.37271802325581394
Train_loss: 1.8808722496032715
Test_acc: 0.35781826568265684
Global_step: 494501
Epoch: 230
Train_acc: 0.3723546511627907
Train_loss: 1.8141164779663086
Test_acc: 0.35897140221402213
Global_step: 496651
Epoch: 231
Train_acc: 0.3721947674418605
Train_loss: 2.4380135536193848
Test_acc: 0.35851014760147604
Global_step: 498801
Epoch: 232
Train_acc: 0.3714970930232558
Train_loss: 2.5268280506134033
Test_acc: 0.35591559040590404
Global_step: 500951
Epoch: 233
Train_acc: 0.371875
Train_loss: 2.7452752590179443
Test_acc: 0.35614621771217714
Global_step: 503101
Epoch: 234
Train_acc: 0.3737063953488372
Train_loss: 2.4717252254486084
Test_acc: 0.3579912361623616
Global_step: 505251
Epoch: 235
Train_acc: 0.37335755813953486
Train_loss: 2.2049458026885986
Test_acc: 0.3569534132841328
Global_step: 507401
Epoch: 236
Train_acc: 0.37257267441860464
Train_loss: 2.2280240058898926
Test_acc: 0.3593173431734317
Global_step: 509551
Epoch: 237
Train_acc: 0.3723110465116279
Train_loss: 2.1236822605133057
Test_acc: 0.3573570110701107
Global_step: 511701
Epoch: 238
Train_acc: 0.37299418604651163
Train_loss: 2.799826145172119
Test_acc: 0.35747232472324725
Global_step: 513851
Epoch: 239
Train_acc: 0.37206395348837207
Train_loss: 2.50827956199646
Test_acc: 0.35851014760147604
Global_step: 516001
Epoch: 240
Train_acc: 0.3720494186046512
Train_loss: 2.032933473587036
Test_acc: 0.35920202952029523
Global_step: 518151
Epoch: 241
Train_acc: 0.3734156976744186
Train_loss: 2.195798635482788
Test_acc: 0.3579912361623616
Global_step: 520301
Epoch: 242
Train_acc: 0.3736482558139535
Train_loss: 2.451624870300293
Test_acc: 0.35983625461254615
Global_step: 522451
Epoch: 243
Train_acc: 0.37338662790697674
Train_loss: 2.8236730098724365
Test_acc: 0.3607587638376384
Global_step: 524601
Epoch: 244
Train_acc: 0.37184593023255813
Train_loss: 2.440639019012451
Test_acc: 0.3600092250922509
Global_step: 526751
Epoch: 245
Train_acc: 0.37332848837209304
Train_loss: 2.6670315265655518
Test_acc: 0.35827952029520294
Global_step: 528901
Epoch: 246
Train_acc: 0.3734156976744186
Train_loss: 2.3368592262268066
Test_acc: 0.35689575645756455
Global_step: 531051
Epoch: 247
Train_acc: 0.37223837209302324
Train_loss: 2.1577348709106445
Test_acc: 0.3600092250922509
Global_step: 533201
Epoch: 248
Train_acc: 0.3715406976744186
Train_loss: 2.285839080810547
Test_acc: 0.35879843173431736
Global_step: 535351
Epoch: 249
Train_acc: 0.372078488372093
Train_loss: 2.2335567474365234
Test_acc: 0.35747232472324725
Global_step: 537501
Epoch: 250
Train_acc: 0.37287790697674417
Train_loss: 2.6913559436798096
Test_acc: 0.35885608856088563
Global_step: 539651
Epoch: 251
Train_acc: 0.3725581395348837
Train_loss: 2.429434061050415
Test_acc: 0.3571840405904059
Global_step: 541801
Epoch: 252
Train_acc: 0.3735901162790698
Train_loss: 2.606093168258667
Test_acc: 0.35781826568265684
Global_step: 543951
Epoch: 253
Train_acc: 0.3728052325581395
Train_loss: 2.4750826358795166
Test_acc: 0.35845249077490776
Global_step: 546101
Epoch: 254
Train_acc: 0.3722529069767442
Train_loss: 1.807500958442688
Test_acc: 0.3563191881918819
Global_step: 548251
Epoch: 255
Train_acc: 0.37402616279069767
Train_loss: 2.3187296390533447
Test_acc: 0.35897140221402213
Global_step: 550401
Epoch: 256
Train_acc: 0.3710174418604651
Train_loss: 2.101656198501587
Test_acc: 0.35776060885608857
Global_step: 552551
Epoch: 257
Train_acc: 0.371453488372093
Train_loss: 2.627368211746216
Test_acc: 0.35822186346863466
Global_step: 554701
Epoch: 258
Train_acc: 0.3724418604651163
Train_loss: 2.6578421592712402
Test_acc: 0.35608856088560886
Global_step: 556851
Epoch: 259
Train_acc: 0.3729360465116279
Train_loss: 2.1052675247192383
Test_acc: 0.35591559040590404
Global_step: 559001
Epoch: 260
Train_acc: 0.3737063953488372
Train_loss: 1.8251678943634033
Test_acc: 0.35510839483394835
Global_step: 561151
Epoch: 261
Train_acc: 0.3732703488372093
Train_loss: 2.3634934425354004
Test_acc: 0.35920202952029523
Global_step: 563301
Epoch: 262
Train_acc: 0.3733139534883721
Train_loss: 2.7646443843841553
Test_acc: 0.3547047970479705
Global_step: 565451
Epoch: 263
Train_acc: 0.37465116279069766
Train_loss: 2.15500545501709
Test_acc: 0.35949031365313655
Global_step: 567601
Epoch: 264
Train_acc: 0.3727906976744186
Train_loss: 2.195732831954956
Test_acc: 0.36047047970479706
Global_step: 569751
Epoch: 265
Train_acc: 0.3735901162790698
Train_loss: 2.408857583999634
Test_acc: 0.35856780442804426
Global_step: 571901
Epoch: 266
Train_acc: 0.373953488372093
Train_loss: 2.5206780433654785
Test_acc: 0.3578759225092251
Global_step: 574051
Epoch: 267
Train_acc: 0.3735174418604651
Train_loss: 2.5584957599639893
Test_acc: 0.3572993542435424
Global_step: 576201
Epoch: 268
Train_acc: 0.3740843023255814
Train_loss: 2.441915273666382
Test_acc: 0.35862546125461253
Global_step: 578351
Epoch: 269
Train_acc: 0.37383720930232556
Train_loss: 2.1351585388183594
Test_acc: 0.35510839483394835
Global_step: 580501
Epoch: 270
Train_acc: 0.37375
Train_loss: 2.190365791320801
Test_acc: 0.3573570110701107
Global_step: 582651
Epoch: 271
Train_acc: 0.37425872093023255
Train_loss: 2.1225321292877197
Test_acc: 0.35810654981549817
Global_step: 584801
Epoch: 272
Train_acc: 0.37478197674418606
Train_loss: 2.218829870223999
Test_acc: 0.35885608856088563
Global_step: 586951
Epoch: 273
Train_acc: 0.37318313953488375
Train_loss: 2.6071135997772217
Test_acc: 0.3604128228782288
Global_step: 589101
Epoch: 274
Train_acc: 0.37270348837209305
Train_loss: 2.1760566234588623
Test_acc: 0.3583948339483395
Global_step: 591251
Epoch: 275
Train_acc: 0.37420058139534884
Train_loss: 2.246342658996582
Test_acc: 0.35845249077490776
Global_step: 593401
Epoch: 276
Train_acc: 0.3747093023255814
Train_loss: 2.4408276081085205
Test_acc: 0.3597209409594096
Global_step: 595551
Epoch: 277
Train_acc: 0.37488372093023253
Train_loss: 2.14159893989563
Test_acc: 0.35827952029520294
Global_step: 597701
Epoch: 278
Train_acc: 0.37353197674418603
Train_loss: 2.1807942390441895
Test_acc: 0.35920202952029523
Global_step: 599851
Epoch: 279
Train_acc: 0.3728052325581395
Train_loss: 2.472547769546509
Test_acc: 0.3593173431734317
Global_step: 602001
Epoch: 280
Train_acc: 0.37377906976744185
Train_loss: 2.17871356010437
Test_acc: 0.3583371771217712
Global_step: 604151
Epoch: 281
Train_acc: 0.3736046511627907
Train_loss: 2.541053295135498
Test_acc: 0.3553390221402214
Global_step: 606301
Epoch: 282
Train_acc: 0.3724418604651163
Train_loss: 2.4012339115142822
Test_acc: 0.35649215867158673
Global_step: 608451
Epoch: 283
Train_acc: 0.37332848837209304
Train_loss: 2.2261345386505127
Test_acc: 0.35758763837638374
Global_step: 610601
Epoch: 284
Train_acc: 0.3743604651162791
Train_loss: 2.314561367034912
Test_acc: 0.35776060885608857
Global_step: 612751
Epoch: 285
Train_acc: 0.37434593023255813
Train_loss: 2.4530978202819824
Test_acc: 0.3583371771217712
Global_step: 614901
Epoch: 286
Train_acc: 0.3742151162790698
Train_loss: 2.2947702407836914
Test_acc: 0.3577029520295203
Global_step: 617051
Epoch: 287
Train_acc: 0.3731395348837209
Train_loss: 2.3953194618225098
Test_acc: 0.36064345018450183
Global_step: 619201
Epoch: 288
Train_acc: 0.3730377906976744
Train_loss: 2.174285411834717
Test_acc: 0.357645295202952
Global_step: 621351
Epoch: 289
Train_acc: 0.3738953488372093
Train_loss: 2.1045920848846436
Test_acc: 0.35925968634686345
Global_step: 623501
Epoch: 290
Train_acc: 0.3748110465116279
Train_loss: 2.705812454223633
Test_acc: 0.35845249077490776
Global_step: 625651
Epoch: 291
Train_acc: 0.3742296511627907
Train_loss: 1.9373787641525269
Test_acc: 0.35660747232472323
Global_step: 627801
Epoch: 292
Train_acc: 0.3738517441860465
Train_loss: 2.229524850845337
Test_acc: 0.35885608856088563
Global_step: 629951
Epoch: 293
Train_acc: 0.3739970930232558
Train_loss: 2.2442257404327393
Test_acc: 0.3578759225092251
Global_step: 632101
Epoch: 294
Train_acc: 0.3750872093023256
Train_loss: 2.3965792655944824
Test_acc: 0.35977859778597787
Global_step: 634251
Epoch: 295
Train_acc: 0.3744331395348837
Train_loss: 2.2203526496887207
Test_acc: 0.3597209409594096
Global_step: 636401
Epoch: 296
Train_acc: 0.3738953488372093
Train_loss: 2.400618314743042
Test_acc: 0.35781826568265684
Global_step: 638551
Epoch: 297
Train_acc: 0.37453488372093025
Train_loss: 2.5183582305908203
Test_acc: 0.35827952029520294
Global_step: 640701
Epoch: 298
Train_acc: 0.37242732558139535
Train_loss: 2.508044958114624
Test_acc: 0.3569534132841328
Global_step: 642851
Epoch: 299
Train_acc: 0.37484011627906977
Train_loss: 2.123076915740967
Test_acc: 0.3583948339483395
Global_step: 645001
Epoch: 300
Train_acc: 0.3741279069767442
Train_loss: 2.5303730964660645
Test_acc: 0.36116236162361626
Global_step: 647151
Epoch: 301
Train_acc: 0.3740988372093023
Train_loss: 2.323068141937256
Test_acc: 0.3590867158671587
Global_step: 649301
Epoch: 302
Train_acc: 0.3743604651162791
Train_loss: 2.1780471801757812
Test_acc: 0.35914437269372695
Global_step: 651451
Epoch: 303
Train_acc: 0.3751889534883721
Train_loss: 2.4318108558654785
Test_acc: 0.35747232472324725
Global_step: 653601
Epoch: 304
Train_acc: 0.3763953488372093
Train_loss: 2.653743028640747
Test_acc: 0.35626153136531363
Global_step: 655751
Epoch: 305
Train_acc: 0.37392441860465114
Train_loss: 2.0607197284698486
Test_acc: 0.35683809963099633
Global_step: 657901
Epoch: 306
Train_acc: 0.37568313953488375
Train_loss: 2.346904754638672
Test_acc: 0.36012453874538747
Global_step: 660051
Epoch: 307
Train_acc: 0.3744622093023256
Train_loss: 2.4300832748413086
Test_acc: 0.3607587638376384
Global_step: 662201
Epoch: 308
Train_acc: 0.37450581395348836
Train_loss: 2.499372959136963
Test_acc: 0.36029750922509224
Global_step: 664351
Epoch: 309
Train_acc: 0.37463662790697677
Train_loss: 2.3280131816864014
Test_acc: 0.3594326568265683
Global_step: 666501
Epoch: 310
Train_acc: 0.37456395348837207
Train_loss: 2.259580135345459
Test_acc: 0.3594326568265683
Global_step: 668651
Epoch: 311
Train_acc: 0.3759593023255814
Train_loss: 2.030784845352173
Test_acc: 0.35724169741697415
Global_step: 670801
Epoch: 312
Train_acc: 0.3731686046511628
Train_loss: 2.181142807006836
Test_acc: 0.35845249077490776
Global_step: 672951
Epoch: 313
Train_acc: 0.3738517441860465
Train_loss: 2.42502760887146
Test_acc: 0.36018219557195574
Global_step: 675101
Epoch: 314
Train_acc: 0.3747674418604651
Train_loss: 1.9383740425109863
Test_acc: 0.3563768450184502
Global_step: 677251
Epoch: 315
Train_acc: 0.37478197674418606
Train_loss: 2.1571736335754395
Test_acc: 0.35781826568265684
Global_step: 679401
Epoch: 316
Train_acc: 0.375
Train_loss: 1.9020658731460571
Test_acc: 0.36098939114391143
Global_step: 681551
Epoch: 317
Train_acc: 0.3749418604651163
Train_loss: 2.6386001110076904
Test_acc: 0.35885608856088563
Global_step: 683701
Epoch: 318
Train_acc: 0.3742441860465116
Train_loss: 2.1901943683624268
Test_acc: 0.35626153136531363
Global_step: 685851
Epoch: 319
Train_acc: 0.3763953488372093
Train_loss: 2.011127233505249
Test_acc: 0.35920202952029523
Global_step: 688001
Epoch: 320
Train_acc: 0.3740988372093023
Train_loss: 2.0136330127716064
Test_acc: 0.3579912361623616
Global_step: 690151
Epoch: 321
Train_acc: 0.3739825581395349
Train_loss: 2.157198190689087
Test_acc: 0.36058579335793356
Global_step: 692301
Epoch: 322
Train_acc: 0.3738226744186047
Train_loss: 2.026994466781616
Test_acc: 0.35989391143911437
Global_step: 694451
Epoch: 323
Train_acc: 0.376046511627907
Train_loss: 2.5112664699554443
Test_acc: 0.3590290590405904
Global_step: 696601
Epoch: 324
Train_acc: 0.3753343023255814
Train_loss: 2.2646334171295166
Test_acc: 0.35856780442804426
Global_step: 698751
Epoch: 325
Train_acc: 0.37486918604651165
Train_loss: 2.4822733402252197
Test_acc: 0.3624308118081181
Global_step: 700901
Epoch: 326
Train_acc: 0.3753052325581395
Train_loss: 2.2375755310058594
Test_acc: 0.35412822878228783
Global_step: 703051
Epoch: 327
Train_acc: 0.37440406976744184
Train_loss: 2.276395320892334
Test_acc: 0.35810654981549817
Global_step: 705201
Epoch: 328
