nohup: ignoring input
Epoch: 1
Train_acc: 0.17366279069767443
Train_loss: 3.1794328689575195
Test_acc: 0.2091789667896679
Global_step: 1076
Epoch: 2
Train_acc: 0.21424418604651163
Train_loss: 2.9053540229797363
Test_acc: 0.21292666051660517
Global_step: 2151
Epoch: 3
Train_acc: 0.21659883720930231
Train_loss: 3.053745746612549
Test_acc: 0.21765452029520296
Global_step: 3226
Epoch: 4
Train_acc: 0.22055232558139534
Train_loss: 2.752049446105957
Test_acc: 0.2180581180811808
Global_step: 4301
Epoch: 5
Train_acc: 0.2229360465116279
Train_loss: 2.843386650085449
Test_acc: 0.2227859778597786
Global_step: 5376
Epoch: 6
Train_acc: 0.22796511627906976
Train_loss: 2.9917898178100586
Test_acc: 0.22664898523985239
Global_step: 6451
Epoch: 7
Train_acc: 0.23232558139534884
Train_loss: 2.7512471675872803
Test_acc: 0.2318380996309963
Global_step: 7526
nohup: ignoring input
Epoch: 8
Train_acc: 0.23677325581395348
Train_loss: 3.1706759929656982
Test_acc: 0.2370848708487085
Global_step: 8601
Epoch: 9
Train_acc: 0.24069767441860465
Train_loss: 3.0308837890625
Test_acc: 0.24348477859778597
Global_step: 9676
Epoch: 10
Train_acc: 0.2427906976744186
Train_loss: 2.571035861968994
Test_acc: 0.24290821033210333
Global_step: 10751
Epoch: 11
Train_acc: 0.24549418604651163
Train_loss: 2.59529447555542
Test_acc: 0.24440728782287824
Global_step: 11826
Epoch: 12
Train_acc: 0.24770348837209302
Train_loss: 2.9820196628570557
Test_acc: 0.24942343173431733
Global_step: 12901
Epoch: 13
Train_acc: 0.24979651162790698
Train_loss: 2.8166677951812744
Test_acc: 0.2472901291512915
Global_step: 13976
Epoch: 14
Train_acc: 0.24892441860465117
Train_loss: 2.9065208435058594
Test_acc: 0.24705950184501846
Global_step: 15051
Epoch: 15
Train_acc: 0.25261627906976747
Train_loss: 2.7193191051483154
Test_acc: 0.25126845018450183
Global_step: 16126
Epoch: 16
Train_acc: 0.2517151162790698
Train_loss: 2.7234244346618652
Test_acc: 0.25121079335793356
Global_step: 17201
Epoch: 17
Train_acc: 0.2544767441860465
Train_loss: 2.8397555351257324
Test_acc: 0.25795664206642066
Global_step: 18276
Epoch: 18
Train_acc: 0.25656976744186044
Train_loss: 2.808659791946411
Test_acc: 0.2557656826568266
Global_step: 19351
nohup: ignoring input
Epoch: 19
Train_acc: 0.2595639534883721
Train_loss: 2.89686918258667
Test_acc: 0.2608971402214022
Global_step: 20426
Epoch: 20
Train_acc: 0.26058139534883723
Train_loss: 2.6797361373901367
Test_acc: 0.2591674354243542
Global_step: 21501
Epoch: 21
Train_acc: 0.26063953488372094
Train_loss: 2.3119542598724365
Test_acc: 0.2642988929889299
Global_step: 22576
Epoch: 22
Train_acc: 0.26063953488372094
Train_loss: 3.0447590351104736
Test_acc: 0.26101245387453875
Global_step: 23651
Epoch: 23
Train_acc: 0.26308139534883723
Train_loss: 2.839153289794922
Test_acc: 0.2624538745387454
Global_step: 24726
Epoch: 24
Train_acc: 0.2645639534883721
Train_loss: 2.478128433227539
Test_acc: 0.2618773062730627
Global_step: 25801
Epoch: 25
Train_acc: 0.2677616279069767
Train_loss: 2.2506680488586426
Test_acc: 0.26718173431734316
Global_step: 26876
Epoch: 26
Train_acc: 0.2675
Train_loss: 3.036494731903076
Test_acc: 0.2597440036900369
Global_step: 27951
Epoch: 27
Train_acc: 0.26738372093023255
Train_loss: 2.7962491512298584
Test_acc: 0.2734086715867159
Global_step: 29026
Epoch: 28
Train_acc: 0.27072674418604653
Train_loss: 2.4924652576446533
Test_acc: 0.2666051660516605
Global_step: 30101
Epoch: 29
Train_acc: 0.27162790697674416
Train_loss: 2.7681796550750732
Test_acc: 0.272140221402214
Global_step: 31176
Epoch: 30
Train_acc: 0.272703488372093
Train_loss: 2.660844087600708
Test_acc: 0.26856549815498154
Global_step: 32251
Epoch: 31
Train_acc: 0.2760755813953488
Train_loss: 2.677457094192505
Test_acc: 0.2768104243542435
Global_step: 33326
Epoch: 32
Train_acc: 0.2761918604651163
Train_loss: 2.8405203819274902
Test_acc: 0.2775023062730627
Global_step: 34401
Epoch: 33
Train_acc: 0.2771220930232558
Train_loss: 2.6427500247955322
Test_acc: 0.2764068265682657
Global_step: 35476
Epoch: 34
Train_acc: 0.28063953488372095
Train_loss: 2.4733197689056396
Test_acc: 0.27848247232472323
Global_step: 36551
Epoch: 35
Train_acc: 0.28078488372093025
Train_loss: 2.2474911212921143
Test_acc: 0.27600322878228783
Global_step: 37626
Epoch: 36
Train_acc: 0.28412790697674417
Train_loss: 2.5657835006713867
Test_acc: 0.28148062730627305
Global_step: 38701
Epoch: 37
Train_acc: 0.2833139534883721
Train_loss: 2.914538860321045
Test_acc: 0.27900138376383765
Global_step: 39776
Epoch: 38
Train_acc: 0.2839825581395349
Train_loss: 2.723660707473755
Test_acc: 0.28551660516605165
Global_step: 40851
Epoch: 39
Train_acc: 0.2856395348837209
Train_loss: 2.4570279121398926
Test_acc: 0.28649677121771217
Global_step: 41926
Epoch: 40
Train_acc: 0.2863662790697674
Train_loss: 2.5941860675811768
Test_acc: 0.28303736162361626
Global_step: 43001
Epoch: 41
Train_acc: 0.28776162790697674
Train_loss: 2.517591714859009
Test_acc: 0.2866120848708487
Global_step: 44076
Epoch: 42
Train_acc: 0.2888953488372093
Train_loss: 2.254807472229004
Test_acc: 0.28378690036900367
Global_step: 45151
Epoch: 43
Train_acc: 0.28927325581395347
Train_loss: 2.7632384300231934
Test_acc: 0.2890913284132841
Global_step: 46226
Epoch: 44
Train_acc: 0.29040697674418603
Train_loss: 2.5554966926574707
Test_acc: 0.2890913284132841
Global_step: 47301
Epoch: 45
Train_acc: 0.2911046511627907
Train_loss: 2.6556966304779053
Test_acc: 0.29157057195571956
Global_step: 48376
Epoch: 46
Train_acc: 0.2919767441860465
Train_loss: 2.669872283935547
Test_acc: 0.2889760147601476
Global_step: 49451
Epoch: 47
Train_acc: 0.29125
Train_loss: 2.728693723678589
Test_acc: 0.2897832103321033
Global_step: 50526
Epoch: 48
Train_acc: 0.2951453488372093
Train_loss: 2.6327126026153564
Test_acc: 0.29295433579335795
Global_step: 51601
Epoch: 49
Train_acc: 0.2944767441860465
Train_loss: 2.6505753993988037
Test_acc: 0.28961023985239853
Global_step: 52676
Epoch: 50
Train_acc: 0.29505813953488375
Train_loss: 2.7456657886505127
Test_acc: 0.2904750922509225
Global_step: 53751
Epoch: 51
Train_acc: 0.2969767441860465
Train_loss: 2.8056962490081787
Test_acc: 0.291455258302583
Global_step: 54826
Epoch: 52
Train_acc: 0.2980232558139535
Train_loss: 2.8036062717437744
Test_acc: 0.2941651291512915
Global_step: 55901
Epoch: 53
Train_acc: 0.29921511627906977
Train_loss: 2.3705015182495117
Test_acc: 0.29664437269372695
Global_step: 56976
Epoch: 54
Train_acc: 0.29709302325581394
Train_loss: 2.378485918045044
Test_acc: 0.292320110701107
Global_step: 58051
Epoch: 55
Train_acc: 0.301453488372093
Train_loss: 2.285310983657837
Test_acc: 0.29560654981549817
Global_step: 59126
Epoch: 56
Train_acc: 0.3000581395348837
Train_loss: 2.6150569915771484
Test_acc: 0.3009109778597786
Global_step: 60201
Epoch: 57
Train_acc: 0.30104651162790697
Train_loss: 2.770097494125366
Test_acc: 0.29814345018450183
Global_step: 61276
Epoch: 58
Train_acc: 0.3006104651162791
Train_loss: 2.473823070526123
Test_acc: 0.29629843173431736
Global_step: 62351
Epoch: 59
Train_acc: 0.30279069767441863
Train_loss: 3.0139248371124268
Test_acc: 0.3003920664206642
Global_step: 63426
Epoch: 60
Train_acc: 0.305
Train_loss: 2.30015230178833
Test_acc: 0.29399215867158673
Global_step: 64501
Epoch: 61
Train_acc: 0.30375
Train_loss: 2.4858126640319824
Test_acc: 0.29773985239852396
Global_step: 65576
Epoch: 62
Train_acc: 0.3051453488372093
Train_loss: 2.522632598876953
Test_acc: 0.2958371771217712
Global_step: 66651
Epoch: 63
Train_acc: 0.30680232558139536
Train_loss: 2.713688850402832
Test_acc: 0.30016143911439114
Global_step: 67726
Epoch: 64
Train_acc: 0.30686046511627907
Train_loss: 3.2625210285186768
Test_acc: 0.30200645756457567
Global_step: 68801
Epoch: 65
Train_acc: 0.30770348837209305
Train_loss: 2.514904260635376
Test_acc: 0.3040821033210332
Global_step: 69876
Epoch: 66
Train_acc: 0.30883720930232555
Train_loss: 2.1807148456573486
Test_acc: 0.3027559963099631
Global_step: 70951
Epoch: 67
Train_acc: 0.30965116279069765
Train_loss: 2.5731308460235596
Test_acc: 0.3015452029520295
Global_step: 72026
Epoch: 68
Train_acc: 0.309796511627907
Train_loss: 2.696911334991455
Test_acc: 0.3081180811808118
Global_step: 73101
Epoch: 69
Train_acc: 0.3132558139534884
Train_loss: 2.392834424972534
Test_acc: 0.30183348708487084
Global_step: 74176
Epoch: 70
Train_acc: 0.3109593023255814
Train_loss: 2.1088411808013916
Test_acc: 0.30281365313653136
Global_step: 75251
Epoch: 71
Train_acc: 0.31380813953488373
Train_loss: 2.4339897632598877
Test_acc: 0.30454335793357934
Global_step: 76326
Epoch: 72
Train_acc: 0.31238372093023253
Train_loss: 2.65415358543396
Test_acc: 0.30904059040590404
Global_step: 77401
Epoch: 73
Train_acc: 0.31552325581395346
Train_loss: 2.5603487491607666
Test_acc: 0.3074838560885609
Global_step: 78476
Epoch: 74
Train_acc: 0.3167732558139535
Train_loss: 2.414936065673828
Test_acc: 0.30385147601476015
Global_step: 79551
nohup: ignoring input
Epoch: 75
Train_acc: 0.3149418604651163
Train_loss: 2.7734181880950928
Test_acc: 0.310539667896679
Global_step: 80626
Epoch: 76
Train_acc: 0.31511627906976747
Train_loss: 2.5961239337921143
Test_acc: 0.3110009225092251
Global_step: 81701
Epoch: 77
Train_acc: 0.31738372093023254
Train_loss: 2.9599244594573975
Test_acc: 0.31307656826568264
Global_step: 82776
Epoch: 78
Train_acc: 0.31973837209302325
Train_loss: 2.6880335807800293
Test_acc: 0.30886761992619927
Global_step: 83851
Epoch: 79
Train_acc: 0.31950581395348837
Train_loss: 2.641794204711914
Test_acc: 0.30823339483394835
Global_step: 84926
Epoch: 80
Train_acc: 0.32049418604651164
Train_loss: 2.6467413902282715
Test_acc: 0.3125
Global_step: 86001
Epoch: 81
Train_acc: 0.3191860465116279
Train_loss: 2.8432774543762207
Test_acc: 0.31123154981549817
Global_step: 87076
Epoch: 82
Train_acc: 0.3226162790697674
Train_loss: 2.758226156234741
Test_acc: 0.3169395756457565
Global_step: 88151
Epoch: 83
Train_acc: 0.3216279069767442
Train_loss: 2.535646915435791
Test_acc: 0.310770295202952
Global_step: 89226
Epoch: 84
Train_acc: 0.31965116279069766
Train_loss: 2.248967409133911
Test_acc: 0.30857933579335795
Global_step: 90301
Epoch: 85
Train_acc: 0.32325581395348835
Train_loss: 3.1708128452301025
Test_acc: 0.314460332103321
Global_step: 91376
Epoch: 86
Train_acc: 0.3231686046511628
Train_loss: 2.2916905879974365
Test_acc: 0.31198108856088563
Global_step: 92451
Epoch: 87
Train_acc: 0.32392441860465115
Train_loss: 2.1847574710845947
Test_acc: 0.3183233394833948
Global_step: 93526
Epoch: 88
Train_acc: 0.32526162790697677
Train_loss: 2.3308749198913574
Test_acc: 0.31267297047970477
Global_step: 94601
Epoch: 89
Train_acc: 0.3261627906976744
Train_loss: 2.5922577381134033
Test_acc: 0.31105857933579334
Global_step: 95676
Epoch: 90
Train_acc: 0.32497093023255813
Train_loss: 2.5819857120513916
Test_acc: 0.31226937269372695
Global_step: 96751
Epoch: 91
Train_acc: 0.3253197674418605
Train_loss: 2.2160003185272217
Test_acc: 0.3165359778597786
Global_step: 97826
Epoch: 92
Train_acc: 0.32915697674418604
Train_loss: 2.382402181625366
Test_acc: 0.3172278597785978
Global_step: 98901
Epoch: 93
Train_acc: 0.3288953488372093
Train_loss: 2.6271555423736572
Test_acc: 0.3104243542435424
Global_step: 99976
Epoch: 94
Train_acc: 0.3280232558139535
Train_loss: 2.7078640460968018
Test_acc: 0.3189575645756458
Global_step: 101051
Epoch: 95
Train_acc: 0.32968023255813955
Train_loss: 2.216679573059082
Test_acc: 0.31884225092250923
Global_step: 102126
Epoch: 96
Train_acc: 0.33223837209302326
Train_loss: 2.270920515060425
Test_acc: 0.3196494464944649
Global_step: 103201
Epoch: 97
Train_acc: 0.3311046511627907
Train_loss: 2.9189484119415283
Test_acc: 0.3193035055350554
Global_step: 104276
Epoch: 98
Train_acc: 0.32915697674418604
Train_loss: 2.533642292022705
Test_acc: 0.32045664206642066
Global_step: 105351
Epoch: 99
Train_acc: 0.33125
Train_loss: 2.2985050678253174
Test_acc: 0.3205719557195572
Global_step: 106426
Epoch: 100
Train_acc: 0.33247093023255814
Train_loss: 2.7199409008026123
Test_acc: 0.31405673431734316
Global_step: 107501
Epoch: 101
Train_acc: 0.3325
Train_loss: 2.1904983520507812
Test_acc: 0.321609778597786
Global_step: 108576
Epoch: 102
Train_acc: 0.33325581395348836
Train_loss: 2.663161277770996
Test_acc: 0.3168819188191882
Global_step: 109651
Epoch: 103
Train_acc: 0.3329651162790698
Train_loss: 2.0785059928894043
Test_acc: 0.32011070110701106
Global_step: 110726
Epoch: 104
Train_acc: 0.33502906976744184
Train_loss: 2.4694573879241943
Test_acc: 0.31780442804428044
Global_step: 111801
Epoch: 105
Train_acc: 0.33235465116279067
Train_loss: 2.8627567291259766
Test_acc: 0.31745848708487084
Global_step: 112876
Epoch: 106
Train_acc: 0.3350581395348837
Train_loss: 2.655322790145874
Test_acc: 0.3172855166051661
Global_step: 113951
Epoch: 107
Train_acc: 0.33578488372093024
Train_loss: 2.328298807144165
Test_acc: 0.32483856088560886
Global_step: 115026
Epoch: 108
Train_acc: 0.3353488372093023
Train_loss: 2.446474313735962
Test_acc: 0.32835562730627305
Global_step: 116101
Epoch: 109
Train_acc: 0.33997093023255814
Train_loss: 2.2282652854919434
Test_acc: 0.324434963099631
Global_step: 117176
Epoch: 110
Train_acc: 0.33909883720930234
Train_loss: 2.6755335330963135
Test_acc: 0.324434963099631
Global_step: 118251
Epoch: 111
Train_acc: 0.33723837209302326
Train_loss: 2.607527017593384
Test_acc: 0.32218634686346864
Global_step: 119326
nohup: ignoring input
Epoch: 112
Train_acc: 0.33994186046511626
Train_loss: 2.4719901084899902
Test_acc: 0.3227629151291513
Global_step: 120401
Epoch: 113
Train_acc: 0.33805232558139536
Train_loss: 2.4781723022460938
Test_acc: 0.32697186346863466
Global_step: 121476
Epoch: 114
Train_acc: 0.34081395348837207
Train_loss: 2.7759833335876465
Test_acc: 0.32420433579335795
Global_step: 122551
Epoch: 115
Train_acc: 0.3380232558139535
Train_loss: 2.6754209995269775
Test_acc: 0.3212638376383764
Global_step: 123626
Epoch: 116
Train_acc: 0.3384593023255814
Train_loss: 2.7283241748809814
Test_acc: 0.32414667896678967
Global_step: 124701
Epoch: 117
Train_acc: 0.34005813953488373
Train_loss: 3.0944509506225586
Test_acc: 0.324434963099631
Global_step: 125776
Epoch: 118
Train_acc: 0.3402325581395349
Train_loss: 2.21134614944458
Test_acc: 0.32316651291512916
Global_step: 126851
Epoch: 119
Train_acc: 0.34136627906976746
Train_loss: 2.2986557483673096
Test_acc: 0.3259340405904059
Global_step: 127926
Epoch: 120
Train_acc: 0.342296511627907
Train_loss: 2.897067070007324
Test_acc: 0.32316651291512916
Global_step: 129001
Epoch: 121
Train_acc: 0.3437790697674419
Train_loss: 2.0427937507629395
Test_acc: 0.32455027675276754
Global_step: 130076
Epoch: 122
Train_acc: 0.3461627906976744
Train_loss: 2.193438768386841
Test_acc: 0.32449261992619927
Global_step: 131151
Epoch: 123
Train_acc: 0.342906976744186
Train_loss: 2.4128341674804688
Test_acc: 0.3281826568265683
Global_step: 132226
Epoch: 124
Train_acc: 0.34659883720930235
Train_loss: 2.562134265899658
Test_acc: 0.3257034132841328
Global_step: 133301
Epoch: 125
Train_acc: 0.34494186046511627
Train_loss: 2.5348284244537354
Test_acc: 0.3266259225092251
Global_step: 134376
Epoch: 126
Train_acc: 0.3447093023255814
Train_loss: 2.0808985233306885
Test_acc: 0.32731780442804426
Global_step: 135451
Epoch: 127
Train_acc: 0.34473837209302327
Train_loss: 1.761692762374878
Test_acc: 0.3236854243542435
Global_step: 136526
Epoch: 128
Train_acc: 0.345406976744186
Train_loss: 2.8631787300109863
Test_acc: 0.3238007380073801
Global_step: 137601
Epoch: 129
Train_acc: 0.34494186046511627
Train_loss: 2.347606897354126
Test_acc: 0.32483856088560886
Global_step: 138676
Epoch: 130
Train_acc: 0.3451453488372093
Train_loss: 2.4125494956970215
Test_acc: 0.3301429889298893
Global_step: 139751
Epoch: 131
Train_acc: 0.3456104651162791
Train_loss: 2.550090789794922
Test_acc: 0.3267412361623616
Global_step: 140826
Epoch: 132
Train_acc: 0.3470348837209302
Train_loss: 2.4066781997680664
Test_acc: 0.3274331180811808
Global_step: 141901
Epoch: 133
Train_acc: 0.35017441860465115
Train_loss: 2.1727893352508545
Test_acc: 0.3278367158671587
Global_step: 142976
Epoch: 134
Train_acc: 0.3494186046511628
Train_loss: 2.2272074222564697
Test_acc: 0.3257034132841328
Global_step: 144051
Epoch: 135
Train_acc: 0.3499418604651163
Train_loss: 2.530613422393799
Test_acc: 0.33025830258302585
Global_step: 145126
Epoch: 136
Train_acc: 0.35104651162790695
Train_loss: 2.51792049407959
Test_acc: 0.33123846863468637
Global_step: 146201
Epoch: 137
Train_acc: 0.3505232558139535
Train_loss: 2.159820795059204
Test_acc: 0.33123846863468637
Global_step: 147276
Epoch: 138
Train_acc: 0.3506395348837209
Train_loss: 2.439143657684326
Test_acc: 0.3278367158671587
Global_step: 148351
Epoch: 139
Train_acc: 0.35020348837209303
Train_loss: 2.937821626663208
Test_acc: 0.32922047970479706
Global_step: 149426
Epoch: 140
Train_acc: 0.35255813953488374
Train_loss: 2.5527031421661377
Test_acc: 0.3304889298892989
Global_step: 150501
Epoch: 141
Train_acc: 0.3520348837209302
Train_loss: 2.4108660221099854
Test_acc: 0.32633763837638374
Global_step: 151576
Epoch: 142
Train_acc: 0.3556104651162791
Train_loss: 2.6140365600585938
Test_acc: 0.33002767527675275
Global_step: 152651
Epoch: 143
Train_acc: 0.35101744186046513
Train_loss: 2.650438070297241
Test_acc: 0.33406365313653136
Global_step: 153726
Epoch: 144
Train_acc: 0.35505813953488374
Train_loss: 2.3448874950408936
Test_acc: 0.33337177121771217
Global_step: 154801
Epoch: 145
Train_acc: 0.3536627906976744
Train_loss: 2.129894971847534
Test_acc: 0.3278367158671587
Global_step: 155876
Epoch: 146
Train_acc: 0.35508720930232557
Train_loss: 2.4708917140960693
Test_acc: 0.338330258302583
Global_step: 156951
Epoch: 147
Train_acc: 0.3529651162790698
Train_loss: 2.6559650897979736
Test_acc: 0.3296240774907749
Global_step: 158026
Epoch: 148
Train_acc: 0.355
Train_loss: 2.490121841430664
Test_acc: 0.3315267527675277
Global_step: 159101
Epoch: 149
Train_acc: 0.3549418604651163
Train_loss: 2.2447454929351807
Test_acc: 0.3301429889298893
Global_step: 160176
Epoch: 150
Train_acc: 0.3561627906976744
Train_loss: 2.7922937870025635
Test_acc: 0.33538976014760147
Global_step: 161251
Epoch: 151
Train_acc: 0.35869186046511625
Train_loss: 2.2060787677764893
Test_acc: 0.33169972324723246
Global_step: 162326
Epoch: 152
Train_acc: 0.3590697674418605
Train_loss: 2.4463086128234863
Test_acc: 0.33377536900369004
Global_step: 163401
Epoch: 153
Train_acc: 0.35691860465116276
Train_loss: 2.2993686199188232
Test_acc: 0.3348131918819188
Global_step: 164476
Epoch: 154
Train_acc: 0.35915697674418606
Train_loss: 2.3682773113250732
Test_acc: 0.33360239852398527
Global_step: 165551
Epoch: 155
Train_acc: 0.35869186046511625
Train_loss: 2.456787109375
Test_acc: 0.3336600553505535
Global_step: 166626
Epoch: 156
Train_acc: 0.3590697674418605
Train_loss: 2.267460584640503
Test_acc: 0.33648523985239853
Global_step: 167701
Epoch: 157
Train_acc: 0.36093023255813955
Train_loss: 2.8164520263671875
Test_acc: 0.33504381918819187
Global_step: 168776
Epoch: 158
Train_acc: 0.35973837209302323
Train_loss: 2.404279947280884
Test_acc: 0.33613929889298894
Global_step: 169851
Epoch: 159
Train_acc: 0.3624418604651163
Train_loss: 2.3685832023620605
Test_acc: 0.3311231549815498
Global_step: 170926
Epoch: 160
Train_acc: 0.36183139534883724
Train_loss: 2.7793588638305664
Test_acc: 0.3371771217712177
Global_step: 172001
Epoch: 161
Train_acc: 0.3627906976744186
Train_loss: 2.549715280532837
Test_acc: 0.338330258302583
Global_step: 173076
Epoch: 162
Train_acc: 0.3633139534883721
Train_loss: 2.5877230167388916
Test_acc: 0.33781134686346864
Global_step: 174151
Epoch: 163
Train_acc: 0.3639825581395349
Train_loss: 2.5930325984954834
Test_acc: 0.3326222324723247
Global_step: 175226
Epoch: 164
Train_acc: 0.36296511627906974
Train_loss: 2.2257626056671143
Test_acc: 0.3395410516605166
Global_step: 176301
Epoch: 165
Train_acc: 0.36415697674418607
Train_loss: 2.1167962551116943
Test_acc: 0.337234778597786
Global_step: 177376
Epoch: 166
Train_acc: 0.36511627906976746
Train_loss: 2.3481674194335938
Test_acc: 0.33446725092250923
Global_step: 178451
Epoch: 167
Train_acc: 0.3665406976744186
Train_loss: 2.1530110836029053
Test_acc: 0.34253920664206644
Global_step: 179526
Epoch: 168
Train_acc: 0.3648837209302326
Train_loss: 2.302537441253662
Test_acc: 0.3386761992619926
Global_step: 180601
Epoch: 169
Train_acc: 0.3649127906976744
Train_loss: 2.3364756107330322
Test_acc: 0.33608164206642066
Global_step: 181676
Epoch: 170
Train_acc: 0.36619186046511626
Train_loss: 2.228194236755371
Test_acc: 0.3314690959409594
Global_step: 182751
Epoch: 171
Train_acc: 0.3656976744186046
Train_loss: 2.408324956893921
Test_acc: 0.3369464944649446
Global_step: 183826
Epoch: 172
Train_acc: 0.3675872093023256
Train_loss: 2.7463161945343018
Test_acc: 0.3356780442804428
Global_step: 184901
Epoch: 173
Train_acc: 0.36619186046511626
Train_loss: 2.1607441902160645
Test_acc: 0.3349861623616236
Global_step: 185976
Epoch: 174
Train_acc: 0.3692151162790698
Train_loss: 1.7780849933624268
Test_acc: 0.3366582103321033
Global_step: 187051
Epoch: 175
Train_acc: 0.36790697674418604
Train_loss: 2.418951988220215
Test_acc: 0.3353321033210332
Global_step: 188126
Epoch: 176
Train_acc: 0.369796511627907
Train_loss: 2.6521084308624268
Test_acc: 0.3305465867158672
Global_step: 189201
Epoch: 177
Train_acc: 0.3698255813953488
Train_loss: 2.3019297122955322
Test_acc: 0.3393104243542435
Global_step: 190276
Epoch: 178
Train_acc: 0.3691860465116279
Train_loss: 2.248398542404175
Test_acc: 0.341789667896679
Global_step: 191351
Epoch: 179
Train_acc: 0.37119186046511626
Train_loss: 2.4545750617980957
Test_acc: 0.34351937269372695
Global_step: 192426
Epoch: 180
Train_acc: 0.37040697674418605
Train_loss: 2.3051555156707764
Test_acc: 0.3360239852398524
Global_step: 193501
Epoch: 181
Train_acc: 0.3688081395348837
Train_loss: 2.231322765350342
Test_acc: 0.33538976014760147
Global_step: 194576
Epoch: 182
Train_acc: 0.3724127906976744
Train_loss: 2.0950891971588135
Test_acc: 0.3440959409594096
Global_step: 195651
Epoch: 183
Train_acc: 0.3724127906976744
Train_loss: 2.1804163455963135
Test_acc: 0.3370618081180812
Global_step: 196726
Epoch: 184
Train_acc: 0.37055232558139534
Train_loss: 2.1472251415252686
Test_acc: 0.34184732472324725
Global_step: 197801
Epoch: 185
Train_acc: 0.3715406976744186
Train_loss: 2.4408340454101562
Test_acc: 0.3393104243542435
Global_step: 198876
nohup: ignoring input
Epoch: 186
Train_acc: 0.3729360465116279
Train_loss: 2.0809412002563477
Test_acc: 0.3389644833948339
Global_step: 199951
Epoch: 187
Train_acc: 0.3809302325581395
Train_loss: 2.5398545265197754
Test_acc: 0.34836254612546125
Global_step: 201026
Epoch: 188
Train_acc: 0.38546511627906976
Train_loss: 1.9962371587753296
Test_acc: 0.34755535055350556
Global_step: 202101
Epoch: 189
Train_acc: 0.3874127906976744
Train_loss: 1.814185380935669
Test_acc: 0.34772832103321033
Global_step: 203176
Epoch: 190
Train_acc: 0.38718023255813955
Train_loss: 2.180518627166748
Test_acc: 0.34686346863468637
Global_step: 204251
Epoch: 191
Train_acc: 0.3870058139534884
Train_loss: 2.662152051925659
Test_acc: 0.34496079335793356
Global_step: 205326
Epoch: 192
Train_acc: 0.39002906976744184
Train_loss: 2.438378095626831
Test_acc: 0.34663284132841327
Global_step: 206401
Epoch: 193
Train_acc: 0.3877906976744186
Train_loss: 2.2546191215515137
Test_acc: 0.3438076568265683
Global_step: 207476
Epoch: 194
Train_acc: 0.38877906976744186
Train_loss: 2.363476514816284
Test_acc: 0.34686346863468637
Global_step: 208551
Epoch: 195
Train_acc: 0.3894476744186047
Train_loss: 2.398026704788208
Test_acc: 0.34790129151291516
Global_step: 209626
Epoch: 196
Train_acc: 0.3886046511627907
Train_loss: 2.170468330383301
Test_acc: 0.3482472324723247
Global_step: 210701
Epoch: 197
Train_acc: 0.38790697674418606
Train_loss: 2.0346896648406982
Test_acc: 0.3502075645756458
Global_step: 211776
Epoch: 198
Train_acc: 0.3885755813953488
Train_loss: 1.9102215766906738
Test_acc: 0.3457679889298893
Global_step: 212851
Epoch: 199
Train_acc: 0.3903197674418605
Train_loss: 2.34073543548584
Test_acc: 0.3472670664206642
Global_step: 213926
Epoch: 200
Train_acc: 0.3913953488372093
Train_loss: 1.6899758577346802
Test_acc: 0.3444418819188192
Global_step: 215001
Epoch: 201
Train_acc: 0.39075581395348835
Train_loss: 2.496739387512207
Test_acc: 0.35101476014760147
Global_step: 216076
Epoch: 202
Train_acc: 0.38915697674418603
Train_loss: 2.6744110584259033
Test_acc: 0.34657518450184505
Global_step: 217151
Epoch: 203
Train_acc: 0.3918023255813953
Train_loss: 2.346876859664917
Test_acc: 0.34449953874538747
Global_step: 218226
Epoch: 204
Train_acc: 0.3896220930232558
Train_loss: 2.3528048992156982
Test_acc: 0.3478436346863469
Global_step: 219301
Epoch: 205
Train_acc: 0.39061046511627906
Train_loss: 2.551027536392212
Test_acc: 0.3487661439114391
Global_step: 220376
Epoch: 206
Train_acc: 0.3908720930232558
Train_loss: 2.5753817558288574
Test_acc: 0.3472670664206642
Global_step: 221451
Epoch: 207
Train_acc: 0.3901744186046512
Train_loss: 2.3237035274505615
Test_acc: 0.3496309963099631
Global_step: 222526
Epoch: 208
Train_acc: 0.38819767441860464
Train_loss: 2.0150043964385986
Test_acc: 0.34922739852398527
Global_step: 223601
Epoch: 209
Train_acc: 0.38982558139534884
Train_loss: 2.2764551639556885
Test_acc: 0.3460562730627306
Global_step: 224676
Epoch: 210
Train_acc: 0.38968023255813955
Train_loss: 2.3037474155426025
Test_acc: 0.35003459409594095
Global_step: 225751
Epoch: 211
Train_acc: 0.39002906976744184
Train_loss: 1.905339241027832
Test_acc: 0.350265221402214
Global_step: 226826
Epoch: 212
Train_acc: 0.3890406976744186
Train_loss: 2.300158739089966
Test_acc: 0.34836254612546125
Global_step: 227901
Epoch: 213
Train_acc: 0.39055232558139535
Train_loss: 3.208590507507324
Test_acc: 0.3474976937269373
Global_step: 228976
Epoch: 214
Train_acc: 0.3893895348837209
Train_loss: 2.145730495452881
Test_acc: 0.3470940959409594
Global_step: 230051
Epoch: 215
Train_acc: 0.38959302325581396
Train_loss: 2.118938684463501
Test_acc: 0.34922739852398527
Global_step: 231126
Epoch: 216
Train_acc: 0.38973837209302326
Train_loss: 2.2714109420776367
Test_acc: 0.3478436346863469
Global_step: 232201
Epoch: 217
Train_acc: 0.39063953488372094
Train_loss: 1.5882971286773682
Test_acc: 0.3499769372693727
Global_step: 233276
Epoch: 218
Train_acc: 0.3902906976744186
Train_loss: 1.9353160858154297
Test_acc: 0.34865083025830257
Global_step: 234351
Epoch: 219
Train_acc: 0.39218023255813955
Train_loss: 2.338348150253296
Test_acc: 0.34421125461254615
Global_step: 235426
Epoch: 220
Train_acc: 0.38883720930232557
Train_loss: 2.4346818923950195
Test_acc: 0.34888145756457567
Global_step: 236501
Epoch: 221
Train_acc: 0.39171511627906974
Train_loss: 2.5869646072387695
Test_acc: 0.3485355166051661
Global_step: 237576
Epoch: 222
Train_acc: 0.39348837209302323
Train_loss: 2.4999778270721436
Test_acc: 0.3474976937269373
Global_step: 238651
Epoch: 223
Train_acc: 0.3892732558139535
Train_loss: 2.4352707862854004
Test_acc: 0.3485931734317343
Global_step: 239726
Epoch: 224
Train_acc: 0.3920058139534884
Train_loss: 2.001023769378662
Test_acc: 0.3471517527675277
Global_step: 240801
Epoch: 225
Train_acc: 0.3927906976744186
Train_loss: 2.249898672103882
Test_acc: 0.3477859778597786
Global_step: 241876
Epoch: 226
Train_acc: 0.3911627906976744
Train_loss: 2.1285293102264404
Test_acc: 0.34634455719557194
Global_step: 242951
Epoch: 227
Train_acc: 0.39241279069767443
Train_loss: 2.2482125759124756
Test_acc: 0.34767066420664205
Global_step: 244026
Epoch: 228
Train_acc: 0.39151162790697674
Train_loss: 2.7965846061706543
Test_acc: 0.3467481549815498
Global_step: 245101
Epoch: 229
Train_acc: 0.3911046511627907
Train_loss: 2.1164638996124268
Test_acc: 0.3471517527675277
Global_step: 246176
Epoch: 230
Train_acc: 0.3916860465116279
Train_loss: 2.3263964653015137
Test_acc: 0.3479589483394834
Global_step: 247251
Epoch: 231
Train_acc: 0.3926162790697674
Train_loss: 2.337707757949829
Test_acc: 0.3502075645756458
Global_step: 248326
Epoch: 232
Train_acc: 0.38997093023255813
Train_loss: 2.3935086727142334
Test_acc: 0.34720940959409596
Global_step: 249401
Epoch: 233
Train_acc: 0.3908139534883721
Train_loss: 2.0361108779907227
Test_acc: 0.34686346863468637
Global_step: 250476
Epoch: 234
Train_acc: 0.38816860465116276
Train_loss: 2.267516613006592
Test_acc: 0.348304889298893
Global_step: 251551
Epoch: 235
Train_acc: 0.39244186046511625
Train_loss: 2.2813262939453125
Test_acc: 0.3506111623616236
Global_step: 252626
Epoch: 236
Train_acc: 0.39156976744186045
Train_loss: 2.2399823665618896
Test_acc: 0.35141835793357934
Global_step: 253701
nohup: ignoring input
Epoch: 237
Train_acc: 0.38703488372093026
Train_loss: 2.5727829933166504
Test_acc: 0.3469211254612546
Global_step: 254776
Epoch: 238
Train_acc: 0.39241279069767443
Train_loss: 2.3386900424957275
Test_acc: 0.34553736162361626
Global_step: 255851
Epoch: 239
Train_acc: 0.39066860465116277
Train_loss: 2.766822576522827
Test_acc: 0.34536439114391143
Global_step: 256926
Epoch: 240
Train_acc: 0.3916279069767442
Train_loss: 2.5095181465148926
Test_acc: 0.34888145756457567
Global_step: 258001
Epoch: 241
Train_acc: 0.3908139534883721
Train_loss: 2.5176448822021484
Test_acc: 0.3494580258302583
Global_step: 259076
Epoch: 242
Train_acc: 0.3919476744186047
Train_loss: 1.8476923704147339
Test_acc: 0.3504958487084871
Global_step: 260151
Epoch: 243
Train_acc: 0.39156976744186045
Train_loss: 2.4274423122406006
Test_acc: 0.3480742619926199
Global_step: 261226
Epoch: 244
Train_acc: 0.391046511627907
Train_loss: 2.7084667682647705
Test_acc: 0.3513030442804428
Global_step: 262301
Epoch: 245
Train_acc: 0.39311046511627906
Train_loss: 2.047811508178711
Test_acc: 0.3469211254612546
Global_step: 263376
Epoch: 246
Train_acc: 0.3925581395348837
Train_loss: 2.087337017059326
Test_acc: 0.3481319188191882
Global_step: 264451
Epoch: 247
Train_acc: 0.39066860465116277
Train_loss: 1.8308055400848389
Test_acc: 0.34790129151291516
Global_step: 265526
Epoch: 248
Train_acc: 0.3903779069767442
Train_loss: 1.918650507926941
Test_acc: 0.35136070110701106
Global_step: 266601
Epoch: 249
Train_acc: 0.3916860465116279
Train_loss: 2.1553778648376465
Test_acc: 0.34628690036900367
Global_step: 267676
Epoch: 250
Train_acc: 0.3920058139534884
Train_loss: 2.9200479984283447
Test_acc: 0.35003459409594095
Global_step: 268751
Epoch: 251
Train_acc: 0.39308139534883724
Train_loss: 2.056746006011963
Test_acc: 0.3499192804428044
Global_step: 269826
Epoch: 252
Train_acc: 0.39328488372093023
Train_loss: 2.1717286109924316
Test_acc: 0.35003459409594095
Global_step: 270901
Epoch: 253
Train_acc: 0.3935174418604651
Train_loss: 2.05271577835083
Test_acc: 0.35066881918819187
Global_step: 271976
Epoch: 254
Train_acc: 0.39299418604651165
Train_loss: 1.9771525859832764
Test_acc: 0.34801660516605165
Global_step: 273051
Epoch: 255
Train_acc: 0.39058139534883723
Train_loss: 2.264904499053955
Test_acc: 0.3502075645756458
Global_step: 274126
Epoch: 256
Train_acc: 0.39244186046511625
Train_loss: 2.277221202850342
Test_acc: 0.3469211254612546
Global_step: 275201
Epoch: 257
Train_acc: 0.39209302325581397
Train_loss: 2.2083005905151367
Test_acc: 0.3502075645756458
Global_step: 276276
Epoch: 258
Train_acc: 0.39348837209302323
Train_loss: 2.2875499725341797
Test_acc: 0.3518219557195572
Global_step: 277351
Epoch: 259
Train_acc: 0.3911046511627907
Train_loss: 2.2220218181610107
Test_acc: 0.3472670664206642
Global_step: 278426
Epoch: 260
Train_acc: 0.39148255813953486
Train_loss: 2.280190944671631
Test_acc: 0.3451337638376384
Global_step: 279501
Epoch: 261
Train_acc: 0.3910174418604651
Train_loss: 1.766667366027832
Test_acc: 0.347440036900369
Global_step: 280576
Epoch: 262
Train_acc: 0.3930232558139535
Train_loss: 1.8467497825622559
Test_acc: 0.34628690036900367
Global_step: 281651
Epoch: 263
Train_acc: 0.39136627906976745
Train_loss: 2.6849937438964844
Test_acc: 0.34905442804428044
Global_step: 282726
Epoch: 264
Train_acc: 0.39459302325581397
Train_loss: 1.911426305770874
Test_acc: 0.3474976937269373
Global_step: 283801
Epoch: 265
Train_acc: 0.3934593023255814
Train_loss: 2.0526187419891357
Test_acc: 0.3514760147601476
Global_step: 284876
Epoch: 266
Train_acc: 0.39151162790697674
Train_loss: 2.3276331424713135
Test_acc: 0.35066881918819187
Global_step: 285951
Epoch: 267
Train_acc: 0.39127906976744187
Train_loss: 2.118117332458496
Test_acc: 0.3525714944649446
Global_step: 287026
Epoch: 268
Train_acc: 0.39299418604651165
Train_loss: 1.6374095678329468
Test_acc: 0.3514760147601476
Global_step: 288101
Epoch: 269
Train_acc: 0.3926744186046512
Train_loss: 1.8716299533843994
Test_acc: 0.3481319188191882
Global_step: 289176
Epoch: 270
Train_acc: 0.3905232558139535
Train_loss: 2.5340704917907715
Test_acc: 0.3499769372693727
Global_step: 290251
Epoch: 271
Train_acc: 0.39226744186046514
Train_loss: 2.1217525005340576
Test_acc: 0.35205258302583026
Global_step: 291326
Epoch: 272
Train_acc: 0.3920348837209302
Train_loss: 2.2495739459991455
Test_acc: 0.34905442804428044
Global_step: 292401
Epoch: 273
Train_acc: 0.39226744186046514
Train_loss: 2.0146396160125732
Test_acc: 0.3481895756457565
Global_step: 293476
Epoch: 274
Train_acc: 0.39322674418604653
Train_loss: 2.081012725830078
Test_acc: 0.35136070110701106
Global_step: 294551
Epoch: 275
Train_acc: 0.39136627906976745
Train_loss: 2.0853071212768555
Test_acc: 0.3503228782287823
Global_step: 295626
Epoch: 276
Train_acc: 0.3920639534883721
Train_loss: 2.153541326522827
Test_acc: 0.3496309963099631
Global_step: 296701
Epoch: 277
Train_acc: 0.3925
Train_loss: 2.066354513168335
Test_acc: 0.34922739852398527
Global_step: 297776
Epoch: 278
Train_acc: 0.3934302325581395
Train_loss: 1.6388128995895386
Test_acc: 0.3494580258302583
Global_step: 298851
Epoch: 279
Train_acc: 0.3933139534883721
Train_loss: 1.8505574464797974
Test_acc: 0.3480742619926199
Global_step: 299926
Epoch: 280
Train_acc: 0.3960755813953488
Train_loss: 2.309046983718872
Test_acc: 0.34738238007380073
Global_step: 301001
Epoch: 281
Train_acc: 0.39386627906976746
Train_loss: 2.1130387783050537
Test_acc: 0.3460562730627306
Global_step: 302076
Epoch: 282
Train_acc: 0.39069767441860465
Train_loss: 2.185347557067871
Test_acc: 0.35211023985239853
Global_step: 303151
Epoch: 283
Train_acc: 0.3947093023255814
Train_loss: 2.1226823329925537
Test_acc: 0.348304889298893
Global_step: 304226
Epoch: 284
Train_acc: 0.3936337209302326
Train_loss: 2.235194683074951
Test_acc: 0.34651752767527677
Global_step: 305301
Epoch: 285
Train_acc: 0.3961046511627907
Train_loss: 2.254727840423584
Test_acc: 0.34934271217712176
Global_step: 306376
Epoch: 286
Train_acc: 0.39325581395348835
Train_loss: 2.0309176445007324
Test_acc: 0.3485931734317343
Global_step: 307451
Epoch: 287
Train_acc: 0.39401162790697675
Train_loss: 2.1184980869293213
Test_acc: 0.34968865313653136
Global_step: 308526
Epoch: 288
Train_acc: 0.3923546511627907
Train_loss: 2.339200019836426
Test_acc: 0.3509571033210332
Global_step: 309601
Epoch: 289
Train_acc: 0.3952906976744186
Train_loss: 1.941821575164795
Test_acc: 0.3485931734317343
Global_step: 310676
Epoch: 290
Train_acc: 0.3941860465116279
Train_loss: 2.0087437629699707
Test_acc: 0.3506111623616236
Global_step: 311751
Epoch: 291
Train_acc: 0.39313953488372094
Train_loss: 2.2275121212005615
Test_acc: 0.35038053505535055
Global_step: 312826
Epoch: 292
Train_acc: 0.3945058139534884
Train_loss: 1.9795377254486084
Test_acc: 0.3470940959409594
Global_step: 313901
Epoch: 293
Train_acc: 0.3945348837209302
Train_loss: 1.5550482273101807
Test_acc: 0.34772832103321033
Global_step: 314976
Epoch: 294
Train_acc: 0.3941860465116279
Train_loss: 2.2332603931427
Test_acc: 0.3505535055350554
Global_step: 316051
Epoch: 295
Train_acc: 0.39401162790697675
Train_loss: 2.110342502593994
Test_acc: 0.3487661439114391
Global_step: 317126
Epoch: 296
Train_acc: 0.39651162790697675
Train_loss: 2.4248709678649902
Test_acc: 0.35003459409594095
Global_step: 318201
Epoch: 297
Train_acc: 0.39549418604651165
Train_loss: 2.3316054344177246
Test_acc: 0.34865083025830257
Global_step: 319276
Epoch: 298
Train_acc: 0.3955232558139535
Train_loss: 2.260929822921753
Test_acc: 0.35066881918819187
Global_step: 320351
Epoch: 299
Train_acc: 0.3938372093023256
Train_loss: 2.3717594146728516
Test_acc: 0.3471517527675277
Global_step: 321426
Epoch: 300
Train_acc: 0.3972093023255814
Train_loss: 2.3671860694885254
Test_acc: 0.3484778597785978
Global_step: 322501
Epoch: 301
Train_acc: 0.3955813953488372
Train_loss: 2.226419448852539
Test_acc: 0.34865083025830257
Global_step: 323576
Epoch: 302
Train_acc: 0.3954360465116279
Train_loss: 1.946842074394226
Test_acc: 0.34686346863468637
Global_step: 324651
Epoch: 303
Train_acc: 0.395
Train_loss: 2.147042989730835
Test_acc: 0.3487661439114391
Global_step: 325726
Epoch: 304
Train_acc: 0.3927616279069767
Train_loss: 2.149552822113037
Test_acc: 0.35003459409594095
Global_step: 326801
Epoch: 305
Train_acc: 0.3946220930232558
Train_loss: 2.074037790298462
Test_acc: 0.34703643911439114
Global_step: 327876
Epoch: 306
Train_acc: 0.39671511627906975
Train_loss: 2.3096578121185303
Test_acc: 0.3488238007380074
Global_step: 328951
Epoch: 307
Train_acc: 0.3926744186046512
Train_loss: 2.342365026473999
Test_acc: 0.3485931734317343
Global_step: 330026
Epoch: 308
Train_acc: 0.3935755813953488
Train_loss: 1.9875043630599976
Test_acc: 0.34790129151291516
Global_step: 331101
Epoch: 309
Train_acc: 0.39648255813953487
Train_loss: 2.4528005123138428
Test_acc: 0.3476130073800738
Global_step: 332176
Epoch: 310
Train_acc: 0.3950581395348837
Train_loss: 2.4780211448669434
Test_acc: 0.3513030442804428
Global_step: 333251
Epoch: 311
Train_acc: 0.39409883720930233
Train_loss: 2.2836735248565674
Test_acc: 0.3457679889298893
Global_step: 334326
Epoch: 312
Train_acc: 0.3938372093023256
Train_loss: 2.1315040588378906
Test_acc: 0.348304889298893
Global_step: 335401
Epoch: 313
Train_acc: 0.3952906976744186
Train_loss: 1.9327346086502075
Test_acc: 0.351130073800738
Global_step: 336476
Epoch: 314
Train_acc: 0.39488372093023255
Train_loss: 2.3839950561523438
Test_acc: 0.35101476014760147
Global_step: 337551
Epoch: 315
Train_acc: 0.3945058139534884
Train_loss: 2.178786516189575
Test_acc: 0.348304889298893
Global_step: 338626
Epoch: 316
Train_acc: 0.3945348837209302
Train_loss: 2.3842649459838867
Test_acc: 0.3461715867158672
Global_step: 339701
Epoch: 317
Train_acc: 0.3951744186046512
Train_loss: 2.0223028659820557
Test_acc: 0.3485931734317343
Global_step: 340776
Epoch: 318
Train_acc: 0.3938372093023256
Train_loss: 2.206338882446289
Test_acc: 0.348304889298893
Global_step: 341851
Epoch: 319
Train_acc: 0.39392441860465116
Train_loss: 2.592301845550537
Test_acc: 0.3481319188191882
Global_step: 342926
Epoch: 320
Train_acc: 0.39247093023255814
Train_loss: 2.228854179382324
Test_acc: 0.3496309963099631
Global_step: 344001
Epoch: 321
Train_acc: 0.39563953488372094
Train_loss: 2.1367108821868896
Test_acc: 0.3484202029520295
Global_step: 345076
Epoch: 322
Train_acc: 0.39540697674418607
Train_loss: 2.293250560760498
Test_acc: 0.3499769372693727
Global_step: 346151
Epoch: 323
Train_acc: 0.39485465116279067
Train_loss: 2.2094292640686035
Test_acc: 0.3512453874538745
Global_step: 347226
Epoch: 324
Train_acc: 0.3940406976744186
Train_loss: 1.8126040697097778
Test_acc: 0.3496309963099631
Global_step: 348301
Epoch: 325
Train_acc: 0.39398255813953487
Train_loss: 1.8408091068267822
Test_acc: 0.34905442804428044
Global_step: 349376
Epoch: 326
Train_acc: 0.39479651162790697
Train_loss: 2.4616687297821045
Test_acc: 0.34703643911439114
Global_step: 350451
Epoch: 327
Train_acc: 0.39563953488372094
Train_loss: 1.8622941970825195
Test_acc: 0.3512453874538745
Global_step: 351526
Epoch: 328
Train_acc: 0.39348837209302323
Train_loss: 2.2437376976013184
Test_acc: 0.35107241697416974
Global_step: 352601
Epoch: 329
Train_acc: 0.3979360465116279
Train_loss: 2.3543293476104736
Test_acc: 0.3477859778597786
Global_step: 353676
Epoch: 330
Train_acc: 0.3947093023255814
Train_loss: 2.4497737884521484
Test_acc: 0.3506111623616236
Global_step: 354751
Epoch: 331
Train_acc: 0.39497093023255814
Train_loss: 2.671544075012207
Test_acc: 0.3506111623616236
Global_step: 355826
Epoch: 332
Train_acc: 0.395203488372093
Train_loss: 2.251291275024414
Test_acc: 0.34790129151291516
Global_step: 356901
Epoch: 333
Train_acc: 0.39218023255813955
Train_loss: 2.0298995971679688
Test_acc: 0.34968865313653136
Global_step: 357976
Epoch: 334
Train_acc: 0.39334302325581394
Train_loss: 2.251152753829956
Test_acc: 0.35205258302583026
Global_step: 359051
Epoch: 335
Train_acc: 0.39485465116279067
Train_loss: 2.453958511352539
Test_acc: 0.3467481549815498
Global_step: 360126
Epoch: 336
Train_acc: 0.39392441860465116
Train_loss: 2.1079118251800537
Test_acc: 0.3514760147601476
Global_step: 361201
Epoch: 337
Train_acc: 0.3938372093023256
Train_loss: 2.1634905338287354
Test_acc: 0.3518796125461255
Global_step: 362276
Epoch: 338
Train_acc: 0.3943895348837209
Train_loss: 2.1981921195983887
Test_acc: 0.3504958487084871
Global_step: 363351
Epoch: 339
Train_acc: 0.3943895348837209
Train_loss: 2.2647690773010254
Test_acc: 0.3474976937269373
Global_step: 364426
Epoch: 340
Train_acc: 0.3966860465116279
Train_loss: 2.268923759460449
Test_acc: 0.3479589483394834
Global_step: 365501
Epoch: 341
Train_acc: 0.39313953488372094
Train_loss: 1.7835103273391724
Test_acc: 0.3505535055350554
Global_step: 366576
Epoch: 342
Train_acc: 0.39372093023255816
Train_loss: 2.656566858291626
Test_acc: 0.34905442804428044
Global_step: 367651
Epoch: 343
Train_acc: 0.39406976744186045
Train_loss: 1.9893951416015625
Test_acc: 0.3506111623616236
Global_step: 368726
Epoch: 344
Train_acc: 0.39645348837209304
Train_loss: 1.8698657751083374
Test_acc: 0.3504381918819188
Global_step: 369801
Epoch: 345
Train_acc: 0.39319767441860465
Train_loss: 2.4414093494415283
Test_acc: 0.349169741697417
Global_step: 370876
Epoch: 346
Train_acc: 0.39563953488372094
Train_loss: 2.498649835586548
Test_acc: 0.350265221402214
Global_step: 371951
Epoch: 347
Train_acc: 0.39723837209302326
Train_loss: 2.791442632675171
Test_acc: 0.352859778597786
Global_step: 373026
Epoch: 348
Train_acc: 0.39540697674418607
Train_loss: 1.9768304824829102
Test_acc: 0.3512453874538745
Global_step: 374101
Epoch: 349
Train_acc: 0.39459302325581397
Train_loss: 2.14267635345459
Test_acc: 0.34767066420664205
Global_step: 375176
Epoch: 350
Train_acc: 0.3959593023255814
Train_loss: 2.163723945617676
Test_acc: 0.3492850553505535
Global_step: 376251
Epoch: 351
Train_acc: 0.39625
Train_loss: 2.1039364337921143
Test_acc: 0.35009225092250923
Global_step: 377326
Epoch: 352
Train_acc: 0.3954360465116279
Train_loss: 2.3462231159210205
Test_acc: 0.3498039667896679
Global_step: 378401
Epoch: 353
Train_acc: 0.3934011627906977
Train_loss: 1.8578375577926636
Test_acc: 0.3533210332103321
Global_step: 379476
Epoch: 354
Train_acc: 0.3944186046511628
Train_loss: 2.1557469367980957
Test_acc: 0.3503228782287823
Global_step: 380551
Epoch: 355
Train_acc: 0.3941860465116279
Train_loss: 2.1244022846221924
Test_acc: 0.3492850553505535
Global_step: 381626
Epoch: 356
Train_acc: 0.39511627906976743
Train_loss: 2.2614998817443848
Test_acc: 0.3518796125461255
Global_step: 382701
Epoch: 357
Train_acc: 0.3950581395348837
Train_loss: 1.940470576286316
Test_acc: 0.3508994464944649
Global_step: 383776
Epoch: 358
Train_acc: 0.3967732558139535
Train_loss: 2.439558506011963
Test_acc: 0.3467481549815498
Global_step: 384851
Epoch: 359
Train_acc: 0.3951744186046512
Train_loss: 2.5405688285827637
Test_acc: 0.3515913284132841
Global_step: 385926
Epoch: 360
Train_acc: 0.3975872093023256
Train_loss: 2.587966203689575
Test_acc: 0.34968865313653136
Global_step: 387001
Epoch: 361
Train_acc: 0.39482558139534885
Train_loss: 2.0882861614227295
Test_acc: 0.3504381918819188
Global_step: 388076
Epoch: 362
Train_acc: 0.39569767441860465
Train_loss: 2.529265880584717
Test_acc: 0.3536093173431734
Global_step: 389151
Epoch: 363
Train_acc: 0.3944186046511628
Train_loss: 2.554630994796753
Test_acc: 0.3484202029520295
Global_step: 390226
Epoch: 364
Train_acc: 0.3960174418604651
Train_loss: 2.4748175144195557
Test_acc: 0.35211023985239853
Global_step: 391301
Epoch: 365
Train_acc: 0.39622093023255817
Train_loss: 1.949170470237732
Test_acc: 0.3504381918819188
Global_step: 392376
Epoch: 366
Train_acc: 0.3940406976744186
Train_loss: 2.1194815635681152
Test_acc: 0.3478436346863469
Global_step: 393451
Epoch: 367
Train_acc: 0.3966860465116279
Train_loss: 2.271061658859253
Test_acc: 0.34968865313653136
Global_step: 394526
Epoch: 368
Train_acc: 0.3959302325581395
Train_loss: 2.526608943939209
Test_acc: 0.3511877306273063
Global_step: 395601
Epoch: 369
Train_acc: 0.39671511627906975
Train_loss: 2.070636749267578
Test_acc: 0.3488238007380074
Global_step: 396676
Epoch: 370
Train_acc: 0.3936627906976744
Train_loss: 1.7472704648971558
Test_acc: 0.34974630996309963
Global_step: 397751
Epoch: 371
Train_acc: 0.3951744186046512
Train_loss: 2.060608386993408
Test_acc: 0.34732472324723246
Global_step: 398826
Epoch: 372
Train_acc: 0.39549418604651165
Train_loss: 1.6718560457229614
Test_acc: 0.3485355166051661
Global_step: 399901
Epoch: 373
Train_acc: 0.3983139534883721
Train_loss: 2.751439332962036
Test_acc: 0.34905442804428044
Global_step: 400976
Epoch: 374
Train_acc: 0.3959593023255814
Train_loss: 2.641603469848633
Test_acc: 0.3523408671586716
Global_step: 402051
Epoch: 375
Train_acc: 0.39375
Train_loss: 1.9470691680908203
Test_acc: 0.3513030442804428
Global_step: 403126
Epoch: 376
Train_acc: 0.39671511627906975
Train_loss: 2.055332899093628
Test_acc: 0.3499769372693727
Global_step: 404201
Epoch: 377
Train_acc: 0.3959593023255814
Train_loss: 2.057318687438965
Test_acc: 0.34899677121771217
Global_step: 405276
Epoch: 378
Train_acc: 0.39747093023255814
Train_loss: 2.4716968536376953
Test_acc: 0.3518796125461255
Global_step: 406351
Epoch: 379
Train_acc: 0.3960174418604651
Train_loss: 2.653005599975586
Test_acc: 0.3496309963099631
Global_step: 407426
Epoch: 380
Train_acc: 0.39718023255813956
Train_loss: 2.6211907863616943
Test_acc: 0.3489391143911439
Global_step: 408501
Epoch: 381
Train_acc: 0.39723837209302326
Train_loss: 2.3171744346618652
Test_acc: 0.3492850553505535
Global_step: 409576
Epoch: 382
Train_acc: 0.3941860465116279
Train_loss: 2.6163136959075928
Test_acc: 0.3509571033210332
Global_step: 410651
Epoch: 383
Train_acc: 0.3966860465116279
Train_loss: 2.4015135765075684
Test_acc: 0.3504958487084871
Global_step: 411726
Epoch: 384
Train_acc: 0.3951744186046512
Train_loss: 1.8757423162460327
Test_acc: 0.3478436346863469
Global_step: 412801
Epoch: 385
Train_acc: 0.3944476744186047
Train_loss: 2.077723503112793
Test_acc: 0.3495156826568266
Global_step: 413876
Epoch: 386
Train_acc: 0.3945348837209302
Train_loss: 2.4697635173797607
Test_acc: 0.3513030442804428
Global_step: 414951
Epoch: 387
Train_acc: 0.39459302325581397
Train_loss: 2.4398677349090576
Test_acc: 0.348304889298893
Global_step: 416026
Epoch: 388
Train_acc: 0.3977325581395349
Train_loss: 2.0362725257873535
Test_acc: 0.3515336715867159
Global_step: 417101
Epoch: 389
Train_acc: 0.39822674418604653
Train_loss: 2.4008798599243164
Test_acc: 0.3470940959409594
Global_step: 418176
Epoch: 390
Train_acc: 0.3958139534883721
Train_loss: 2.112593173980713
Test_acc: 0.3468058118081181
Global_step: 419251
Epoch: 391
Train_acc: 0.39790697674418607
Train_loss: 2.2042064666748047
Test_acc: 0.3508417896678967
Global_step: 420326
Epoch: 392
Train_acc: 0.3926162790697674
Train_loss: 1.924778938293457
Test_acc: 0.3492850553505535
Global_step: 421401
Epoch: 393
Train_acc: 0.39299418604651165
Train_loss: 2.4515798091888428
Test_acc: 0.34870848708487084
Global_step: 422476
Epoch: 394
Train_acc: 0.3952906976744186
Train_loss: 2.4118261337280273
Test_acc: 0.350265221402214
Global_step: 423551
Epoch: 395
Train_acc: 0.3963372093023256
Train_loss: 2.636007308959961
Test_acc: 0.3499769372693727
Global_step: 424626
Epoch: 396
Train_acc: 0.3943313953488372
Train_loss: 2.3330769538879395
Test_acc: 0.3484202029520295
Global_step: 425701
Epoch: 397
Train_acc: 0.3944186046511628
Train_loss: 2.10312819480896
Test_acc: 0.3503228782287823
Global_step: 426776
Epoch: 398
Train_acc: 0.3954360465116279
Train_loss: 1.8565515279769897
Test_acc: 0.35101476014760147
Global_step: 427851
Epoch: 399
Train_acc: 0.39348837209302323
Train_loss: 2.3287065029144287
Test_acc: 0.3504381918819188
Global_step: 428926
Epoch: 400
Train_acc: 0.3950581395348837
Train_loss: 2.311908483505249
Test_acc: 0.3525714944649446
Global_step: 430001
Epoch: 401
Train_acc: 0.39375
Train_loss: 2.3781559467315674
Test_acc: 0.3494580258302583
Global_step: 431076
Epoch: 402
Train_acc: 0.3967732558139535
Train_loss: 2.107856035232544
Test_acc: 0.351130073800738
Global_step: 432151
Epoch: 403
Train_acc: 0.39575581395348836
Train_loss: 2.087298631668091
Test_acc: 0.3484778597785978
Global_step: 433226
Epoch: 404
Train_acc: 0.3950581395348837
Train_loss: 2.0347163677215576
Test_acc: 0.3518796125461255
Global_step: 434301
Epoch: 405
Train_acc: 0.39752906976744184
Train_loss: 2.2241737842559814
Test_acc: 0.3529174354243542
Global_step: 435376
Epoch: 406
Train_acc: 0.3968604651162791
Train_loss: 1.7626808881759644
Test_acc: 0.34772832103321033
Global_step: 436451
Epoch: 407
Train_acc: 0.3946220930232558
Train_loss: 1.5029906034469604
Test_acc: 0.34940036900369004
Global_step: 437526
Epoch: 408
Train_acc: 0.39572674418604653
Train_loss: 2.0817503929138184
Test_acc: 0.34865083025830257
Global_step: 438601
Epoch: 409
Train_acc: 0.39645348837209304
Train_loss: 2.5662896633148193
Test_acc: 0.3481319188191882
Global_step: 439676
Epoch: 410
Train_acc: 0.39627906976744187
Train_loss: 2.227285146713257
Test_acc: 0.3506111623616236
Global_step: 440751
Epoch: 411
Train_acc: 0.3950872093023256
Train_loss: 1.9697543382644653
Test_acc: 0.3504958487084871
Global_step: 441826
Epoch: 412
Train_acc: 0.39563953488372094
Train_loss: 1.8822369575500488
Test_acc: 0.34755535055350556
Global_step: 442901
Epoch: 413
Train_acc: 0.39741279069767443
Train_loss: 2.763934850692749
Test_acc: 0.3485931734317343
Global_step: 443976
Epoch: 414
Train_acc: 0.39575581395348836
Train_loss: 2.4938981533050537
Test_acc: 0.35072647601476015
Global_step: 445051
Epoch: 415
Train_acc: 0.3980813953488372
Train_loss: 2.3113901615142822
Test_acc: 0.3478436346863469
Global_step: 446126
Epoch: 416
Train_acc: 0.39738372093023255
Train_loss: 2.166249990463257
Test_acc: 0.3523408671586716
Global_step: 447201
Epoch: 417
Train_acc: 0.39584302325581394
Train_loss: 2.4634745121002197
Test_acc: 0.35141835793357934
Global_step: 448276
Epoch: 418
Train_acc: 0.3966860465116279
Train_loss: 2.294949531555176
Test_acc: 0.34899677121771217
Global_step: 449351
Epoch: 419
Train_acc: 0.3987209302325581
Train_loss: 2.1962459087371826
Test_acc: 0.35009225092250923
Global_step: 450426
Epoch: 420
Train_acc: 0.39654069767441863
Train_loss: 2.2119338512420654
Test_acc: 0.3489391143911439
Global_step: 451501
Epoch: 421
Train_acc: 0.3979360465116279
Train_loss: 2.2853567600250244
Test_acc: 0.34755535055350556
Global_step: 452576
Epoch: 422
Train_acc: 0.3961627906976744
Train_loss: 2.181896448135376
Test_acc: 0.3508994464944649
Global_step: 453651
Epoch: 423
Train_acc: 0.39622093023255817
Train_loss: 2.2346696853637695
Test_acc: 0.3504958487084871
Global_step: 454726
Epoch: 424
Train_acc: 0.39540697674418607
Train_loss: 1.8332420587539673
Test_acc: 0.3503228782287823
Global_step: 455801
Epoch: 425
Train_acc: 0.39662790697674416
Train_loss: 1.9361317157745361
Test_acc: 0.35170664206642066
Global_step: 456876
Epoch: 426
Train_acc: 0.3946511627906977
Train_loss: 2.239550828933716
Test_acc: 0.35009225092250923
Global_step: 457951
Epoch: 427
Train_acc: 0.3975872093023256
Train_loss: 2.2234725952148438
Test_acc: 0.3515913284132841
Global_step: 459026
Epoch: 428
Train_acc: 0.3986337209302326
Train_loss: 2.2330729961395264
Test_acc: 0.3515336715867159
Global_step: 460101
Epoch: 429
Train_acc: 0.3936627906976744
Train_loss: 1.9113500118255615
Test_acc: 0.3518796125461255
Global_step: 461176
Epoch: 430
Train_acc: 0.39723837209302326
Train_loss: 2.720062255859375
Test_acc: 0.35066881918819187
Global_step: 462251
Epoch: 431
Train_acc: 0.3975
Train_loss: 2.07969331741333
Test_acc: 0.3491120848708487
Global_step: 463326
Epoch: 432
Train_acc: 0.3966860465116279
Train_loss: 2.120704412460327
Test_acc: 0.34922739852398527
Global_step: 464401
Epoch: 433
Train_acc: 0.39744186046511626
Train_loss: 2.6740028858184814
Test_acc: 0.3495733394833948
Global_step: 465476
Epoch: 434
Train_acc: 0.39636627906976746
Train_loss: 2.1204729080200195
Test_acc: 0.3503228782287823
Global_step: 466551
Epoch: 435
Train_acc: 0.39840116279069765
Train_loss: 2.4158055782318115
Test_acc: 0.35239852398523985
Global_step: 467626
Epoch: 436
Train_acc: 0.3986918604651163
Train_loss: 2.6764755249023438
Test_acc: 0.34888145756457567
Global_step: 468701
Epoch: 437
Train_acc: 0.3971511627906977
Train_loss: 2.1776459217071533
Test_acc: 0.34968865313653136
Global_step: 469776
Epoch: 438
Train_acc: 0.39848837209302324
Train_loss: 2.6580638885498047
Test_acc: 0.3504381918819188
Global_step: 470851
Epoch: 439
Train_acc: 0.39636627906976746
Train_loss: 2.453354835510254
Test_acc: 0.3482472324723247
Global_step: 471926
Epoch: 440
Train_acc: 0.39491279069767443
Train_loss: 2.2339208126068115
Test_acc: 0.34940036900369004
Global_step: 473001
Epoch: 441
Train_acc: 0.3970348837209302
Train_loss: 1.7684030532836914
Test_acc: 0.34755535055350556
Global_step: 474076
Epoch: 442
Train_acc: 0.3953779069767442
Train_loss: 2.2166125774383545
Test_acc: 0.3489391143911439
Global_step: 475151
Epoch: 443
Train_acc: 0.39875
Train_loss: 2.097799301147461
Test_acc: 0.35176429889298894
Global_step: 476226
Epoch: 444
Train_acc: 0.39659883720930234
Train_loss: 2.1789610385894775
Test_acc: 0.34663284132841327
Global_step: 477301
Epoch: 445
Train_acc: 0.3963953488372093
Train_loss: 2.3682758808135986
Test_acc: 0.34968865313653136
Global_step: 478376
Epoch: 446
Train_acc: 0.39645348837209304
Train_loss: 2.2760002613067627
Test_acc: 0.34703643911439114
Global_step: 479451
Epoch: 447
Train_acc: 0.39729651162790697
Train_loss: 2.1008951663970947
Test_acc: 0.34755535055350556
Global_step: 480526
Epoch: 448
Train_acc: 0.39895348837209305
Train_loss: 2.017157554626465
Test_acc: 0.3498039667896679
Global_step: 481601
Epoch: 449
Train_acc: 0.3943895348837209
Train_loss: 2.4110543727874756
Test_acc: 0.34940036900369004
Global_step: 482676
Epoch: 450
Train_acc: 0.39747093023255814
Train_loss: 1.9351481199264526
Test_acc: 0.34940036900369004
Global_step: 483751
Epoch: 451
Train_acc: 0.39723837209302326
Train_loss: 2.6730804443359375
Test_acc: 0.3526291512915129
Global_step: 484826
Epoch: 452
Train_acc: 0.3953779069767442
Train_loss: 2.3302206993103027
Test_acc: 0.3492850553505535
Global_step: 485901
Epoch: 453
Train_acc: 0.396046511627907
Train_loss: 2.5903842449188232
Test_acc: 0.35101476014760147
Global_step: 486976
Epoch: 454
Train_acc: 0.3972093023255814
Train_loss: 2.179691791534424
Test_acc: 0.3502075645756458
Global_step: 488051
Epoch: 455
Train_acc: 0.39636627906976746
Train_loss: 2.2320196628570557
Test_acc: 0.35101476014760147
Global_step: 489126
Epoch: 456
Train_acc: 0.39723837209302326
Train_loss: 2.6809892654418945
Test_acc: 0.3491120848708487
Global_step: 490201
Epoch: 457
Train_acc: 0.39729651162790697
Train_loss: 2.276618003845215
Test_acc: 0.3498039667896679
Global_step: 491276
Epoch: 458
Train_acc: 0.3955813953488372
Train_loss: 2.2903101444244385
Test_acc: 0.3491120848708487
Global_step: 492351
Epoch: 459
Train_acc: 0.3987790697674419
Train_loss: 1.8358203172683716
Test_acc: 0.3519372693726937
Global_step: 493426
Epoch: 460
Train_acc: 0.3968604651162791
Train_loss: 2.6348938941955566
Test_acc: 0.3480742619926199
Global_step: 494501
Epoch: 461
Train_acc: 0.39723837209302326
Train_loss: 2.6774466037750244
Test_acc: 0.35107241697416974
Global_step: 495576
Epoch: 462
Train_acc: 0.39395348837209304
Train_loss: 2.603356122970581
Test_acc: 0.35245618081180813
Global_step: 496651
Epoch: 463
Train_acc: 0.3955813953488372
Train_loss: 1.9282358884811401
Test_acc: 0.3485355166051661
Global_step: 497726
Epoch: 464
Train_acc: 0.39816860465116277
Train_loss: 2.50848388671875
Test_acc: 0.3481895756457565
Global_step: 498801
Epoch: 465
Train_acc: 0.39659883720930234
Train_loss: 2.3526346683502197
Test_acc: 0.3496309963099631
Global_step: 499876
Epoch: 466
Train_acc: 0.39598837209302323
Train_loss: 1.9713844060897827
Test_acc: 0.34772832103321033
Global_step: 500951
Epoch: 467
Train_acc: 0.3985755813953488
Train_loss: 2.7968950271606445
Test_acc: 0.3496309963099631
Global_step: 502026
Epoch: 468
Train_acc: 0.3968895348837209
Train_loss: 2.587615489959717
Test_acc: 0.3498039667896679
Global_step: 503101
Epoch: 469
Train_acc: 0.3978197674418605
Train_loss: 2.3377485275268555
Test_acc: 0.3498039667896679
Global_step: 504176
Epoch: 470
Train_acc: 0.3963372093023256
Train_loss: 2.4878153800964355
Test_acc: 0.3485931734317343
Global_step: 505251
Epoch: 471
Train_acc: 0.39584302325581394
Train_loss: 2.1561524868011475
Test_acc: 0.34888145756457567
Global_step: 506326
Epoch: 472
Train_acc: 0.39997093023255814
Train_loss: 2.4963057041168213
Test_acc: 0.34738238007380073
Global_step: 507401
Epoch: 473
Train_acc: 0.39485465116279067
Train_loss: 1.823932409286499
Test_acc: 0.35107241697416974
Global_step: 508476
Epoch: 474
Train_acc: 0.39761627906976743
Train_loss: 2.7732927799224854
Test_acc: 0.34801660516605165
Global_step: 509551
Epoch: 475
Train_acc: 0.39822674418604653
Train_loss: 2.4460794925689697
Test_acc: 0.3492850553505535
Global_step: 510626
Epoch: 476
Train_acc: 0.39822674418604653
Train_loss: 2.2232422828674316
Test_acc: 0.34968865313653136
Global_step: 511701
Epoch: 477
Train_acc: 0.3963953488372093
Train_loss: 2.31720232963562
Test_acc: 0.3548777675276753
Global_step: 512776
Epoch: 478
Train_acc: 0.3994186046511628
Train_loss: 1.867819905281067
Test_acc: 0.3504958487084871
Global_step: 513851
Epoch: 479
Train_acc: 0.39811046511627907
Train_loss: 2.042086601257324
Test_acc: 0.35072647601476015
Global_step: 514926
Epoch: 480
Train_acc: 0.3970348837209302
Train_loss: 2.2808163166046143
Test_acc: 0.3476130073800738
Global_step: 516001
Epoch: 481
Train_acc: 0.3987790697674419
Train_loss: 2.3043651580810547
Test_acc: 0.3489391143911439
Global_step: 517076
Epoch: 482
Train_acc: 0.3985174418604651
Train_loss: 1.9704452753067017
Test_acc: 0.34732472324723246
Global_step: 518151
Epoch: 483
Train_acc: 0.3975
Train_loss: 1.8092656135559082
Test_acc: 0.34634455719557194
Global_step: 519226
Epoch: 484
Train_acc: 0.3993895348837209
Train_loss: 2.138746500015259
Test_acc: 0.34801660516605165
Global_step: 520301
Epoch: 485
Train_acc: 0.3991860465116279
Train_loss: 2.700551748275757
Test_acc: 0.3498039667896679
Global_step: 521376
Epoch: 486
Train_acc: 0.39997093023255814
Train_loss: 2.1304798126220703
Test_acc: 0.3484778597785978
Global_step: 522451
Epoch: 487
Train_acc: 0.39622093023255817
Train_loss: 2.162240505218506
Test_acc: 0.3528021217712177
Global_step: 523526
Epoch: 488
Train_acc: 0.3958139534883721
Train_loss: 2.76046085357666
Test_acc: 0.34968865313653136
Global_step: 524601
Epoch: 489
Train_acc: 0.396046511627907
Train_loss: 1.7177739143371582
Test_acc: 0.3512453874538745
Global_step: 525676
Epoch: 490
Train_acc: 0.3978488372093023
Train_loss: 2.2643861770629883
Test_acc: 0.3521678966789668
Global_step: 526751
Epoch: 491
Train_acc: 0.39761627906976743
Train_loss: 2.274585723876953
Test_acc: 0.34865083025830257
Global_step: 527826
Epoch: 492
Train_acc: 0.4003779069767442
Train_loss: 2.2939305305480957
Test_acc: 0.34870848708487084
Global_step: 528901
Epoch: 493
Train_acc: 0.3983720930232558
Train_loss: 2.0579159259796143
Test_acc: 0.35107241697416974
Global_step: 529976
Epoch: 494
Train_acc: 0.39648255813953487
Train_loss: 2.1301188468933105
Test_acc: 0.3532057195571956
Global_step: 531051
Epoch: 495
Train_acc: 0.3969767441860465
Train_loss: 2.3069815635681152
Test_acc: 0.350265221402214
Global_step: 532126
Epoch: 496
Train_acc: 0.39569767441860465
Train_loss: 2.1101925373077393
Test_acc: 0.34501845018450183
Global_step: 533201
Epoch: 497
Train_acc: 0.3961627906976744
Train_loss: 2.3056278228759766
Test_acc: 0.3499192804428044
Global_step: 534276
Epoch: 498
Train_acc: 0.3968604651162791
Train_loss: 2.3555612564086914
Test_acc: 0.3550507380073801
Global_step: 535351
Epoch: 499
Train_acc: 0.39723837209302326
Train_loss: 1.82064950466156
Test_acc: 0.3496309963099631
Global_step: 536426
Epoch: 500
Train_acc: 0.3993313953488372
Train_loss: 1.9563560485839844
Test_acc: 0.35101476014760147
Global_step: 537501
