nohup: ignoring input
Epoch: 1
Train_acc: 0.17366279069767443
Train_loss: 3.1794328689575195
Test_acc: 0.2091789667896679
Global_step: 1076
Epoch: 2
Train_acc: 0.21424418604651163
Train_loss: 2.9053540229797363
Test_acc: 0.21292666051660517
Global_step: 2151
Epoch: 3
Train_acc: 0.21659883720930231
Train_loss: 3.053745746612549
Test_acc: 0.21765452029520296
Global_step: 3226
Epoch: 4
Train_acc: 0.22055232558139534
Train_loss: 2.752049446105957
Test_acc: 0.2180581180811808
Global_step: 4301
Epoch: 5
Train_acc: 0.2229360465116279
Train_loss: 2.843386650085449
Test_acc: 0.2227859778597786
Global_step: 5376
Epoch: 6
Train_acc: 0.22796511627906976
Train_loss: 2.9917898178100586
Test_acc: 0.22664898523985239
Global_step: 6451
Epoch: 7
Train_acc: 0.23232558139534884
Train_loss: 2.7512471675872803
Test_acc: 0.2318380996309963
Global_step: 7526
Epoch: 8
Train_acc: 0.23665697674418604
Train_loss: 2.950230598449707
